2023-02-10 10:18:24.477 [info] Log level: Info
2023-02-10 10:18:24.477 [info] Validating found git in: "git"
2023-02-10 10:18:24.477 [info] Using git "2.25.1" from "git"
2023-02-10 10:18:24.477 [info] > git rev-parse --show-toplevel [46ms]
2023-02-10 10:18:24.477 [info] fatal: not a git repository (or any of the parent directories): .git
2023-02-10 10:18:24.477 [info] > git rev-parse --show-toplevel [2ms]
2023-02-10 10:18:24.477 [info] > git rev-parse --git-dir --git-common-dir [3ms]
2023-02-10 10:18:24.477 [info] Open repository: /users/hy/wsk-harvest
2023-02-10 10:18:24.477 [info] > git rev-parse --show-toplevel [6ms]
2023-02-10 10:18:24.477 [info] fatal: not a git repository (or any of the parent directories): .git
2023-02-10 10:18:24.477 [info] > git config --get commit.template [6ms]
2023-02-10 10:18:24.477 [info] > git rev-parse --show-toplevel [2ms]
2023-02-10 10:18:24.477 [info] fatal: not a git repository (or any of the parent directories): .git
2023-02-10 10:18:24.477 [info] > git for-each-ref --format=%(refname)%00%(upstream:short)%00%(objectname)%00%(upstream:track)%00%(upstream:remotename)%00%(upstream:remoteref) refs/heads/main refs/remotes/main [2ms]
2023-02-10 10:18:24.477 [info] > git rev-parse --show-toplevel [18ms]
2023-02-10 10:18:24.477 [info] fatal: not a git repository (or any of the parent directories): .git
2023-02-10 10:18:24.477 [info] > git status -z -uall [15ms]
2023-02-10 10:18:24.477 [info] > git for-each-ref --sort -committerdate --format %(refname) %(objectname) %(*objectname) [8ms]
2023-02-10 10:18:24.477 [info] > git rev-parse --show-toplevel [20ms]
2023-02-10 10:18:24.477 [info] fatal: not a git repository (or any of the parent directories): .git
2023-02-10 10:18:24.477 [info] > git config --get commit.template [3ms]
2023-02-10 10:18:24.477 [info] > git rev-parse --show-toplevel [7ms]
2023-02-10 10:18:24.477 [info] fatal: not a git repository (or any of the parent directories): .git
2023-02-10 10:18:24.477 [info] > git rev-parse --show-toplevel [6ms]
2023-02-10 10:18:24.477 [info] fatal: not a git repository (or any of the parent directories): .git
2023-02-10 10:18:24.477 [info] > git for-each-ref --format=%(refname)%00%(upstream:short)%00%(objectname)%00%(upstream:track)%00%(upstream:remotename)%00%(upstream:remoteref) refs/heads/main refs/remotes/main [18ms]
2023-02-10 10:18:24.477 [info] > git status -z -uall [66ms]
2023-02-10 10:18:24.477 [info] > git for-each-ref --sort -committerdate --format %(refname) %(objectname) %(*objectname) [58ms]
2023-02-10 10:18:24.477 [info] > git rev-parse --show-toplevel [95ms]
2023-02-10 10:18:24.477 [info] fatal: not a git repository (or any of the parent directories): .git
2023-02-10 10:18:24.477 [info] > git rev-parse --show-toplevel [3ms]
2023-02-10 10:18:24.477 [info] fatal: not a git repository (or any of the parent directories): .git
2023-02-10 10:18:24.477 [info] > git rev-parse --show-toplevel [1ms]
2023-02-10 10:18:24.477 [info] fatal: not a git repository (or any of the parent directories): .git
2023-02-10 10:18:24.477 [info] > git rev-parse --show-toplevel [1ms]
2023-02-10 10:18:24.477 [info] > git rev-parse --git-dir --git-common-dir [2ms]
2023-02-10 10:18:24.477 [info] Open repository: /users/hy/openwhisk-catalog
2023-02-10 10:18:24.478 [info] > git config --get commit.template [7ms]
2023-02-10 10:18:24.478 [info] > git for-each-ref --format=%(refname)%00%(upstream:short)%00%(objectname)%00%(upstream:track)%00%(upstream:remotename)%00%(upstream:remoteref) refs/heads/master refs/remotes/master [1ms]
2023-02-10 10:18:24.478 [info] > git status -z -uall [51ms]
2023-02-10 10:18:24.478 [info] > git for-each-ref --sort -committerdate --format %(refname) %(objectname) %(*objectname) [46ms]
2023-02-10 10:18:24.478 [info] > git rev-parse --show-toplevel [3ms]
2023-02-10 10:18:24.478 [info] fatal: not a git repository (or any of the parent directories): .git
2023-02-10 10:18:24.478 [info] > git show --textconv :workloads/compositions/sequential.json [5ms]
2023-02-10 10:18:24.478 [info] > git ls-files --stage -- /users/hy/wsk-harvest/workloads/compositions/sequential.json [1ms]
2023-02-10 10:18:25.418 [info] > git check-ignore -v -z --stdin [9ms]
2023-02-10 10:18:25.421 [info] > git check-ignore -v -z --stdin [5ms]
2023-02-10 10:18:30.991 [info] > git check-ignore -v -z --stdin [12ms]
2023-02-10 10:18:30.992 [info] > git show --textconv :workloads/compositions/serial.json [8ms]
2023-02-10 10:18:30.993 [info] > git ls-files --stage -- /users/hy/wsk-harvest/workloads/compositions/serial.json [2ms]
2023-02-10 10:18:31.421 [info] > git config --get commit.template [6ms]
2023-02-10 10:18:31.422 [info] > git for-each-ref --format=%(refname)%00%(upstream:short)%00%(objectname)%00%(upstream:track)%00%(upstream:remotename)%00%(upstream:remoteref) refs/heads/main refs/remotes/main [2ms]
2023-02-10 10:18:31.435 [info] > git for-each-ref --sort -committerdate --format %(refname) %(objectname) %(*objectname) [2ms]
2023-02-10 10:18:31.443 [info] > git status -z -uall [16ms]
2023-02-10 10:18:34.271 [info] > git show --textconv :workloads/compositions/branching.js [8ms]
2023-02-10 10:18:34.273 [info] > git ls-files --stage -- /users/hy/wsk-harvest/workloads/compositions/branching.js [3ms]
2023-02-10 10:18:55.113 [info] > git check-ignore -v -z --stdin [3ms]
2023-02-10 10:18:55.124 [info] > git show --textconv :workloads/compositions/serial.js [6ms]
2023-02-10 10:18:55.125 [info] > git ls-files --stage -- /users/hy/wsk-harvest/workloads/compositions/serial.js [2ms]
2023-02-10 10:18:55.494 [info] > git config --get commit.template [6ms]
2023-02-10 10:18:55.494 [info] > git for-each-ref --format=%(refname)%00%(upstream:short)%00%(objectname)%00%(upstream:track)%00%(upstream:remotename)%00%(upstream:remoteref) refs/heads/main refs/remotes/main [2ms]
2023-02-10 10:18:55.506 [info] > git for-each-ref --sort -committerdate --format %(refname) %(objectname) %(*objectname) [1ms]
2023-02-10 10:18:55.513 [info] > git status -z -uall [15ms]
2023-02-10 10:26:14.421 [info] > git config --get commit.template [7ms]
2023-02-10 10:26:14.422 [info] > git for-each-ref --format=%(refname)%00%(upstream:short)%00%(objectname)%00%(upstream:track)%00%(upstream:remotename)%00%(upstream:remoteref) refs/heads/main refs/remotes/main [2ms]
2023-02-10 10:26:14.435 [info] > git for-each-ref --sort -committerdate --format %(refname) %(objectname) %(*objectname) [1ms]
2023-02-10 10:26:14.441 [info] > git status -z -uall [13ms]
2023-02-10 10:31:14.818 [info] > git config --get commit.template [4ms]
2023-02-10 10:31:14.818 [info] > git for-each-ref --format=%(refname)%00%(upstream:short)%00%(objectname)%00%(upstream:track)%00%(upstream:remotename)%00%(upstream:remoteref) refs/heads/main refs/remotes/main [1ms]
2023-02-10 10:31:14.830 [info] > git for-each-ref --sort -committerdate --format %(refname) %(objectname) %(*objectname) [1ms]
2023-02-10 10:31:14.839 [info] > git status -z -uall [16ms]
2023-02-10 10:36:11.171 [info] > git config --get commit.template [1ms]
2023-02-10 10:36:11.177 [info] > git for-each-ref --format=%(refname)%00%(upstream:short)%00%(objectname)%00%(upstream:track)%00%(upstream:remotename)%00%(upstream:remoteref) refs/heads/main refs/remotes/main [2ms]
2023-02-10 10:36:11.194 [info] > git for-each-ref --sort -committerdate --format %(refname) %(objectname) %(*objectname) [2ms]
2023-02-10 10:36:11.197 [info] > git status -z -uall [14ms]
2023-02-10 10:44:05.459 [info] > git check-ignore -v -z --stdin [2ms]
2023-02-10 10:44:05.474 [info] > git show --textconv :workloads/compositions/parallel.js [6ms]
2023-02-10 10:44:05.476 [info] > git ls-files --stage -- /users/hy/wsk-harvest/workloads/compositions/parallel.js [2ms]
2023-02-10 10:44:05.846 [info] > git config --get commit.template [6ms]
2023-02-10 10:44:05.846 [info] > git for-each-ref --format=%(refname)%00%(upstream:short)%00%(objectname)%00%(upstream:track)%00%(upstream:remotename)%00%(upstream:remoteref) refs/heads/main refs/remotes/main [1ms]
2023-02-10 10:44:05.859 [info] > git for-each-ref --sort -committerdate --format %(refname) %(objectname) %(*objectname) [2ms]
2023-02-10 10:44:05.866 [info] > git status -z -uall [15ms]
2023-02-10 10:45:31.168 [info] > git config --get commit.template [9ms]
2023-02-10 10:45:31.169 [info] > git for-each-ref --format=%(refname)%00%(upstream:short)%00%(objectname)%00%(upstream:track)%00%(upstream:remotename)%00%(upstream:remoteref) refs/heads/main refs/remotes/main [2ms]
2023-02-10 10:45:31.183 [info] > git for-each-ref --sort -committerdate --format %(refname) %(objectname) %(*objectname) [1ms]
2023-02-10 10:45:31.191 [info] > git status -z -uall [17ms]
2023-02-10 10:46:19.716 [info] > git check-ignore -v -z --stdin [3ms]
2023-02-10 10:47:05.297 [info] > git config --get commit.template [6ms]
2023-02-10 10:47:05.298 [info] > git for-each-ref --format=%(refname)%00%(upstream:short)%00%(objectname)%00%(upstream:track)%00%(upstream:remotename)%00%(upstream:remoteref) refs/heads/main refs/remotes/main [1ms]
2023-02-10 10:47:05.311 [info] > git for-each-ref --sort -committerdate --format %(refname) %(objectname) %(*objectname) [2ms]
2023-02-10 10:47:05.319 [info] > git status -z -uall [16ms]
2023-02-10 10:49:54.833 [info] > git config --get commit.template [5ms]
2023-02-10 10:49:54.833 [info] > git for-each-ref --format=%(refname)%00%(upstream:short)%00%(objectname)%00%(upstream:track)%00%(upstream:remotename)%00%(upstream:remoteref) refs/heads/main refs/remotes/main [1ms]
2023-02-10 10:49:54.846 [info] > git for-each-ref --sort -committerdate --format %(refname) %(objectname) %(*objectname) [2ms]
2023-02-10 10:49:54.854 [info] > git status -z -uall [15ms]
2023-02-10 10:51:22.004 [info] > git config --get commit.template [7ms]
2023-02-10 10:51:22.005 [info] > git for-each-ref --format=%(refname)%00%(upstream:short)%00%(objectname)%00%(upstream:track)%00%(upstream:remotename)%00%(upstream:remoteref) refs/heads/main refs/remotes/main [2ms]
2023-02-10 10:51:22.018 [info] > git for-each-ref --sort -committerdate --format %(refname) %(objectname) %(*objectname) [2ms]
2023-02-10 10:51:22.024 [info] > git status -z -uall [14ms]
2023-02-10 10:51:49.779 [info] > git config --get commit.template [3ms]
2023-02-10 10:51:49.786 [info] > git for-each-ref --format=%(refname)%00%(upstream:short)%00%(objectname)%00%(upstream:track)%00%(upstream:remotename)%00%(upstream:remoteref) refs/heads/main refs/remotes/main [2ms]
2023-02-10 10:51:49.798 [info] > git for-each-ref --sort -committerdate --format %(refname) %(objectname) %(*objectname) [1ms]
2023-02-10 10:51:49.805 [info] > git status -z -uall [14ms]
2023-02-10 10:52:08.834 [info] > git config --get commit.template [6ms]
2023-02-10 10:52:08.834 [info] > git for-each-ref --format=%(refname)%00%(upstream:short)%00%(objectname)%00%(upstream:track)%00%(upstream:remotename)%00%(upstream:remoteref) refs/heads/main refs/remotes/main [2ms]
2023-02-10 10:52:08.846 [info] > git for-each-ref --sort -committerdate --format %(refname) %(objectname) %(*objectname) [1ms]
2023-02-10 10:52:08.854 [info] > git status -z -uall [15ms]
2023-02-10 10:55:15.478 [info] > git config --get commit.template [6ms]
2023-02-10 10:55:15.479 [info] > git for-each-ref --format=%(refname)%00%(upstream:short)%00%(objectname)%00%(upstream:track)%00%(upstream:remotename)%00%(upstream:remoteref) refs/heads/main refs/remotes/main [2ms]
2023-02-10 10:55:15.492 [info] > git for-each-ref --sort -committerdate --format %(refname) %(objectname) %(*objectname) [1ms]
2023-02-10 10:55:15.498 [info] > git status -z -uall [14ms]
2023-02-10 11:01:05.220 [info] > git config --get commit.template [6ms]
2023-02-10 11:01:05.221 [info] > git for-each-ref --format=%(refname)%00%(upstream:short)%00%(objectname)%00%(upstream:track)%00%(upstream:remotename)%00%(upstream:remoteref) refs/heads/main refs/remotes/main [1ms]
2023-02-10 11:01:05.233 [info] > git for-each-ref --sort -committerdate --format %(refname) %(objectname) %(*objectname) [2ms]
2023-02-10 11:01:05.239 [info] > git status -z -uall [13ms]
2023-02-10 11:02:50.791 [info] > git config --get commit.template [6ms]
2023-02-10 11:02:50.792 [info] > git for-each-ref --format=%(refname)%00%(upstream:short)%00%(objectname)%00%(upstream:track)%00%(upstream:remotename)%00%(upstream:remoteref) refs/heads/main refs/remotes/main [1ms]
2023-02-10 11:02:50.806 [info] > git for-each-ref --sort -committerdate --format %(refname) %(objectname) %(*objectname) [2ms]
2023-02-10 11:02:50.814 [info] > git status -z -uall [16ms]
2023-02-10 11:03:44.489 [info] > git config --get commit.template [2ms]
2023-02-10 11:03:44.497 [info] > git for-each-ref --format=%(refname)%00%(upstream:short)%00%(objectname)%00%(upstream:track)%00%(upstream:remotename)%00%(upstream:remoteref) refs/heads/main refs/remotes/main [1ms]
2023-02-10 11:03:44.508 [info] > git for-each-ref --sort -committerdate --format %(refname) %(objectname) %(*objectname) [1ms]
2023-02-10 11:03:44.517 [info] > git status -z -uall [16ms]
2023-02-10 11:06:48.414 [info] > git config --get commit.template [6ms]
2023-02-10 11:06:48.414 [info] > git for-each-ref --format=%(refname)%00%(upstream:short)%00%(objectname)%00%(upstream:track)%00%(upstream:remotename)%00%(upstream:remoteref) refs/heads/main refs/remotes/main [1ms]
2023-02-10 11:06:48.427 [info] > git for-each-ref --sort -committerdate --format %(refname) %(objectname) %(*objectname) [1ms]
2023-02-10 11:06:48.436 [info] > git status -z -uall [16ms]
2023-02-10 11:06:53.463 [info] > git config --get commit.template [7ms]
2023-02-10 11:06:53.464 [info] > git for-each-ref --format=%(refname)%00%(upstream:short)%00%(objectname)%00%(upstream:track)%00%(upstream:remotename)%00%(upstream:remoteref) refs/heads/main refs/remotes/main [1ms]
2023-02-10 11:06:53.474 [info] > git for-each-ref --sort -committerdate --format %(refname) %(objectname) %(*objectname) [1ms]
2023-02-10 11:06:53.484 [info] > git status -z -uall [16ms]
2023-02-10 11:11:43.381 [info] > git config --get commit.template [7ms]
2023-02-10 11:11:43.382 [info] > git for-each-ref --format=%(refname)%00%(upstream:short)%00%(objectname)%00%(upstream:track)%00%(upstream:remotename)%00%(upstream:remoteref) refs/heads/main refs/remotes/main [2ms]
2023-02-10 11:11:43.393 [info] > git for-each-ref --sort -committerdate --format %(refname) %(objectname) %(*objectname) [2ms]
2023-02-10 11:11:43.403 [info] > git status -z -uall [17ms]
2023-02-10 11:15:14.733 [info] > git config --get commit.template [6ms]
2023-02-10 11:15:14.733 [info] > git for-each-ref --format=%(refname)%00%(upstream:short)%00%(objectname)%00%(upstream:track)%00%(upstream:remotename)%00%(upstream:remoteref) refs/heads/main refs/remotes/main [2ms]
2023-02-10 11:15:14.748 [info] > git for-each-ref --sort -committerdate --format %(refname) %(objectname) %(*objectname) [1ms]
2023-02-10 11:15:14.755 [info] > git status -z -uall [15ms]
2023-02-10 11:16:54.492 [info] > git config --get commit.template [6ms]
2023-02-10 11:16:54.493 [info] > git for-each-ref --format=%(refname)%00%(upstream:short)%00%(objectname)%00%(upstream:track)%00%(upstream:remotename)%00%(upstream:remoteref) refs/heads/main refs/remotes/main [1ms]
2023-02-10 11:16:54.505 [info] > git for-each-ref --sort -committerdate --format %(refname) %(objectname) %(*objectname) [1ms]
2023-02-10 11:16:54.514 [info] > git status -z -uall [16ms]
2023-02-10 11:17:34.412 [info] > git config --get commit.template [7ms]
2023-02-10 11:17:34.412 [info] > git for-each-ref --format=%(refname)%00%(upstream:short)%00%(objectname)%00%(upstream:track)%00%(upstream:remotename)%00%(upstream:remoteref) refs/heads/main refs/remotes/main [1ms]
2023-02-10 11:17:34.426 [info] > git for-each-ref --sort -committerdate --format %(refname) %(objectname) %(*objectname) [2ms]
2023-02-10 11:17:34.433 [info] > git status -z -uall [14ms]
2023-02-10 11:17:39.460 [info] > git config --get commit.template [8ms]
2023-02-10 11:17:39.460 [info] > git for-each-ref --format=%(refname)%00%(upstream:short)%00%(objectname)%00%(upstream:track)%00%(upstream:remotename)%00%(upstream:remoteref) refs/heads/main refs/remotes/main [1ms]
2023-02-10 11:17:39.472 [info] > git for-each-ref --sort -committerdate --format %(refname) %(objectname) %(*objectname) [1ms]
2023-02-10 11:17:39.479 [info] > git status -z -uall [14ms]
2023-02-10 11:17:40.129 [info] > git check-ignore -v -z --stdin [2ms]
2023-02-10 11:17:40.178 [info] > git show --textconv :workloads/compositions/example.js [6ms]
2023-02-10 11:17:40.179 [info] > git ls-files --stage -- /users/hy/wsk-harvest/workloads/compositions/example.js [2ms]
2023-02-10 11:17:44.991 [info] > git check-ignore -v -z --stdin [3ms]
2023-02-10 11:17:45.388 [info] > git config --get commit.template [6ms]
2023-02-10 11:17:45.389 [info] > git for-each-ref --format=%(refname)%00%(upstream:short)%00%(objectname)%00%(upstream:track)%00%(upstream:remotename)%00%(upstream:remoteref) refs/heads/main refs/remotes/main [1ms]
2023-02-10 11:17:45.402 [info] > git for-each-ref --sort -committerdate --format %(refname) %(objectname) %(*objectname) [2ms]
2023-02-10 11:17:45.408 [info] > git status -z -uall [14ms]
2023-02-10 11:18:26.275 [info] > git config --get commit.template [6ms]
2023-02-10 11:18:26.275 [info] > git for-each-ref --format=%(refname)%00%(upstream:short)%00%(objectname)%00%(upstream:track)%00%(upstream:remotename)%00%(upstream:remoteref) refs/heads/main refs/remotes/main [1ms]
2023-02-10 11:18:26.288 [info] > git for-each-ref --sort -committerdate --format %(refname) %(objectname) %(*objectname) [1ms]
2023-02-10 11:18:26.295 [info] > git status -z -uall [14ms]
2023-02-10 11:18:32.447 [info] > git show --textconv :workloads/compositions/branching.js [6ms]
2023-02-10 11:18:32.448 [info] > git ls-files --stage -- /users/hy/wsk-harvest/workloads/compositions/branching.js [1ms]
2023-02-10 11:18:32.849 [info] > git config --get commit.template [6ms]
2023-02-10 11:18:32.849 [info] > git for-each-ref --format=%(refname)%00%(upstream:short)%00%(objectname)%00%(upstream:track)%00%(upstream:remotename)%00%(upstream:remoteref) refs/heads/main refs/remotes/main [1ms]
2023-02-10 11:18:32.862 [info] > git for-each-ref --sort -committerdate --format %(refname) %(objectname) %(*objectname) [2ms]
2023-02-10 11:18:32.869 [info] > git status -z -uall [15ms]
2023-02-10 11:19:24.482 [info] > git config --get commit.template [7ms]
2023-02-10 11:19:24.483 [info] > git for-each-ref --format=%(refname)%00%(upstream:short)%00%(objectname)%00%(upstream:track)%00%(upstream:remotename)%00%(upstream:remoteref) refs/heads/main refs/remotes/main [2ms]
2023-02-10 11:19:24.494 [info] > git for-each-ref --sort -committerdate --format %(refname) %(objectname) %(*objectname) [2ms]
2023-02-10 11:19:24.503 [info] > git status -z -uall [16ms]
2023-02-10 11:19:29.529 [info] > git config --get commit.template [6ms]
2023-02-10 11:19:29.529 [info] > git for-each-ref --format=%(refname)%00%(upstream:short)%00%(objectname)%00%(upstream:track)%00%(upstream:remotename)%00%(upstream:remoteref) refs/heads/main refs/remotes/main [1ms]
2023-02-10 11:19:29.542 [info] > git for-each-ref --sort -committerdate --format %(refname) %(objectname) %(*objectname) [2ms]
2023-02-10 11:19:29.549 [info] > git status -z -uall [14ms]
2023-02-10 11:21:21.964 [info] > git config --get commit.template [7ms]
2023-02-10 11:21:21.965 [info] > git for-each-ref --format=%(refname)%00%(upstream:short)%00%(objectname)%00%(upstream:track)%00%(upstream:remotename)%00%(upstream:remoteref) refs/heads/main refs/remotes/main [1ms]
2023-02-10 11:21:21.977 [info] > git for-each-ref --sort -committerdate --format %(refname) %(objectname) %(*objectname) [1ms]
2023-02-10 11:21:21.984 [info] > git status -z -uall [14ms]
2023-02-10 11:21:27.008 [info] > git config --get commit.template [6ms]
2023-02-10 11:21:27.009 [info] > git for-each-ref --format=%(refname)%00%(upstream:short)%00%(objectname)%00%(upstream:track)%00%(upstream:remotename)%00%(upstream:remoteref) refs/heads/main refs/remotes/main [2ms]
2023-02-10 11:21:27.022 [info] > git for-each-ref --sort -committerdate --format %(refname) %(objectname) %(*objectname) [2ms]
2023-02-10 11:21:27.029 [info] > git status -z -uall [15ms]
2023-02-10 11:22:15.469 [info] > git config --get commit.template [6ms]
2023-02-10 11:22:15.470 [info] > git for-each-ref --format=%(refname)%00%(upstream:short)%00%(objectname)%00%(upstream:track)%00%(upstream:remotename)%00%(upstream:remoteref) refs/heads/main refs/remotes/main [1ms]
2023-02-10 11:22:15.485 [info] > git for-each-ref --sort -committerdate --format %(refname) %(objectname) %(*objectname) [3ms]
2023-02-10 11:22:15.491 [info] > git status -z -uall [15ms]
2023-02-10 11:22:20.516 [info] > git config --get commit.template [6ms]
2023-02-10 11:22:20.517 [info] > git for-each-ref --format=%(refname)%00%(upstream:short)%00%(objectname)%00%(upstream:track)%00%(upstream:remotename)%00%(upstream:remoteref) refs/heads/main refs/remotes/main [1ms]
2023-02-10 11:22:20.528 [info] > git for-each-ref --sort -committerdate --format %(refname) %(objectname) %(*objectname) [1ms]
2023-02-10 11:22:20.536 [info] > git status -z -uall [15ms]
2023-02-10 11:22:55.632 [info] > git config --get commit.template [6ms]
2023-02-10 11:22:55.632 [info] > git for-each-ref --format=%(refname)%00%(upstream:short)%00%(objectname)%00%(upstream:track)%00%(upstream:remotename)%00%(upstream:remoteref) refs/heads/main refs/remotes/main [1ms]
2023-02-10 11:22:55.646 [info] > git for-each-ref --sort -committerdate --format %(refname) %(objectname) %(*objectname) [2ms]
2023-02-10 11:22:55.654 [info] > git status -z -uall [16ms]
2023-02-10 11:23:00.675 [info] > git config --get commit.template [1ms]
2023-02-10 11:23:00.683 [info] > git for-each-ref --format=%(refname)%00%(upstream:short)%00%(objectname)%00%(upstream:track)%00%(upstream:remotename)%00%(upstream:remoteref) refs/heads/main refs/remotes/main [2ms]
2023-02-10 11:23:00.695 [info] > git for-each-ref --sort -committerdate --format %(refname) %(objectname) %(*objectname) [1ms]
2023-02-10 11:23:00.702 [info] > git status -z -uall [14ms]
2023-02-10 11:23:05.729 [info] > git config --get commit.template [5ms]
2023-02-10 11:23:05.729 [info] > git for-each-ref --format=%(refname)%00%(upstream:short)%00%(objectname)%00%(upstream:track)%00%(upstream:remotename)%00%(upstream:remoteref) refs/heads/main refs/remotes/main [1ms]
2023-02-10 11:23:05.742 [info] > git for-each-ref --sort -committerdate --format %(refname) %(objectname) %(*objectname) [1ms]
2023-02-10 11:23:05.750 [info] > git status -z -uall [16ms]
2023-02-10 11:24:41.149 [info] > git config --get commit.template [6ms]
2023-02-10 11:24:41.149 [info] > git for-each-ref --format=%(refname)%00%(upstream:short)%00%(objectname)%00%(upstream:track)%00%(upstream:remotename)%00%(upstream:remoteref) refs/heads/main refs/remotes/main [1ms]
2023-02-10 11:24:41.163 [info] > git for-each-ref --sort -committerdate --format %(refname) %(objectname) %(*objectname) [3ms]
2023-02-10 11:24:41.169 [info] > git status -z -uall [14ms]
2023-02-10 11:24:46.188 [info] > git config --get commit.template [5ms]
2023-02-10 11:24:46.188 [info] > git for-each-ref --format=%(refname)%00%(upstream:short)%00%(objectname)%00%(upstream:track)%00%(upstream:remotename)%00%(upstream:remoteref) refs/heads/main refs/remotes/main [1ms]
2023-02-10 11:24:46.200 [info] > git for-each-ref --sort -committerdate --format %(refname) %(objectname) %(*objectname) [2ms]
2023-02-10 11:24:46.208 [info] > git status -z -uall [15ms]
2023-02-10 11:25:36.275 [info] > git config --get commit.template [5ms]
2023-02-10 11:25:36.275 [info] > git for-each-ref --format=%(refname)%00%(upstream:short)%00%(objectname)%00%(upstream:track)%00%(upstream:remotename)%00%(upstream:remoteref) refs/heads/main refs/remotes/main [1ms]
2023-02-10 11:25:36.286 [info] > git for-each-ref --sort -committerdate --format %(refname) %(objectname) %(*objectname) [1ms]
2023-02-10 11:25:36.293 [info] > git status -z -uall [14ms]
2023-02-10 11:25:41.320 [info] > git config --get commit.template [8ms]
2023-02-10 11:25:41.321 [info] > git for-each-ref --format=%(refname)%00%(upstream:short)%00%(objectname)%00%(upstream:track)%00%(upstream:remotename)%00%(upstream:remoteref) refs/heads/main refs/remotes/main [1ms]
2023-02-10 11:25:41.334 [info] > git for-each-ref --sort -committerdate --format %(refname) %(objectname) %(*objectname) [2ms]
2023-02-10 11:25:41.343 [info] > git status -z -uall [17ms]
2023-02-10 11:25:55.955 [info] > git config --get commit.template [2ms]
2023-02-10 11:25:55.961 [info] > git for-each-ref --format=%(refname)%00%(upstream:short)%00%(objectname)%00%(upstream:track)%00%(upstream:remotename)%00%(upstream:remoteref) refs/heads/main refs/remotes/main [2ms]
2023-02-10 11:25:55.977 [info] > git for-each-ref --sort -committerdate --format %(refname) %(objectname) %(*objectname) [2ms]
2023-02-10 11:25:55.983 [info] > git status -z -uall [17ms]
2023-02-10 11:25:56.637 [info] > git show --textconv :workloads/compositions/parallel.json [6ms]
2023-02-10 11:25:56.638 [info] > git ls-files --stage -- /users/hy/wsk-harvest/workloads/compositions/parallel.json [2ms]
2023-02-10 11:26:01.011 [info] > git config --get commit.template [8ms]
2023-02-10 11:26:01.012 [info] > git for-each-ref --format=%(refname)%00%(upstream:short)%00%(objectname)%00%(upstream:track)%00%(upstream:remotename)%00%(upstream:remoteref) refs/heads/main refs/remotes/main [1ms]
2023-02-10 11:26:01.023 [info] > git for-each-ref --sort -committerdate --format %(refname) %(objectname) %(*objectname) [1ms]
2023-02-10 11:26:01.031 [info] > git status -z -uall [15ms]
2023-02-10 11:26:22.326 [info] > git config --get commit.template [6ms]
2023-02-10 11:26:22.327 [info] > git for-each-ref --format=%(refname)%00%(upstream:short)%00%(objectname)%00%(upstream:track)%00%(upstream:remotename)%00%(upstream:remoteref) refs/heads/main refs/remotes/main [1ms]
2023-02-10 11:26:22.338 [info] > git for-each-ref --sort -committerdate --format %(refname) %(objectname) %(*objectname) [1ms]
2023-02-10 11:26:22.346 [info] > git status -z -uall [15ms]
2023-02-10 11:26:24.413 [info] > git show --textconv :workloads/compositions/parallel.json [7ms]
2023-02-10 11:26:24.414 [info] > git ls-files --stage -- /users/hy/wsk-harvest/workloads/compositions/parallel.json [2ms]
2023-02-10 11:26:27.371 [info] > git config --get commit.template [7ms]
2023-02-10 11:26:27.372 [info] > git for-each-ref --format=%(refname)%00%(upstream:short)%00%(objectname)%00%(upstream:track)%00%(upstream:remotename)%00%(upstream:remoteref) refs/heads/main refs/remotes/main [1ms]
2023-02-10 11:26:27.384 [info] > git for-each-ref --sort -committerdate --format %(refname) %(objectname) %(*objectname) [1ms]
2023-02-10 11:26:27.392 [info] > git status -z -uall [15ms]
2023-02-10 11:27:14.510 [info] > git config --get commit.template [1ms]
2023-02-10 11:27:14.517 [info] > git for-each-ref --format=%(refname)%00%(upstream:short)%00%(objectname)%00%(upstream:track)%00%(upstream:remotename)%00%(upstream:remoteref) refs/heads/main refs/remotes/main [2ms]
2023-02-10 11:27:14.529 [info] > git for-each-ref --sort -committerdate --format %(refname) %(objectname) %(*objectname) [1ms]
2023-02-10 11:27:14.536 [info] > git status -z -uall [14ms]
2023-02-10 11:27:19.564 [info] > git config --get commit.template [7ms]
2023-02-10 11:27:19.564 [info] > git for-each-ref --format=%(refname)%00%(upstream:short)%00%(objectname)%00%(upstream:track)%00%(upstream:remotename)%00%(upstream:remoteref) refs/heads/main refs/remotes/main [1ms]
2023-02-10 11:27:19.576 [info] > git for-each-ref --sort -committerdate --format %(refname) %(objectname) %(*objectname) [2ms]
2023-02-10 11:27:19.584 [info] > git status -z -uall [15ms]
2023-02-10 11:27:20.376 [info] > git show --textconv :workloads/compositions/parallel.json [6ms]
2023-02-10 11:27:20.377 [info] > git ls-files --stage -- /users/hy/wsk-harvest/workloads/compositions/parallel.json [2ms]
2023-02-10 11:33:41.960 [info] > git config --get commit.template [6ms]
2023-02-10 11:33:41.960 [info] > git for-each-ref --format=%(refname)%00%(upstream:short)%00%(objectname)%00%(upstream:track)%00%(upstream:remotename)%00%(upstream:remoteref) refs/heads/main refs/remotes/main [1ms]
2023-02-10 11:33:41.974 [info] > git for-each-ref --sort -committerdate --format %(refname) %(objectname) %(*objectname) [2ms]
2023-02-10 11:33:41.981 [info] > git status -z -uall [15ms]
2023-02-10 11:34:24.354 [info] > git config --get commit.template [6ms]
2023-02-10 11:34:24.355 [info] > git for-each-ref --format=%(refname)%00%(upstream:short)%00%(objectname)%00%(upstream:track)%00%(upstream:remotename)%00%(upstream:remoteref) refs/heads/main refs/remotes/main [1ms]
2023-02-10 11:34:24.366 [info] > git for-each-ref --sort -committerdate --format %(refname) %(objectname) %(*objectname) [1ms]
2023-02-10 11:34:24.374 [info] > git status -z -uall [14ms]
2023-02-10 11:34:30.048 [info] > git config --get commit.template [7ms]
2023-02-10 11:34:30.049 [info] > git for-each-ref --format=%(refname)%00%(upstream:short)%00%(objectname)%00%(upstream:track)%00%(upstream:remotename)%00%(upstream:remoteref) refs/heads/main refs/remotes/main [1ms]
2023-02-10 11:34:30.061 [info] > git for-each-ref --sort -committerdate --format %(refname) %(objectname) %(*objectname) [2ms]
2023-02-10 11:34:30.068 [info] > git status -z -uall [14ms]
2023-02-10 11:34:45.681 [info] > git config --get commit.template [6ms]
2023-02-10 11:34:45.681 [info] > git for-each-ref --format=%(refname)%00%(upstream:short)%00%(objectname)%00%(upstream:track)%00%(upstream:remotename)%00%(upstream:remoteref) refs/heads/main refs/remotes/main [1ms]
2023-02-10 11:34:45.693 [info] > git for-each-ref --sort -committerdate --format %(refname) %(objectname) %(*objectname) [1ms]
2023-02-10 11:34:45.700 [info] > git status -z -uall [14ms]
2023-02-10 11:35:19.303 [info] > git config --get commit.template [6ms]
2023-02-10 11:35:19.304 [info] > git for-each-ref --format=%(refname)%00%(upstream:short)%00%(objectname)%00%(upstream:track)%00%(upstream:remotename)%00%(upstream:remoteref) refs/heads/main refs/remotes/main [1ms]
2023-02-10 11:35:19.315 [info] > git for-each-ref --sort -committerdate --format %(refname) %(objectname) %(*objectname) [1ms]
2023-02-10 11:35:19.323 [info] > git status -z -uall [15ms]
2023-02-10 11:36:20.274 [info] > git rev-parse --show-toplevel [1ms]
2023-02-10 11:36:20.274 [info] fatal: not a git repository (or any of the parent directories): .git
2023-02-10 11:36:34.137 [info] > git rev-parse --show-toplevel [2ms]
2023-02-10 11:36:34.137 [info] fatal: not a git repository (or any of the parent directories): .git
2023-02-10 11:37:27.363 [info] > git rev-parse --show-toplevel [1ms]
2023-02-10 11:37:27.363 [info] fatal: not a git repository (or any of the parent directories): .git
2023-02-10 11:38:19.417 [info] > git config --get commit.template [6ms]
2023-02-10 11:38:19.418 [info] > git for-each-ref --format=%(refname)%00%(upstream:short)%00%(objectname)%00%(upstream:track)%00%(upstream:remotename)%00%(upstream:remoteref) refs/heads/main refs/remotes/main [2ms]
2023-02-10 11:38:19.432 [info] > git for-each-ref --sort -committerdate --format %(refname) %(objectname) %(*objectname) [1ms]
2023-02-10 11:38:19.438 [info] > git status -z -uall [14ms]
2023-02-10 11:38:19.604 [info] > git ls-files --stage -- /users/hy/wsk-harvest/workloads/compositions/parallel.js [6ms]
2023-02-10 11:38:19.610 [info] > git ls-files --stage -- /users/hy/wsk-harvest/workloads/compositions/serial.js [17ms]
2023-02-10 11:38:19.616 [info] > git cat-file -s e6c7bb8c28bd9522a2dd01c3cccc851dfb1f863e [6ms]
2023-02-10 11:38:19.617 [info] > git ls-files --stage -- /users/hy/wsk-harvest/workloads/compositions/branching.js [14ms]
2023-02-10 11:38:19.623 [info] > git cat-file -s 1838fb9ea29f12c8043ad37a21885021f292ab99 [8ms]
2023-02-10 11:38:19.624 [info] > git cat-file -s 482a52fe059ed40f5a5c201114dd5e4749dd58d7 [1ms]
2023-02-10 11:38:19.798 [info] > git show --textconv :workloads/compositions/parallel.js [13ms]
2023-02-10 11:38:19.798 [info] > git show --textconv :workloads/compositions/serial.js [6ms]
2023-02-10 11:38:19.799 [info] > git show --textconv :workloads/compositions/branching.js [2ms]
2023-02-10 11:42:19.527 [info] > git config --get commit.template [6ms]
2023-02-10 11:42:19.528 [info] > git for-each-ref --format=%(refname)%00%(upstream:short)%00%(objectname)%00%(upstream:track)%00%(upstream:remotename)%00%(upstream:remoteref) refs/heads/main refs/remotes/main [1ms]
2023-02-10 11:42:19.542 [info] > git for-each-ref --sort -committerdate --format %(refname) %(objectname) %(*objectname) [1ms]
2023-02-10 11:42:19.548 [info] > git status -z -uall [14ms]
2023-02-10 11:42:56.663 [info] > git check-ignore -v -z --stdin [2ms]
2023-02-10 11:43:11.619 [info] > git check-ignore -v -z --stdin [2ms]
2023-02-10 11:43:27.779 [info] > git config --get commit.template [7ms]
2023-02-10 11:43:27.780 [info] > git for-each-ref --format=%(refname)%00%(upstream:short)%00%(objectname)%00%(upstream:track)%00%(upstream:remotename)%00%(upstream:remoteref) refs/heads/main refs/remotes/main [1ms]
2023-02-10 11:43:27.794 [info] > git for-each-ref --sort -committerdate --format %(refname) %(objectname) %(*objectname) [2ms]
2023-02-10 11:43:27.805 [info] > git status -z -uall [19ms]
2023-02-10 11:43:28.217 [info] > git check-ignore -v -z --stdin [2ms]
2023-02-10 11:43:35.947 [info] > git check-ignore -v -z --stdin [2ms]
2023-02-10 11:43:53.640 [info] > git check-ignore -v -z --stdin [3ms]
2023-02-10 11:43:53.867 [info] > git config --get commit.template [8ms]
2023-02-10 11:43:53.868 [info] > git for-each-ref --format=%(refname)%00%(upstream:short)%00%(objectname)%00%(upstream:track)%00%(upstream:remotename)%00%(upstream:remoteref) refs/heads/main refs/remotes/main [1ms]
2023-02-10 11:43:53.880 [info] > git for-each-ref --sort -committerdate --format %(refname) %(objectname) %(*objectname) [1ms]
2023-02-10 11:43:53.888 [info] > git status -z -uall [15ms]
2023-02-10 11:44:28.613 [info] > git check-ignore -v -z --stdin [3ms]
2023-02-10 11:44:28.642 [info] > git show --textconv :loadgen/generator.py [7ms]
2023-02-10 11:44:28.644 [info] > git ls-files --stage -- /users/hy/wsk-harvest/loadgen/generator.py [2ms]
2023-02-10 11:50:14.695 [info] > git check-ignore -v -z --stdin [3ms]
2023-02-10 11:50:16.571 [info] > git check-ignore -v -z --stdin [3ms]
2023-02-10 11:50:18.848 [info] > git check-ignore -v -z --stdin [1ms]
2023-02-10 11:50:20.816 [info] > git check-ignore -v -z --stdin [2ms]
2023-02-10 11:50:22.347 [info] > git check-ignore -v -z --stdin [1ms]
2023-02-10 11:50:25.610 [info] > git check-ignore -v -z --stdin [3ms]
2023-02-10 11:50:25.624 [info] > git show --textconv :core/controller/src/main/scala/org/apache/openwhisk/core/loadBalancer/LoadBalancer.scala [6ms]
2023-02-10 11:50:25.625 [info] > git ls-files --stage -- /users/hy/wsk-harvest/core/controller/src/main/scala/org/apache/openwhisk/core/loadBalancer/LoadBalancer.scala [2ms]
2023-02-10 11:50:25.631 [info] > git cat-file -s d9a38c6d26f35e0ae6b027adb89f619fc6601f90 [2ms]
2023-02-10 11:52:54.829 [info] > git rev-parse --show-toplevel [1ms]
2023-02-10 11:52:54.829 [info] fatal: not a git repository (or any of the parent directories): .git
