2023-02-10 04:30:07.156 [info] Log level: Info
2023-02-10 04:30:07.157 [info] Validating found git in: "git"
2023-02-10 04:30:07.157 [info] Using git "2.25.1" from "git"
2023-02-10 04:30:07.157 [info] > git rev-parse --show-toplevel [45ms]
2023-02-10 04:30:07.157 [info] fatal: not a git repository (or any of the parent directories): .git
2023-02-10 04:30:07.157 [info] > git rev-parse --show-toplevel [2ms]
2023-02-10 04:30:07.157 [info] > git rev-parse --git-dir --git-common-dir [7ms]
2023-02-10 04:30:07.157 [info] Open repository: /users/hy/wsk-harvest
2023-02-10 04:30:07.157 [info] > git rev-parse --show-toplevel [5ms]
2023-02-10 04:30:07.157 [info] fatal: not a git repository (or any of the parent directories): .git
2023-02-10 04:30:07.157 [info] > git rev-parse --show-toplevel [1ms]
2023-02-10 04:30:07.157 [info] fatal: not a git repository (or any of the parent directories): .git
2023-02-10 04:30:07.157 [info] > git config --get commit.template [9ms]
2023-02-10 04:30:07.157 [info] > git rev-parse --show-toplevel [1ms]
2023-02-10 04:30:07.157 [info] fatal: not a git repository (or any of the parent directories): .git
2023-02-10 04:30:07.157 [info] > git for-each-ref --format=%(refname)%00%(upstream:short)%00%(objectname)%00%(upstream:track)%00%(upstream:remotename)%00%(upstream:remoteref) refs/heads/main refs/remotes/main [2ms]
2023-02-10 04:30:07.157 [info] > git rev-parse --show-toplevel [15ms]
2023-02-10 04:30:07.157 [info] fatal: not a git repository (or any of the parent directories): .git
2023-02-10 04:30:07.157 [info] > git for-each-ref --sort -committerdate --format %(refname) %(objectname) %(*objectname) [5ms]
2023-02-10 04:30:07.157 [info] > git status -z -uall [12ms]
2023-02-10 04:30:07.157 [info] > git rev-parse --show-toplevel [11ms]
2023-02-10 04:30:07.157 [info] fatal: not a git repository (or any of the parent directories): .git
2023-02-10 04:30:07.157 [info] > git config --get commit.template [3ms]
2023-02-10 04:30:07.157 [info] > git rev-parse --show-toplevel [6ms]
2023-02-10 04:30:07.157 [info] fatal: not a git repository (or any of the parent directories): .git
2023-02-10 04:30:07.157 [info] > git rev-parse --show-toplevel [4ms]
2023-02-10 04:30:07.157 [info] fatal: not a git repository (or any of the parent directories): .git
2023-02-10 04:30:07.157 [info] > git for-each-ref --format=%(refname)%00%(upstream:short)%00%(objectname)%00%(upstream:track)%00%(upstream:remotename)%00%(upstream:remoteref) refs/heads/main refs/remotes/main [5ms]
2023-02-10 04:30:07.157 [info] > git rev-parse --show-toplevel [8ms]
2023-02-10 04:30:07.157 [info] fatal: not a git repository (or any of the parent directories): .git
2023-02-10 04:30:07.157 [info] > git status -z -uall [11ms]
2023-02-10 04:30:07.157 [info] > git for-each-ref --sort -committerdate --format %(refname) %(objectname) %(*objectname) [8ms]
2023-02-10 04:30:07.157 [info] > git rev-parse --show-toplevel [8ms]
2023-02-10 04:30:07.157 [info] fatal: not a git repository (or any of the parent directories): .git
2023-02-10 04:30:07.157 [info] > git rev-parse --show-toplevel [3ms]
2023-02-10 04:30:07.157 [info] > git rev-parse --git-dir --git-common-dir [1ms]
2023-02-10 04:30:07.157 [info] Open repository: /users/hy/openwhisk-catalog
2023-02-10 04:30:07.157 [info] > git rev-parse --show-toplevel [9ms]
2023-02-10 04:30:07.157 [info] fatal: not a git repository (or any of the parent directories): .git
2023-02-10 04:30:07.157 [info] > git config --get commit.template [2ms]
2023-02-10 04:30:07.157 [info] > git for-each-ref --format=%(refname)%00%(upstream:short)%00%(objectname)%00%(upstream:track)%00%(upstream:remotename)%00%(upstream:remoteref) refs/heads/master refs/remotes/master [1ms]
2023-02-10 04:30:07.157 [info] > git status -z -uall [5ms]
2023-02-10 04:30:07.157 [info] > git for-each-ref --sort -committerdate --format %(refname) %(objectname) %(*objectname) [1ms]
2023-02-10 04:30:07.157 [info] > git check-ignore -v -z --stdin [3ms]
2023-02-10 04:30:07.157 [info] > git show --textconv :ansible/setup.sh [5ms]
2023-02-10 04:30:07.157 [info] > git ls-files --stage -- /users/hy/wsk-harvest/ansible/setup.sh [2ms]
2023-02-10 04:30:07.157 [info] > git cat-file -s 54f8be9cb489cd4992be23e593e61acf137adf3a [1ms]
2023-02-10 04:36:54.131 [info] > git check-ignore -v -z --stdin [7ms]
2023-02-10 04:36:54.132 [info] > git check-ignore -v -z --stdin [2ms]
2023-02-10 04:36:58.788 [info] > git check-ignore -v -z --stdin [2ms]
2023-02-10 04:38:00.241 [info] > git show --textconv :README.md [5ms]
2023-02-10 04:38:00.242 [info] > git ls-files --stage -- /users/hy/openwhisk-catalog/README.md [2ms]
2023-02-10 04:38:00.246 [info] > git cat-file -s 0f444aa8360efecb57459ef886421a0ce51c31f5 [1ms]
2023-02-10 04:38:41.580 [info] > git check-ignore -v -z --stdin [2ms]
2023-02-10 04:38:41.618 [info] > git show --textconv :tools/jenkins/apache/dockerhub.groovy [6ms]
2023-02-10 04:38:41.619 [info] > git ls-files --stage -- /users/hy/wsk-harvest/tools/jenkins/apache/dockerhub.groovy [2ms]
2023-02-10 04:38:41.625 [info] > git cat-file -s 6573495229410d95c3418dacb2df95618d04f4fe [1ms]
2023-02-10 04:38:43.062 [info] > git check-ignore -v -z --stdin [3ms]
2023-02-10 04:38:51.435 [info] > git check-ignore -v -z --stdin [1ms]
2023-02-10 04:38:55.045 [info] > git check-ignore -v -z --stdin [2ms]
2023-02-10 04:39:24.474 [info] > git check-ignore -v -z --stdin [2ms]
2023-02-10 04:39:26.749 [info] > git check-ignore -v -z --stdin [1ms]
2023-02-10 04:39:29.412 [info] > git check-ignore -v -z --stdin [2ms]
2023-02-10 04:39:30.307 [info] > git show --textconv :packages/samples/hello/python/hello.py [7ms]
2023-02-10 04:39:30.308 [info] > git ls-files --stage -- /users/hy/openwhisk-catalog/packages/samples/hello/python/hello.py [2ms]
2023-02-10 04:39:30.313 [info] > git cat-file -s 340ab0eef93c6e2e41c18dbd0af897728267ae86 [1ms]
2023-02-10 04:47:08.559 [info] > git show --textconv :ansible/setup.yml [5ms]
2023-02-10 04:47:08.560 [info] > git ls-files --stage -- /users/hy/wsk-harvest/ansible/setup.yml [2ms]
2023-02-10 04:47:08.565 [info] > git cat-file -s aecddae6467248224bf7541ed68f1eddb4d5e5b9 [1ms]
2023-02-10 04:47:15.380 [info] > git show --textconv :ansible/ansible.cfg [7ms]
2023-02-10 04:47:15.381 [info] > git ls-files --stage -- /users/hy/wsk-harvest/ansible/ansible.cfg [2ms]
2023-02-10 04:47:15.386 [info] > git cat-file -s 50d79d6947568419f1e877288b06737fd7c2d29a [1ms]
2023-02-10 04:47:23.268 [info] > git check-ignore -v -z --stdin [2ms]
2023-02-10 04:47:23.304 [info] > git show --textconv :ansible/roles/invoker/tasks/deploy.yml [8ms]
2023-02-10 04:47:23.305 [info] > git ls-files --stage -- /users/hy/wsk-harvest/ansible/roles/invoker/tasks/deploy.yml [2ms]
2023-02-10 04:47:23.310 [info] > git cat-file -s 62e21fb348702e731a8638bdafd4a488944ec695 [1ms]
2023-02-10 04:47:24.592 [info] > git check-ignore -v -z --stdin [4ms]
2023-02-10 04:47:28.973 [info] > git check-ignore -v -z --stdin [1ms]
2023-02-10 04:47:29.021 [info] > git show --textconv :ansible/environments/local/hosts [6ms]
2023-02-10 04:47:29.023 [info] > git ls-files --stage -- /users/hy/wsk-harvest/ansible/environments/local/hosts [2ms]
2023-02-10 04:47:30.351 [info] > git check-ignore -v -z --stdin [3ms]
2023-02-10 04:47:39.956 [info] > git show --textconv :ansible/environments/cloudlab/hosts [6ms]
2023-02-10 04:47:39.957 [info] > git ls-files --stage -- /users/hy/wsk-harvest/ansible/environments/cloudlab/hosts [1ms]
2023-02-10 04:47:41.067 [info] > git check-ignore -v -z --stdin [2ms]
2023-02-10 04:52:07.187 [info] > git check-ignore -v -z --stdin [2ms]
2023-02-10 04:52:07.512 [info] > git config --get commit.template [6ms]
2023-02-10 04:52:07.513 [info] > git for-each-ref --format=%(refname)%00%(upstream:short)%00%(objectname)%00%(upstream:track)%00%(upstream:remotename)%00%(upstream:remoteref) refs/heads/main refs/remotes/main [1ms]
2023-02-10 04:52:07.525 [info] > git for-each-ref --sort -committerdate --format %(refname) %(objectname) %(*objectname) [1ms]
2023-02-10 04:52:07.531 [info] > git status -z -uall [13ms]
2023-02-10 04:52:08.178 [info] > git check-ignore -v -z --stdin [2ms]
2023-02-10 04:53:23.108 [info] > git check-ignore -v -z --stdin [2ms]
2023-02-10 04:53:31.692 [info] > git config --get commit.template [6ms]
2023-02-10 04:53:31.692 [info] > git for-each-ref --format=%(refname)%00%(upstream:short)%00%(objectname)%00%(upstream:track)%00%(upstream:remotename)%00%(upstream:remoteref) refs/heads/main refs/remotes/main [1ms]
2023-02-10 04:53:31.703 [info] > git for-each-ref --sort -committerdate --format %(refname) %(objectname) %(*objectname) [1ms]
2023-02-10 04:53:31.713 [info] > git status -z -uall [16ms]
2023-02-10 04:53:35.668 [info] > git check-ignore -v -z --stdin [3ms]
2023-02-10 04:53:50.442 [info] > git config --get commit.template [7ms]
2023-02-10 04:53:50.443 [info] > git for-each-ref --format=%(refname)%00%(upstream:short)%00%(objectname)%00%(upstream:track)%00%(upstream:remotename)%00%(upstream:remoteref) refs/heads/main refs/remotes/main [1ms]
2023-02-10 04:53:50.453 [info] > git for-each-ref --sort -committerdate --format %(refname) %(objectname) %(*objectname) [1ms]
2023-02-10 04:53:50.461 [info] > git status -z -uall [14ms]
2023-02-10 04:53:55.487 [info] > git config --get commit.template [7ms]
2023-02-10 04:53:55.488 [info] > git for-each-ref --format=%(refname)%00%(upstream:short)%00%(objectname)%00%(upstream:track)%00%(upstream:remotename)%00%(upstream:remoteref) refs/heads/main refs/remotes/main [1ms]
2023-02-10 04:53:55.499 [info] > git for-each-ref --sort -committerdate --format %(refname) %(objectname) %(*objectname) [1ms]
2023-02-10 04:53:55.507 [info] > git status -z -uall [15ms]
2023-02-10 04:54:01.229 [info] > git check-ignore -v -z --stdin [2ms]
2023-02-10 04:54:19.914 [info] > git show --textconv :packages/samples/manifest.yaml [6ms]
2023-02-10 04:54:19.915 [info] > git ls-files --stage -- /users/hy/openwhisk-catalog/packages/samples/manifest.yaml [2ms]
2023-02-10 04:54:19.921 [info] > git cat-file -s 7b7911795b6efc087561bf4864814fdb99649113 [1ms]
2023-02-10 04:54:57.487 [info] > git check-ignore -v -z --stdin [1ms]
2023-02-10 04:55:07.276 [info] > git show --textconv :README.md [6ms]
2023-02-10 04:55:07.277 [info] > git ls-files --stage -- /users/hy/openwhisk-catalog/README.md [2ms]
2023-02-10 04:55:07.283 [info] > git cat-file -s 0f444aa8360efecb57459ef886421a0ce51c31f5 [1ms]
2023-02-10 05:00:13.643 [info] > git check-ignore -v -z --stdin [3ms]
2023-02-10 05:00:29.330 [info] > git config --get commit.template [6ms]
2023-02-10 05:00:29.331 [info] > git for-each-ref --format=%(refname)%00%(upstream:short)%00%(objectname)%00%(upstream:track)%00%(upstream:remotename)%00%(upstream:remoteref) refs/heads/main refs/remotes/main [2ms]
2023-02-10 05:00:29.345 [info] > git for-each-ref --sort -committerdate --format %(refname) %(objectname) %(*objectname) [2ms]
2023-02-10 05:00:29.352 [info] > git status -z -uall [15ms]
2023-02-10 05:01:11.782 [info] > git check-ignore -v -z --stdin [3ms]
2023-02-10 05:01:44.083 [info] > git rev-parse --show-toplevel [1ms]
2023-02-10 05:01:44.083 [info] fatal: not a git repository (or any of the parent directories): .git
2023-02-10 05:07:35.314 [info] > git rev-parse --show-toplevel [1ms]
2023-02-10 05:07:35.314 [info] fatal: not a git repository (or any of the parent directories): .git
2023-02-10 05:24:49.510 [info] > git rev-parse --show-toplevel [4ms]
2023-02-10 05:24:49.510 [info] fatal: not a git repository (or any of the parent directories): .git
2023-02-10 05:43:06.162 [info] > git rev-parse --show-toplevel [4ms]
2023-02-10 05:43:06.162 [info] fatal: not a git repository (or any of the parent directories): .git
2023-02-10 06:01:57.365 [info] > git rev-parse --show-toplevel [2ms]
2023-02-10 06:01:57.365 [info] fatal: not a git repository (or any of the parent directories): .git
2023-02-10 06:05:01.429 [info] > git rev-parse --show-toplevel [1ms]
2023-02-10 06:05:01.429 [info] fatal: not a git repository (or any of the parent directories): .git
2023-02-10 06:25:53.347 [info] > git rev-parse --show-toplevel [1ms]
2023-02-10 06:25:53.347 [info] fatal: not a git repository (or any of the parent directories): .git
2023-02-10 06:57:14.122 [info] > git rev-parse --show-toplevel [1ms]
2023-02-10 06:57:14.122 [info] fatal: not a git repository (or any of the parent directories): .git
2023-02-10 07:10:38.342 [info] > git rev-parse --show-toplevel [1ms]
2023-02-10 07:10:38.342 [info] fatal: not a git repository (or any of the parent directories): .git
2023-02-10 07:10:38.637 [info] > git rev-parse --show-toplevel [1ms]
2023-02-10 07:10:38.637 [info] fatal: not a git repository (or any of the parent directories): .git
2023-02-10 07:10:38.830 [info] > git rev-parse --show-toplevel [2ms]
2023-02-10 07:10:38.830 [info] fatal: not a git repository (or any of the parent directories): .git
2023-02-10 07:10:38.836 [info] > git rev-parse --show-toplevel [0ms]
2023-02-10 07:10:38.836 [info] fatal: not a git repository (or any of the parent directories): .git
2023-02-10 07:10:38.969 [info] > git rev-parse --show-toplevel [1ms]
2023-02-10 07:10:38.969 [info] fatal: not a git repository (or any of the parent directories): .git
2023-02-10 07:10:39.139 [info] > git rev-parse --show-toplevel [2ms]
2023-02-10 07:10:39.139 [info] fatal: not a git repository (or any of the parent directories): .git
2023-02-10 08:11:24.378 [info] > git rev-parse --show-toplevel [1ms]
2023-02-10 08:11:24.378 [info] fatal: not a git repository (or any of the parent directories): .git
2023-02-10 08:18:43.091 [info] > git rev-parse --show-toplevel [1ms]
2023-02-10 08:18:43.091 [info] fatal: not a git repository (or any of the parent directories): .git
2023-02-10 08:18:43.103 [info] > git rev-parse --show-toplevel [2ms]
2023-02-10 08:18:43.103 [info] fatal: not a git repository (or any of the parent directories): .git
2023-02-10 08:18:43.250 [info] > git rev-parse --show-toplevel [1ms]
2023-02-10 08:18:43.250 [info] fatal: not a git repository (or any of the parent directories): .git
2023-02-10 08:18:43.261 [info] > git rev-parse --show-toplevel [7ms]
2023-02-10 08:18:43.261 [info] fatal: not a git repository (or any of the parent directories): .git
2023-02-10 08:18:43.266 [info] > git rev-parse --show-toplevel [0ms]
2023-02-10 08:18:43.266 [info] fatal: not a git repository (or any of the parent directories): .git
2023-02-10 08:18:43.298 [info] > git rev-parse --show-toplevel [1ms]
2023-02-10 08:18:43.298 [info] fatal: not a git repository (or any of the parent directories): .git
2023-02-10 08:21:20.353 [info] > git config --get commit.template [7ms]
2023-02-10 08:21:20.354 [info] > git for-each-ref --format=%(refname)%00%(upstream:short)%00%(objectname)%00%(upstream:track)%00%(upstream:remotename)%00%(upstream:remoteref) refs/heads/main refs/remotes/main [1ms]
2023-02-10 08:21:20.366 [info] > git for-each-ref --sort -committerdate --format %(refname) %(objectname) %(*objectname) [1ms]
2023-02-10 08:21:20.373 [info] > git status -z -uall [14ms]
2023-02-10 08:22:31.775 [info] > git check-ignore -v -z --stdin [3ms]
2023-02-10 08:22:32.077 [info] > git config --get commit.template [6ms]
2023-02-10 08:22:32.077 [info] > git for-each-ref --format=%(refname)%00%(upstream:short)%00%(objectname)%00%(upstream:track)%00%(upstream:remotename)%00%(upstream:remoteref) refs/heads/main refs/remotes/main [1ms]
2023-02-10 08:22:32.090 [info] > git for-each-ref --sort -committerdate --format %(refname) %(objectname) %(*objectname) [1ms]
2023-02-10 08:22:32.098 [info] > git status -z -uall [14ms]
2023-02-10 08:24:15.743 [info] > git config --get commit.template [6ms]
2023-02-10 08:24:15.744 [info] > git for-each-ref --format=%(refname)%00%(upstream:short)%00%(objectname)%00%(upstream:track)%00%(upstream:remotename)%00%(upstream:remoteref) refs/heads/main refs/remotes/main [2ms]
2023-02-10 08:24:15.755 [info] > git for-each-ref --sort -committerdate --format %(refname) %(objectname) %(*objectname) [1ms]
2023-02-10 08:24:15.763 [info] > git status -z -uall [15ms]
2023-02-10 08:24:27.377 [info] > git check-ignore -v -z --stdin [3ms]
2023-02-10 08:24:27.405 [info] > git show --textconv :workloads/compositions/sample.js [6ms]
2023-02-10 08:24:27.406 [info] > git ls-files --stage -- /users/hy/wsk-harvest/workloads/compositions/sample.js [2ms]
2023-02-10 08:24:27.607 [info] > git config --get commit.template [5ms]
2023-02-10 08:24:27.607 [info] > git for-each-ref --format=%(refname)%00%(upstream:short)%00%(objectname)%00%(upstream:track)%00%(upstream:remotename)%00%(upstream:remoteref) refs/heads/main refs/remotes/main [2ms]
2023-02-10 08:24:27.618 [info] > git for-each-ref --sort -committerdate --format %(refname) %(objectname) %(*objectname) [2ms]
2023-02-10 08:24:27.625 [info] > git status -z -uall [14ms]
2023-02-10 08:24:55.669 [info] > git config --get commit.template [5ms]
2023-02-10 08:24:55.669 [info] > git for-each-ref --format=%(refname)%00%(upstream:short)%00%(objectname)%00%(upstream:track)%00%(upstream:remotename)%00%(upstream:remoteref) refs/heads/main refs/remotes/main [1ms]
2023-02-10 08:24:55.681 [info] > git for-each-ref --sort -committerdate --format %(refname) %(objectname) %(*objectname) [1ms]
2023-02-10 08:24:55.688 [info] > git status -z -uall [14ms]
2023-02-10 08:35:50.952 [info] > git config --get commit.template [6ms]
2023-02-10 08:35:50.953 [info] > git for-each-ref --format=%(refname)%00%(upstream:short)%00%(objectname)%00%(upstream:track)%00%(upstream:remotename)%00%(upstream:remoteref) refs/heads/main refs/remotes/main [1ms]
2023-02-10 08:35:50.966 [info] > git for-each-ref --sort -committerdate --format %(refname) %(objectname) %(*objectname) [2ms]
2023-02-10 08:35:50.974 [info] > git status -z -uall [16ms]
2023-02-10 08:36:29.350 [info] > git config --get commit.template [6ms]
2023-02-10 08:36:29.351 [info] > git for-each-ref --format=%(refname)%00%(upstream:short)%00%(objectname)%00%(upstream:track)%00%(upstream:remotename)%00%(upstream:remoteref) refs/heads/main refs/remotes/main [2ms]
2023-02-10 08:36:29.365 [info] > git for-each-ref --sort -committerdate --format %(refname) %(objectname) %(*objectname) [1ms]
2023-02-10 08:36:29.372 [info] > git status -z -uall [15ms]
2023-02-10 08:36:29.687 [info] > git check-ignore -v -z --stdin [2ms]
2023-02-10 08:36:31.104 [info] > git show --textconv :workloads/compositions/sample.json [4ms]
2023-02-10 08:36:31.105 [info] > git ls-files --stage -- /users/hy/wsk-harvest/workloads/compositions/sample.json [2ms]
2023-02-10 08:41:11.095 [info] > git check-ignore -v -z --stdin [1ms]
2023-02-10 08:41:11.108 [info] > git show --textconv :workloads/compositions/example.js [6ms]
2023-02-10 08:41:11.109 [info] > git ls-files --stage -- /users/hy/wsk-harvest/workloads/compositions/example.js [2ms]
2023-02-10 08:41:11.481 [info] > git config --get commit.template [6ms]
2023-02-10 08:41:11.482 [info] > git for-each-ref --format=%(refname)%00%(upstream:short)%00%(objectname)%00%(upstream:track)%00%(upstream:remotename)%00%(upstream:remoteref) refs/heads/main refs/remotes/main [1ms]
2023-02-10 08:41:11.496 [info] > git for-each-ref --sort -committerdate --format %(refname) %(objectname) %(*objectname) [2ms]
2023-02-10 08:41:11.502 [info] > git status -z -uall [15ms]
2023-02-10 08:41:16.120 [info] > git check-ignore -v -z --stdin [14ms]
2023-02-10 08:41:16.121 [info] > git show --textconv :workloads/compositions/example.json [8ms]
2023-02-10 08:41:16.122 [info] > git ls-files --stage -- /users/hy/wsk-harvest/workloads/compositions/example.json [3ms]
2023-02-10 08:41:16.525 [info] > git config --get commit.template [2ms]
2023-02-10 08:41:16.531 [info] > git for-each-ref --format=%(refname)%00%(upstream:short)%00%(objectname)%00%(upstream:track)%00%(upstream:remotename)%00%(upstream:remoteref) refs/heads/main refs/remotes/main [2ms]
2023-02-10 08:41:16.542 [info] > git for-each-ref --sort -committerdate --format %(refname) %(objectname) %(*objectname) [1ms]
2023-02-10 08:41:16.551 [info] > git status -z -uall [15ms]
2023-02-10 08:46:12.709 [info] > git for-each-ref --format=%(refname)%00%(upstream:short)%00%(objectname)%00%(upstream:track)%00%(upstream:remotename)%00%(upstream:remoteref) refs/heads/main refs/remotes/main [2ms]
2023-02-10 08:46:12.709 [info] > git config --get commit.template [9ms]
2023-02-10 08:46:12.720 [info] > git for-each-ref --sort -committerdate --format %(refname) %(objectname) %(*objectname) [2ms]
2023-02-10 08:46:12.728 [info] > git status -z -uall [15ms]
2023-02-10 08:46:49.156 [info] > git config --get commit.template [8ms]
2023-02-10 08:46:49.156 [info] > git for-each-ref --format=%(refname)%00%(upstream:short)%00%(objectname)%00%(upstream:track)%00%(upstream:remotename)%00%(upstream:remoteref) refs/heads/main refs/remotes/main [1ms]
2023-02-10 08:46:49.167 [info] > git for-each-ref --sort -committerdate --format %(refname) %(objectname) %(*objectname) [1ms]
2023-02-10 08:46:49.174 [info] > git status -z -uall [13ms]
