2023-02-10 10:18:22.582 [info] Extension host with pid 1924539 started
2023-02-10 10:18:22.635 [info] Lock '/users/hy/.vscode-server/data/User/workspaceStorage/057e5ec771c86bf8a48b6eb4b1710f3a/vscode.lock': Lock acquired.
2023-02-10 10:18:22.781 [info] ExtensionService#_doActivateExtension vscode.emmet, startup: false, activationEvent: 'onLanguage'
2023-02-10 10:18:22.782 [info] ExtensionService#_doActivateExtension vscode.configuration-editing, startup: false, activationEvent: 'onLanguage:json'
2023-02-10 10:18:22.783 [info] ExtensionService#_doActivateExtension vscode.extension-editing, startup: false, activationEvent: 'onLanguage:json'
2023-02-10 10:18:22.783 [info] ExtensionService#_doActivateExtension vscode.json-language-features, startup: false, activationEvent: 'onLanguage:json'
2023-02-10 10:18:22.783 [info] ExtensionService#_doActivateExtension vscode.npm, startup: false, activationEvent: 'onLanguage:json'
2023-02-10 10:18:22.784 [info] ExtensionService#_doActivateExtension vscode.git-base, startup: true, activationEvent: '*', root cause: vscode.git
2023-02-10 10:18:23.160 [info] ExtensionService#_doActivateExtension vscode.git, startup: true, activationEvent: '*'
2023-02-10 10:18:23.161 [info] ExtensionService#_doActivateExtension vscode.github, startup: true, activationEvent: '*'
2023-02-10 10:18:23.510 [info] ExtensionService#_doActivateExtension vscode.debug-auto-launch, startup: false, activationEvent: 'onStartupFinished'
2023-02-10 10:18:23.511 [info] ExtensionService#_doActivateExtension vscode.merge-conflict, startup: false, activationEvent: 'onStartupFinished'
2023-02-10 10:18:23.512 [info] Eager extensions activated
2023-02-10 10:18:33.800 [info] ExtensionService#_doActivateExtension vscode.typescript-language-features, startup: false, activationEvent: 'onLanguage:javascript'
2023-02-10 10:18:33.801 [info] ExtensionService#_doActivateExtension mgmcdermott.vscode-language-babel, startup: false, activationEvent: 'onLanguage:javascript'
2023-02-10 11:43:27.334 [error] Error: ENOENT: no such file or directory, open '/users/hy/.vscode-server/data/User/workspaceStorage/057e5ec771c86bf8a48b6eb4b1710f3a/vscode.lock'
2023-02-10 11:43:27.334 [info] Lock '/users/hy/.vscode-server/data/User/workspaceStorage/057e5ec771c86bf8a48b6eb4b1710f3a/vscode.lock': The lock was lost unexpectedly.
2023-02-10 11:43:27.335 [error] Error: ENOENT: no such file or directory, utime '/users/hy/.vscode-server/data/User/workspaceStorage/057e5ec771c86bf8a48b6eb4b1710f3a/vscode.lock'
2023-02-10 11:43:27.335 [info] Lock '/users/hy/.vscode-server/data/User/workspaceStorage/057e5ec771c86bf8a48b6eb4b1710f3a/vscode.lock': Could not update mtime.
2023-02-10 11:43:28.893 [error] Error: spawn /users/hy/.vscode-server/bin/441438abd1ac652551dbe4d408dfcec8a499b8bf/node_modules/@vscode/ripgrep/bin/rg ENOENT
    at M (vscode-file://vscode-app/Applications/Visual%20Studio%20Code.app/Contents/Resources/app/out/vs/workbench/workbench.desktop.main.js:1885:6580)
    at vscode-file://vscode-app/Applications/Visual%20Studio%20Code.app/Contents/Resources/app/out/vs/workbench/workbench.desktop.main.js:1913:4932
    at async vscode-file://vscode-app/Applications/Visual%20Studio%20Code.app/Contents/Resources/app/out/vs/workbench/workbench.desktop.main.js:1913:3423
2023-02-10 11:43:54.923 [error] Error: spawn /users/hy/.vscode-server/bin/441438abd1ac652551dbe4d408dfcec8a499b8bf/node_modules/@vscode/ripgrep/bin/rg ENOENT
    at M (vscode-file://vscode-app/Applications/Visual%20Studio%20Code.app/Contents/Resources/app/out/vs/workbench/workbench.desktop.main.js:1885:6580)
    at vscode-file://vscode-app/Applications/Visual%20Studio%20Code.app/Contents/Resources/app/out/vs/workbench/workbench.desktop.main.js:1913:4932
    at async vscode-file://vscode-app/Applications/Visual%20Studio%20Code.app/Contents/Resources/app/out/vs/workbench/workbench.desktop.main.js:1913:3423
