2023-02-03 12:42:45.957 [info] Log level: Info
2023-02-03 12:42:45.957 [info] Validating found git in: "git"
2023-02-03 12:42:45.957 [info] Using git "2.25.1" from "git"
2023-02-03 12:42:45.957 [info] > git rev-parse --show-toplevel [5ms]
2023-02-03 12:42:45.957 [info] fatal: not a git repository (or any of the parent directories): .git
2023-02-03 12:42:45.957 [info] > git rev-parse --show-toplevel [2ms]
2023-02-03 12:42:45.957 [info] fatal: not a git repository (or any of the parent directories): .git
2023-02-03 12:42:45.957 [info] > git rev-parse --show-toplevel [1ms]
2023-02-03 12:42:45.957 [info] fatal: not a git repository (or any of the parent directories): .git
2023-02-03 12:42:45.957 [info] > git rev-parse --show-toplevel [1ms]
2023-02-03 12:42:45.957 [info] fatal: not a git repository (or any of the parent directories): .git
2023-02-03 12:42:45.958 [info] > git rev-parse --show-toplevel [1ms]
2023-02-03 12:42:45.958 [info] fatal: not a git repository (or any of the parent directories): .git
2023-02-03 12:42:45.958 [info] > git rev-parse --show-toplevel [0ms]
2023-02-03 12:42:45.958 [info] fatal: not a git repository (or any of the parent directories): .git
2023-02-03 12:42:45.958 [info] > git rev-parse --show-toplevel [1ms]
2023-02-03 12:42:45.958 [info] fatal: not a git repository (or any of the parent directories): .git
2023-02-03 12:42:45.958 [info] > git rev-parse --show-toplevel [1ms]
2023-02-03 12:42:45.958 [info] fatal: not a git repository (or any of the parent directories): .git
2023-02-03 12:42:45.958 [info] > git rev-parse --show-toplevel [1ms]
2023-02-03 12:42:45.958 [info] fatal: not a git repository (or any of the parent directories): .git
2023-02-03 12:42:45.958 [info] > git rev-parse --show-toplevel [1ms]
2023-02-03 12:42:45.958 [info] fatal: not a git repository (or any of the parent directories): .git
2023-02-03 12:42:45.958 [info] > git rev-parse --show-toplevel [1ms]
2023-02-03 12:42:45.958 [info] > git rev-parse --git-dir --git-common-dir [1ms]
2023-02-03 12:42:45.958 [info] Open repository: /users/hy/wsk-harvest
2023-02-03 12:42:45.959 [info] > git config --get commit.template [1ms]
2023-02-03 12:42:45.959 [info] > git for-each-ref --format=%(refname)%00%(upstream:short)%00%(objectname)%00%(upstream:track)%00%(upstream:remotename)%00%(upstream:remoteref) refs/heads/main refs/remotes/main [1ms]
2023-02-03 12:42:45.959 [info] > git for-each-ref --sort -committerdate --format %(refname) %(objectname) %(*objectname) [2ms]
2023-02-03 12:42:45.959 [info] > git status -z -uall [13ms]
2023-02-03 12:42:45.959 [info] > git config --get commit.template [5ms]
2023-02-03 12:42:45.959 [info] > git for-each-ref --format=%(refname)%00%(upstream:short)%00%(objectname)%00%(upstream:track)%00%(upstream:remotename)%00%(upstream:remoteref) refs/heads/main refs/remotes/main [2ms]
2023-02-03 12:42:45.959 [info] > git for-each-ref --sort -committerdate --format %(refname) %(objectname) %(*objectname) [2ms]
2023-02-03 12:42:45.959 [info] > git status -z -uall [13ms]
2023-02-03 12:42:45.959 [info] > git rev-parse --show-toplevel [1ms]
2023-02-03 12:42:45.959 [info] fatal: not a git repository (or any of the parent directories): .git
2023-02-03 12:42:45.959 [info] > git check-ignore -v -z --stdin [3ms]
2023-02-03 12:42:48.104 [info] > git check-ignore -v -z --stdin [3ms]
2023-02-03 12:42:49.843 [info] > git check-ignore -v -z --stdin [2ms]
2023-02-03 12:42:51.742 [info] > git check-ignore -v -z --stdin [3ms]
2023-02-03 12:42:52.650 [info] > git check-ignore -v -z --stdin [3ms]
2023-02-03 12:42:57.277 [info] > git check-ignore -v -z --stdin [3ms]
2023-02-03 12:42:58.543 [info] > git check-ignore -v -z --stdin [2ms]
2023-02-03 12:42:59.939 [info] > git show --textconv :ansible/environments/distributed/hosts.j2.ini [5ms]
2023-02-03 12:42:59.940 [info] > git ls-files --stage -- /users/hy/wsk-harvest/ansible/environments/distributed/hosts.j2.ini [2ms]
2023-02-03 12:42:59.945 [info] > git cat-file -s 8b320b92edcde9f1d89fee67c7aa0f6f075a1b01 [1ms]
2023-02-03 12:43:01.036 [info] > git check-ignore -v -z --stdin [2ms]
2023-02-03 12:43:02.352 [info] > git show --textconv :ansible/environments/distributed/group_vars/all [7ms]
2023-02-03 12:43:02.353 [info] > git ls-files --stage -- /users/hy/wsk-harvest/ansible/environments/distributed/group_vars/all [1ms]
2023-02-03 12:43:02.357 [info] > git cat-file -s b8e390cd7348f5d1a7b815b8fe74e4e038270d67 [1ms]
2023-02-03 12:50:07.191 [info] > git config --get commit.template [5ms]
2023-02-03 12:50:07.192 [info] > git for-each-ref --format=%(refname)%00%(upstream:short)%00%(objectname)%00%(upstream:track)%00%(upstream:remotename)%00%(upstream:remoteref) refs/heads/main refs/remotes/main [1ms]
2023-02-03 12:50:07.201 [info] > git for-each-ref --sort -committerdate --format %(refname) %(objectname) %(*objectname) [2ms]
2023-02-03 12:50:07.210 [info] > git status -z -uall [14ms]
2023-02-03 12:50:11.587 [info] > git check-ignore -v -z --stdin [3ms]
2023-02-03 12:50:17.466 [info] > git show --textconv :ansible/ansible.cfg [6ms]
2023-02-03 12:50:17.467 [info] > git ls-files --stage -- /users/hy/wsk-harvest/ansible/ansible.cfg [1ms]
2023-02-03 12:50:17.472 [info] > git cat-file -s a04eb919975c2e71bbb3371400df7a1607008699 [1ms]
2023-02-03 12:51:40.517 [info] > git config --get commit.template [4ms]
2023-02-03 12:51:40.517 [info] > git for-each-ref --format=%(refname)%00%(upstream:short)%00%(objectname)%00%(upstream:track)%00%(upstream:remotename)%00%(upstream:remoteref) refs/heads/main refs/remotes/main [1ms]
2023-02-03 12:51:40.527 [info] > git for-each-ref --sort -committerdate --format %(refname) %(objectname) %(*objectname) [2ms]
2023-02-03 12:51:40.537 [info] > git status -z -uall [15ms]
2023-02-03 12:51:56.203 [info] > git config --get commit.template [6ms]
2023-02-03 12:51:56.203 [info] > git for-each-ref --format=%(refname)%00%(upstream:short)%00%(objectname)%00%(upstream:track)%00%(upstream:remotename)%00%(upstream:remoteref) refs/heads/main refs/remotes/main [1ms]
2023-02-03 12:51:56.213 [info] > git for-each-ref --sort -committerdate --format %(refname) %(objectname) %(*objectname) [2ms]
2023-02-03 12:51:56.222 [info] > git status -z -uall [15ms]
2023-02-03 12:52:53.344 [info] > git config --get commit.template [6ms]
2023-02-03 12:52:53.344 [info] > git for-each-ref --format=%(refname)%00%(upstream:short)%00%(objectname)%00%(upstream:track)%00%(upstream:remotename)%00%(upstream:remoteref) refs/heads/main refs/remotes/main [1ms]
2023-02-03 12:52:53.353 [info] > git for-each-ref --sort -committerdate --format %(refname) %(objectname) %(*objectname) [1ms]
2023-02-03 12:52:53.361 [info] > git status -z -uall [13ms]
2023-02-03 12:52:59.670 [info] > git config --get commit.template [5ms]
2023-02-03 12:52:59.671 [info] > git for-each-ref --format=%(refname)%00%(upstream:short)%00%(objectname)%00%(upstream:track)%00%(upstream:remotename)%00%(upstream:remoteref) refs/heads/main refs/remotes/main [1ms]
2023-02-03 12:52:59.681 [info] > git for-each-ref --sort -committerdate --format %(refname) %(objectname) %(*objectname) [1ms]
2023-02-03 12:52:59.690 [info] > git status -z -uall [15ms]
2023-02-03 13:02:54.836 [info] > git config --get commit.template [4ms]
2023-02-03 13:02:54.837 [info] > git for-each-ref --format=%(refname)%00%(upstream:short)%00%(objectname)%00%(upstream:track)%00%(upstream:remotename)%00%(upstream:remoteref) refs/heads/main refs/remotes/main [1ms]
2023-02-03 13:02:54.846 [info] > git for-each-ref --sort -committerdate --format %(refname) %(objectname) %(*objectname) [2ms]
2023-02-03 13:02:54.854 [info] > git status -z -uall [14ms]
2023-02-03 13:02:59.874 [info] > git config --get commit.template [5ms]
2023-02-03 13:02:59.874 [info] > git for-each-ref --format=%(refname)%00%(upstream:short)%00%(objectname)%00%(upstream:track)%00%(upstream:remotename)%00%(upstream:remoteref) refs/heads/main refs/remotes/main [1ms]
2023-02-03 13:02:59.885 [info] > git for-each-ref --sort -committerdate --format %(refname) %(objectname) %(*objectname) [1ms]
2023-02-03 13:02:59.894 [info] > git status -z -uall [16ms]
2023-02-03 13:03:03.782 [info] > git show --textconv :ansible/setup.yml [6ms]
2023-02-03 13:03:03.783 [info] > git ls-files --stage -- /users/hy/wsk-harvest/ansible/setup.yml [1ms]
2023-02-03 13:03:03.788 [info] > git cat-file -s e82dd36c87b31123b5f38aab450d2631a5a7dc7f [1ms]
2023-02-03 13:03:50.514 [info] > git config --get commit.template [2ms]
2023-02-03 13:03:50.518 [info] > git for-each-ref --format=%(refname)%00%(upstream:short)%00%(objectname)%00%(upstream:track)%00%(upstream:remotename)%00%(upstream:remoteref) refs/heads/main refs/remotes/main [1ms]
2023-02-03 13:03:50.527 [info] > git for-each-ref --sort -committerdate --format %(refname) %(objectname) %(*objectname) [1ms]
2023-02-03 13:03:50.537 [info] > git status -z -uall [15ms]
2023-02-03 13:04:04.314 [info] > git config --get commit.template [7ms]
2023-02-03 13:04:04.315 [info] > git for-each-ref --format=%(refname)%00%(upstream:short)%00%(objectname)%00%(upstream:track)%00%(upstream:remotename)%00%(upstream:remoteref) refs/heads/main refs/remotes/main [1ms]
2023-02-03 13:04:04.326 [info] > git for-each-ref --sort -committerdate --format %(refname) %(objectname) %(*objectname) [1ms]
2023-02-03 13:04:04.334 [info] > git status -z -uall [15ms]
2023-02-03 13:04:04.484 [info] > git ls-files --stage -- /users/hy/wsk-harvest/ansible/ansible.cfg [5ms]
2023-02-03 13:04:04.489 [info] > git ls-files --stage -- /users/hy/wsk-harvest/ansible/environments/distributed/group_vars/all [14ms]
2023-02-03 13:04:04.492 [info] > git ls-files --stage -- /users/hy/wsk-harvest/ansible/environments/distributed/hosts.j2.ini [24ms]
2023-02-03 13:04:04.497 [info] > git cat-file -s b8e390cd7348f5d1a7b815b8fe74e4e038270d67 [5ms]
2023-02-03 13:04:04.498 [info] > git cat-file -s a04eb919975c2e71bbb3371400df7a1607008699 [10ms]
2023-02-03 13:04:04.498 [info] > git ls-files --stage -- /users/hy/wsk-harvest/ansible/setup.yml [15ms]
2023-02-03 13:04:04.503 [info] > git cat-file -s 8b320b92edcde9f1d89fee67c7aa0f6f075a1b01 [7ms]
2023-02-03 13:04:04.504 [info] > git cat-file -s e82dd36c87b31123b5f38aab450d2631a5a7dc7f [2ms]
2023-02-03 13:04:04.666 [info] > git show --textconv :ansible/environments/distributed/group_vars/all [6ms]
2023-02-03 13:04:04.676 [info] > git show --textconv :ansible/ansible.cfg [9ms]
2023-02-03 13:04:04.676 [info] > git show --textconv :ansible/environments/distributed/hosts.j2.ini [5ms]
2023-02-03 13:04:04.678 [info] > git show --textconv :ansible/setup.yml [3ms]
2023-02-03 13:04:09.351 [info] > git config --get commit.template [6ms]
2023-02-03 13:04:09.352 [info] > git for-each-ref --format=%(refname)%00%(upstream:short)%00%(objectname)%00%(upstream:track)%00%(upstream:remotename)%00%(upstream:remoteref) refs/heads/main refs/remotes/main [1ms]
2023-02-03 13:04:09.361 [info] > git for-each-ref --sort -committerdate --format %(refname) %(objectname) %(*objectname) [2ms]
2023-02-03 13:04:09.370 [info] > git status -z -uall [15ms]
2023-02-03 13:04:14.962 [info] > git config --get commit.template [6ms]
2023-02-03 13:04:14.963 [info] > git for-each-ref --format=%(refname)%00%(upstream:short)%00%(objectname)%00%(upstream:track)%00%(upstream:remotename)%00%(upstream:remoteref) refs/heads/main refs/remotes/main [1ms]
2023-02-03 13:04:14.973 [info] > git for-each-ref --sort -committerdate --format %(refname) %(objectname) %(*objectname) [1ms]
2023-02-03 13:04:14.982 [info] > git status -z -uall [15ms]
2023-02-03 13:04:20.002 [info] > git config --get commit.template [3ms]
2023-02-03 13:04:20.006 [info] > git for-each-ref --format=%(refname)%00%(upstream:short)%00%(objectname)%00%(upstream:track)%00%(upstream:remotename)%00%(upstream:remoteref) refs/heads/main refs/remotes/main [1ms]
2023-02-03 13:04:20.014 [info] > git for-each-ref --sort -committerdate --format %(refname) %(objectname) %(*objectname) [1ms]
2023-02-03 13:04:20.023 [info] > git status -z -uall [14ms]
2023-02-03 13:04:45.396 [info] > git config --get commit.template [5ms]
2023-02-03 13:04:45.397 [info] > git for-each-ref --format=%(refname)%00%(upstream:short)%00%(objectname)%00%(upstream:track)%00%(upstream:remotename)%00%(upstream:remoteref) refs/heads/main refs/remotes/main [1ms]
2023-02-03 13:04:45.407 [info] > git for-each-ref --sort -committerdate --format %(refname) %(objectname) %(*objectname) [1ms]
2023-02-03 13:04:45.417 [info] > git status -z -uall [16ms]
2023-02-03 13:06:11.534 [info] > git config --get commit.template [6ms]
2023-02-03 13:06:11.535 [info] > git for-each-ref --format=%(refname)%00%(upstream:short)%00%(objectname)%00%(upstream:track)%00%(upstream:remotename)%00%(upstream:remoteref) refs/heads/main refs/remotes/main [1ms]
2023-02-03 13:06:11.545 [info] > git for-each-ref --sort -committerdate --format %(refname) %(objectname) %(*objectname) [2ms]
2023-02-03 13:06:11.554 [info] > git status -z -uall [15ms]
2023-02-03 13:07:45.096 [info] > git config --get commit.template [4ms]
2023-02-03 13:07:45.096 [info] > git for-each-ref --format=%(refname)%00%(upstream:short)%00%(objectname)%00%(upstream:track)%00%(upstream:remotename)%00%(upstream:remoteref) refs/heads/main refs/remotes/main [1ms]
2023-02-03 13:07:45.105 [info] > git for-each-ref --sort -committerdate --format %(refname) %(objectname) %(*objectname) [1ms]
2023-02-03 13:07:45.113 [info] > git status -z -uall [13ms]
2023-02-03 13:07:50.366 [info] > git config --get commit.template [8ms]
2023-02-03 13:07:50.366 [info] > git for-each-ref --format=%(refname)%00%(upstream:short)%00%(objectname)%00%(upstream:track)%00%(upstream:remotename)%00%(upstream:remoteref) refs/heads/main refs/remotes/main [1ms]
2023-02-03 13:07:50.377 [info] > git for-each-ref --sort -committerdate --format %(refname) %(objectname) %(*objectname) [1ms]
2023-02-03 13:07:50.386 [info] > git status -z -uall [15ms]
2023-02-03 13:07:55.059 [info] > git check-ignore -v -z --stdin [3ms]
2023-02-03 13:07:56.138 [info] > git show --textconv :ansible/environments/local/hosts [6ms]
2023-02-03 13:07:56.139 [info] > git ls-files --stage -- /users/hy/wsk-harvest/ansible/environments/local/hosts [1ms]
2023-02-03 13:08:25.340 [info] > git show --textconv :ansible/environments/distributed/hosts [6ms]
2023-02-03 13:08:25.341 [info] > git ls-files --stage -- /users/hy/wsk-harvest/ansible/environments/distributed/hosts [1ms]
2023-02-03 13:08:25.495 [info] > git check-ignore -v -z --stdin [3ms]
2023-02-03 13:08:25.693 [info] > git config --get commit.template [7ms]
2023-02-03 13:08:25.694 [info] > git for-each-ref --format=%(refname)%00%(upstream:short)%00%(objectname)%00%(upstream:track)%00%(upstream:remotename)%00%(upstream:remoteref) refs/heads/main refs/remotes/main [1ms]
2023-02-03 13:08:25.704 [info] > git for-each-ref --sort -committerdate --format %(refname) %(objectname) %(*objectname) [2ms]
2023-02-03 13:08:25.712 [info] > git status -z -uall [14ms]
2023-02-03 13:10:00.539 [info] > git config --get commit.template [2ms]
2023-02-03 13:10:00.543 [info] > git for-each-ref --format=%(refname)%00%(upstream:short)%00%(objectname)%00%(upstream:track)%00%(upstream:remotename)%00%(upstream:remoteref) refs/heads/main refs/remotes/main [1ms]
2023-02-03 13:10:00.555 [info] > git for-each-ref --sort -committerdate --format %(refname) %(objectname) %(*objectname) [1ms]
2023-02-03 13:10:00.561 [info] > git status -z -uall [13ms]
2023-02-03 13:10:35.555 [info] > git config --get commit.template [6ms]
2023-02-03 13:10:35.556 [info] > git for-each-ref --format=%(refname)%00%(upstream:short)%00%(objectname)%00%(upstream:track)%00%(upstream:remotename)%00%(upstream:remoteref) refs/heads/main refs/remotes/main [1ms]
2023-02-03 13:10:35.565 [info] > git for-each-ref --sort -committerdate --format %(refname) %(objectname) %(*objectname) [1ms]
2023-02-03 13:10:35.574 [info] > git status -z -uall [14ms]
2023-02-03 13:11:08.279 [info] > git config --get commit.template [5ms]
2023-02-03 13:11:08.279 [info] > git for-each-ref --format=%(refname)%00%(upstream:short)%00%(objectname)%00%(upstream:track)%00%(upstream:remotename)%00%(upstream:remoteref) refs/heads/main refs/remotes/main [1ms]
2023-02-03 13:11:08.289 [info] > git for-each-ref --sort -committerdate --format %(refname) %(objectname) %(*objectname) [2ms]
2023-02-03 13:11:08.300 [info] > git status -z -uall [17ms]
2023-02-03 13:11:13.322 [info] > git config --get commit.template [7ms]
2023-02-03 13:11:13.322 [info] > git for-each-ref --format=%(refname)%00%(upstream:short)%00%(objectname)%00%(upstream:track)%00%(upstream:remotename)%00%(upstream:remoteref) refs/heads/main refs/remotes/main [1ms]
2023-02-03 13:11:13.333 [info] > git for-each-ref --sort -committerdate --format %(refname) %(objectname) %(*objectname) [2ms]
2023-02-03 13:11:13.342 [info] > git status -z -uall [15ms]
2023-02-03 13:12:36.448 [info] > git config --get commit.template [6ms]
2023-02-03 13:12:36.449 [info] > git for-each-ref --format=%(refname)%00%(upstream:short)%00%(objectname)%00%(upstream:track)%00%(upstream:remotename)%00%(upstream:remoteref) refs/heads/main refs/remotes/main [1ms]
2023-02-03 13:12:36.458 [info] > git for-each-ref --sort -committerdate --format %(refname) %(objectname) %(*objectname) [2ms]
2023-02-03 13:12:36.466 [info] > git status -z -uall [13ms]
2023-02-03 13:12:41.486 [info] > git config --get commit.template [7ms]
2023-02-03 13:12:41.486 [info] > git for-each-ref --format=%(refname)%00%(upstream:short)%00%(objectname)%00%(upstream:track)%00%(upstream:remotename)%00%(upstream:remoteref) refs/heads/main refs/remotes/main [1ms]
2023-02-03 13:12:41.497 [info] > git for-each-ref --sort -committerdate --format %(refname) %(objectname) %(*objectname) [1ms]
2023-02-03 13:12:41.505 [info] > git status -z -uall [14ms]
2023-02-03 13:13:20.349 [info] > git config --get commit.template [6ms]
2023-02-03 13:13:20.349 [info] > git for-each-ref --format=%(refname)%00%(upstream:short)%00%(objectname)%00%(upstream:track)%00%(upstream:remotename)%00%(upstream:remoteref) refs/heads/main refs/remotes/main [1ms]
2023-02-03 13:13:20.358 [info] > git for-each-ref --sort -committerdate --format %(refname) %(objectname) %(*objectname) [1ms]
2023-02-03 13:13:20.367 [info] > git status -z -uall [14ms]
2023-02-03 13:13:25.383 [info] > git config --get commit.template [3ms]
2023-02-03 13:13:25.389 [info] > git for-each-ref --format=%(refname)%00%(upstream:short)%00%(objectname)%00%(upstream:track)%00%(upstream:remotename)%00%(upstream:remoteref) refs/heads/main refs/remotes/main [1ms]
2023-02-03 13:13:25.397 [info] > git for-each-ref --sort -committerdate --format %(refname) %(objectname) %(*objectname) [1ms]
2023-02-03 13:13:25.405 [info] > git status -z -uall [13ms]
2023-02-03 13:15:32.774 [info] > git config --get commit.template [1ms]
2023-02-03 13:15:32.779 [info] > git for-each-ref --format=%(refname)%00%(upstream:short)%00%(objectname)%00%(upstream:track)%00%(upstream:remotename)%00%(upstream:remoteref) refs/heads/main refs/remotes/main [2ms]
2023-02-03 13:15:32.788 [info] > git for-each-ref --sort -committerdate --format %(refname) %(objectname) %(*objectname) [1ms]
2023-02-03 13:15:32.797 [info] > git status -z -uall [14ms]
2023-02-03 13:15:32.960 [info] > git ls-files --stage -- /users/hy/wsk-harvest/ansible/environments/distributed/hosts [2ms]
2023-02-03 13:15:32.965 [info] > git ls-files --stage -- /users/hy/wsk-harvest/ansible/environments/local/hosts [12ms]
2023-02-03 13:15:32.966 [info] > git ls-files --stage -- /users/hy/wsk-harvest/ansible/setup.yml [19ms]
2023-02-03 13:15:32.970 [info] > git ls-files --stage -- /users/hy/wsk-harvest/ansible/ansible.cfg [28ms]
2023-02-03 13:15:32.974 [info] > git ls-files --stage -- /users/hy/wsk-harvest/ansible/environments/distributed/group_vars/all [37ms]
2023-02-03 13:15:32.978 [info] > git ls-files --stage -- /users/hy/wsk-harvest/ansible/environments/distributed/hosts.j2.ini [46ms]
2023-02-03 13:15:32.984 [info] > git cat-file -s b8e390cd7348f5d1a7b815b8fe74e4e038270d67 [5ms]
2023-02-03 13:15:32.984 [info] > git cat-file -s a04eb919975c2e71bbb3371400df7a1607008699 [10ms]
2023-02-03 13:15:32.985 [info] > git cat-file -s 93c221b9bac671818c488e157563b18021ec25a6 [15ms]
2023-02-03 13:15:32.985 [info] > git cat-file -s dfcce1d4897d7a386214f9b242202dd8d25bf2b7 [21ms]
2023-02-03 13:15:32.986 [info] > git cat-file -s 77e53d38145e107bf7edcc4e89ca6db781c33519 [4ms]
2023-02-03 13:15:33.170 [info] > git show --textconv :ansible/environments/local/hosts [26ms]
2023-02-03 13:15:33.170 [info] > git show --textconv :ansible/environments/distributed/group_vars/all [20ms]
2023-02-03 13:15:33.170 [info] > git show --textconv :ansible/ansible.cfg [16ms]
2023-02-03 13:15:33.170 [info] > git show --textconv :ansible/setup.yml [11ms]
2023-02-03 13:15:33.170 [info] > git show --textconv :ansible/environments/distributed/hosts [6ms]
2023-02-03 13:15:33.170 [info] > git show --textconv :ansible/environments/distributed/hosts.j2.ini [2ms]
2023-02-03 13:15:38.058 [info] > git config --get commit.template [2ms]
2023-02-03 13:15:38.064 [info] > git for-each-ref --format=%(refname)%00%(upstream:short)%00%(objectname)%00%(upstream:track)%00%(upstream:remotename)%00%(upstream:remoteref) refs/heads/main refs/remotes/main [2ms]
2023-02-03 13:15:38.073 [info] > git for-each-ref --sort -committerdate --format %(refname) %(objectname) %(*objectname) [2ms]
2023-02-03 13:15:38.081 [info] > git status -z -uall [14ms]
2023-02-03 13:16:12.094 [info] > git config --get commit.template [1ms]
2023-02-03 13:16:12.099 [info] > git for-each-ref --format=%(refname)%00%(upstream:short)%00%(objectname)%00%(upstream:track)%00%(upstream:remotename)%00%(upstream:remoteref) refs/heads/main refs/remotes/main [1ms]
2023-02-03 13:16:12.110 [info] > git for-each-ref --sort -committerdate --format %(refname) %(objectname) %(*objectname) [1ms]
2023-02-03 13:16:12.118 [info] > git status -z -uall [15ms]
2023-02-03 13:17:24.136 [info] > git check-ignore -v -z --stdin [3ms]
2023-02-03 13:17:43.989 [info] > git check-ignore -v -z --stdin [3ms]
2023-02-03 13:17:47.416 [info] > git check-ignore -v -z --stdin [2ms]
2023-02-03 13:17:48.151 [info] > git show --textconv :ansible/environments/local/group_vars/all [7ms]
2023-02-03 13:17:48.152 [info] > git ls-files --stage -- /users/hy/wsk-harvest/ansible/environments/local/group_vars/all [1ms]
2023-02-03 13:17:48.156 [info] > git cat-file -s b8e390cd7348f5d1a7b815b8fe74e4e038270d67 [1ms]
2023-02-03 13:18:34.347 [info] > git config --get commit.template [5ms]
2023-02-03 13:18:34.348 [info] > git for-each-ref --format=%(refname)%00%(upstream:short)%00%(objectname)%00%(upstream:track)%00%(upstream:remotename)%00%(upstream:remoteref) refs/heads/main refs/remotes/main [1ms]
2023-02-03 13:18:34.357 [info] > git for-each-ref --sort -committerdate --format %(refname) %(objectname) %(*objectname) [1ms]
2023-02-03 13:18:34.366 [info] > git status -z -uall [14ms]
2023-02-03 13:18:34.419 [info] > git check-ignore -v -z --stdin [2ms]
2023-02-03 13:19:17.922 [info] > git check-ignore -v -z --stdin [2ms]
2023-02-03 13:19:22.222 [info] > git check-ignore -v -z --stdin [2ms]
2023-02-03 13:19:22.249 [info] > git show --textconv :ansible/roles/cli/tasks/deploy.yml [7ms]
2023-02-03 13:19:22.250 [info] > git ls-files --stage -- /users/hy/wsk-harvest/ansible/roles/cli/tasks/deploy.yml [2ms]
2023-02-03 13:19:22.255 [info] > git cat-file -s 4e43947d385795812791e06585d234c9cd011c75 [1ms]
2023-02-03 13:20:51.168 [info] > git config --get commit.template [5ms]
2023-02-03 13:20:51.169 [info] > git for-each-ref --format=%(refname)%00%(upstream:short)%00%(objectname)%00%(upstream:track)%00%(upstream:remotename)%00%(upstream:remoteref) refs/heads/main refs/remotes/main [1ms]
2023-02-03 13:20:51.178 [info] > git for-each-ref --sort -committerdate --format %(refname) %(objectname) %(*objectname) [1ms]
2023-02-03 13:20:51.186 [info] > git status -z -uall [14ms]
2023-02-03 13:21:18.016 [info] > git config --get commit.template [4ms]
2023-02-03 13:21:18.017 [info] > git for-each-ref --format=%(refname)%00%(upstream:short)%00%(objectname)%00%(upstream:track)%00%(upstream:remotename)%00%(upstream:remoteref) refs/heads/main refs/remotes/main [1ms]
2023-02-03 13:21:18.027 [info] > git for-each-ref --sort -committerdate --format %(refname) %(objectname) %(*objectname) [1ms]
2023-02-03 13:21:18.036 [info] > git status -z -uall [14ms]
2023-02-03 13:21:30.241 [info] > git check-ignore -v -z --stdin [3ms]
2023-02-03 13:21:31.491 [info] > git show --textconv :ansible/environments/local_/hosts.j2.ini [6ms]
2023-02-03 13:21:31.492 [info] > git ls-files --stage -- /users/hy/wsk-harvest/ansible/environments/local_/hosts.j2.ini [2ms]
2023-02-03 13:21:36.495 [info] > git show --textconv :ansible/environments/local_/hosts [6ms]
2023-02-03 13:21:36.496 [info] > git ls-files --stage -- /users/hy/wsk-harvest/ansible/environments/local_/hosts [1ms]
2023-02-03 13:21:52.880 [info] > git show --textconv :ansible/environments/distributed/hosts.j2.ini [7ms]
2023-02-03 13:21:52.880 [info] > git ls-files --stage -- /users/hy/wsk-harvest/ansible/environments/distributed/hosts.j2.ini [1ms]
2023-02-03 13:21:52.885 [info] > git cat-file -s 77e53d38145e107bf7edcc4e89ca6db781c33519 [1ms]
2023-02-03 13:21:53.227 [info] > git config --get commit.template [5ms]
2023-02-03 13:21:53.227 [info] > git for-each-ref --format=%(refname)%00%(upstream:short)%00%(objectname)%00%(upstream:track)%00%(upstream:remotename)%00%(upstream:remoteref) refs/heads/main refs/remotes/main [1ms]
2023-02-03 13:21:53.237 [info] > git for-each-ref --sort -committerdate --format %(refname) %(objectname) %(*objectname) [2ms]
2023-02-03 13:21:53.247 [info] > git status -z -uall [15ms]
2023-02-03 13:22:10.195 [info] > git config --get commit.template [6ms]
2023-02-03 13:22:10.196 [info] > git for-each-ref --format=%(refname)%00%(upstream:short)%00%(objectname)%00%(upstream:track)%00%(upstream:remotename)%00%(upstream:remoteref) refs/heads/main refs/remotes/main [1ms]
2023-02-03 13:22:10.207 [info] > git for-each-ref --sort -committerdate --format %(refname) %(objectname) %(*objectname) [2ms]
2023-02-03 13:22:10.217 [info] > git status -z -uall [16ms]
2023-02-03 13:23:13.929 [info] > git check-ignore -v -z --stdin [2ms]
2023-02-03 13:23:18.932 [info] > git config --get commit.template [4ms]
2023-02-03 13:23:18.932 [info] > git for-each-ref --format=%(refname)%00%(upstream:short)%00%(objectname)%00%(upstream:track)%00%(upstream:remotename)%00%(upstream:remoteref) refs/heads/main refs/remotes/main [1ms]
2023-02-03 13:23:18.941 [info] > git for-each-ref --sort -committerdate --format %(refname) %(objectname) %(*objectname) [1ms]
2023-02-03 13:23:18.949 [info] > git status -z -uall [13ms]
2023-02-03 13:23:23.970 [info] > git config --get commit.template [7ms]
2023-02-03 13:23:23.970 [info] > git for-each-ref --format=%(refname)%00%(upstream:short)%00%(objectname)%00%(upstream:track)%00%(upstream:remotename)%00%(upstream:remoteref) refs/heads/main refs/remotes/main [1ms]
2023-02-03 13:23:23.978 [info] > git for-each-ref --sort -committerdate --format %(refname) %(objectname) %(*objectname) [1ms]
2023-02-03 13:23:23.987 [info] > git status -z -uall [14ms]
2023-02-03 13:23:53.132 [info] > git config --get commit.template [5ms]
2023-02-03 13:23:53.132 [info] > git for-each-ref --format=%(refname)%00%(upstream:short)%00%(objectname)%00%(upstream:track)%00%(upstream:remotename)%00%(upstream:remoteref) refs/heads/main refs/remotes/main [1ms]
2023-02-03 13:23:53.141 [info] > git for-each-ref --sort -committerdate --format %(refname) %(objectname) %(*objectname) [1ms]
2023-02-03 13:23:53.151 [info] > git status -z -uall [15ms]
2023-02-03 13:27:54.475 [info] > git show --textconv :ansible/environments/distributed/hosts [7ms]
2023-02-03 13:27:54.475 [info] > git ls-files --stage -- /users/hy/wsk-harvest/ansible/environments/distributed/hosts [1ms]
2023-02-03 13:27:54.481 [info] > git cat-file -s dfcce1d4897d7a386214f9b242202dd8d25bf2b7 [2ms]
2023-02-03 13:27:58.336 [info] > git config --get commit.template [6ms]
2023-02-03 13:27:58.336 [info] > git for-each-ref --format=%(refname)%00%(upstream:short)%00%(objectname)%00%(upstream:track)%00%(upstream:remotename)%00%(upstream:remoteref) refs/heads/main refs/remotes/main [1ms]
2023-02-03 13:27:58.346 [info] > git for-each-ref --sort -committerdate --format %(refname) %(objectname) %(*objectname) [1ms]
2023-02-03 13:27:58.355 [info] > git status -z -uall [15ms]
2023-02-03 13:28:30.332 [info] > git config --get commit.template [5ms]
2023-02-03 13:28:30.332 [info] > git for-each-ref --format=%(refname)%00%(upstream:short)%00%(objectname)%00%(upstream:track)%00%(upstream:remotename)%00%(upstream:remoteref) refs/heads/main refs/remotes/main [1ms]
2023-02-03 13:28:30.342 [info] > git for-each-ref --sort -committerdate --format %(refname) %(objectname) %(*objectname) [1ms]
2023-02-03 13:28:30.350 [info] > git status -z -uall [13ms]
2023-02-03 13:29:04.381 [info] > git config --get commit.template [7ms]
2023-02-03 13:29:04.381 [info] > git for-each-ref --format=%(refname)%00%(upstream:short)%00%(objectname)%00%(upstream:track)%00%(upstream:remotename)%00%(upstream:remoteref) refs/heads/main refs/remotes/main [2ms]
2023-02-03 13:29:04.393 [info] > git for-each-ref --sort -committerdate --format %(refname) %(objectname) %(*objectname) [1ms]
2023-02-03 13:29:04.402 [info] > git status -z -uall [15ms]
2023-02-03 13:29:50.071 [info] > git config --get commit.template [6ms]
2023-02-03 13:29:50.072 [info] > git for-each-ref --format=%(refname)%00%(upstream:short)%00%(objectname)%00%(upstream:track)%00%(upstream:remotename)%00%(upstream:remoteref) refs/heads/main refs/remotes/main [1ms]
2023-02-03 13:29:50.083 [info] > git for-each-ref --sort -committerdate --format %(refname) %(objectname) %(*objectname) [1ms]
2023-02-03 13:29:50.091 [info] > git status -z -uall [14ms]
2023-02-03 13:29:55.114 [info] > git config --get commit.template [6ms]
2023-02-03 13:29:55.115 [info] > git for-each-ref --format=%(refname)%00%(upstream:short)%00%(objectname)%00%(upstream:track)%00%(upstream:remotename)%00%(upstream:remoteref) refs/heads/main refs/remotes/main [1ms]
2023-02-03 13:29:55.125 [info] > git for-each-ref --sort -committerdate --format %(refname) %(objectname) %(*objectname) [2ms]
2023-02-03 13:29:55.134 [info] > git status -z -uall [15ms]
2023-02-03 13:30:20.448 [info] > git check-ignore -v -z --stdin [1ms]
2023-02-03 13:30:34.402 [info] > git show --textconv :ansible/group_vars/all [7ms]
2023-02-03 13:30:34.403 [info] > git ls-files --stage -- /users/hy/wsk-harvest/ansible/group_vars/all [1ms]
2023-02-03 13:30:34.408 [info] > git cat-file -s 072e4aebb15b1e02259b3b76f725fdd282b4248b [1ms]
2023-02-03 13:31:14.188 [info] > git check-ignore -v -z --stdin [3ms]
2023-02-03 13:31:14.205 [info] > git show --textconv :ansible/roles/couchdb/tasks/deploy.yml [6ms]
2023-02-03 13:31:14.206 [info] > git ls-files --stage -- /users/hy/wsk-harvest/ansible/roles/couchdb/tasks/deploy.yml [2ms]
2023-02-03 13:31:14.212 [info] > git cat-file -s f0250b1a517d3a852ccdc232c1667fa8db75a622 [1ms]
2023-02-03 13:32:16.063 [info] > git config --get commit.template [5ms]
2023-02-03 13:32:16.064 [info] > git for-each-ref --format=%(refname)%00%(upstream:short)%00%(objectname)%00%(upstream:track)%00%(upstream:remotename)%00%(upstream:remoteref) refs/heads/main refs/remotes/main [1ms]
2023-02-03 13:32:16.074 [info] > git for-each-ref --sort -committerdate --format %(refname) %(objectname) %(*objectname) [1ms]
2023-02-03 13:32:16.082 [info] > git status -z -uall [14ms]
2023-02-03 13:33:08.675 [info] > git show --textconv :ansible/environments/distributed/hosts [6ms]
2023-02-03 13:33:08.675 [info] > git ls-files --stage -- /users/hy/wsk-harvest/ansible/environments/distributed/hosts [1ms]
2023-02-03 13:33:08.680 [info] > git cat-file -s dfcce1d4897d7a386214f9b242202dd8d25bf2b7 [1ms]
2023-02-03 13:33:12.308 [info] > git config --get commit.template [2ms]
2023-02-03 13:33:12.314 [info] > git for-each-ref --format=%(refname)%00%(upstream:short)%00%(objectname)%00%(upstream:track)%00%(upstream:remotename)%00%(upstream:remoteref) refs/heads/main refs/remotes/main [2ms]
2023-02-03 13:33:12.323 [info] > git for-each-ref --sort -committerdate --format %(refname) %(objectname) %(*objectname) [1ms]
2023-02-03 13:33:12.332 [info] > git status -z -uall [14ms]
2023-02-03 13:33:25.659 [info] > git config --get commit.template [5ms]
2023-02-03 13:33:25.660 [info] > git for-each-ref --format=%(refname)%00%(upstream:short)%00%(objectname)%00%(upstream:track)%00%(upstream:remotename)%00%(upstream:remoteref) refs/heads/main refs/remotes/main [1ms]
2023-02-03 13:33:25.669 [info] > git for-each-ref --sort -committerdate --format %(refname) %(objectname) %(*objectname) [1ms]
2023-02-03 13:33:25.678 [info] > git status -z -uall [14ms]
2023-02-03 13:33:30.699 [info] > git config --get commit.template [9ms]
2023-02-03 13:33:30.699 [info] > git for-each-ref --format=%(refname)%00%(upstream:short)%00%(objectname)%00%(upstream:track)%00%(upstream:remotename)%00%(upstream:remoteref) refs/heads/main refs/remotes/main [1ms]
2023-02-03 13:33:30.709 [info] > git for-each-ref --sort -committerdate --format %(refname) %(objectname) %(*objectname) [1ms]
2023-02-03 13:33:30.717 [info] > git status -z -uall [13ms]
2023-02-03 13:33:51.100 [info] > git config --get commit.template [5ms]
2023-02-03 13:33:51.101 [info] > git for-each-ref --format=%(refname)%00%(upstream:short)%00%(objectname)%00%(upstream:track)%00%(upstream:remotename)%00%(upstream:remoteref) refs/heads/main refs/remotes/main [1ms]
2023-02-03 13:33:51.110 [info] > git for-each-ref --sort -committerdate --format %(refname) %(objectname) %(*objectname) [1ms]
2023-02-03 13:33:51.120 [info] > git status -z -uall [15ms]
2023-02-03 13:34:42.412 [info] > git config --get commit.template [5ms]
2023-02-03 13:34:42.412 [info] > git for-each-ref --format=%(refname)%00%(upstream:short)%00%(objectname)%00%(upstream:track)%00%(upstream:remotename)%00%(upstream:remoteref) refs/heads/main refs/remotes/main [1ms]
2023-02-03 13:34:42.422 [info] > git for-each-ref --sort -committerdate --format %(refname) %(objectname) %(*objectname) [1ms]
2023-02-03 13:34:42.431 [info] > git status -z -uall [15ms]
2023-02-03 13:34:48.402 [info] > git config --get commit.template [8ms]
2023-02-03 13:34:48.403 [info] > git for-each-ref --format=%(refname)%00%(upstream:short)%00%(objectname)%00%(upstream:track)%00%(upstream:remotename)%00%(upstream:remoteref) refs/heads/main refs/remotes/main [1ms]
2023-02-03 13:34:48.413 [info] > git for-each-ref --sort -committerdate --format %(refname) %(objectname) %(*objectname) [2ms]
2023-02-03 13:34:48.422 [info] > git status -z -uall [15ms]
2023-02-03 13:35:33.146 [info] > git show --textconv :ansible/environments/distributed/hosts [6ms]
2023-02-03 13:35:33.147 [info] > git ls-files --stage -- /users/hy/wsk-harvest/ansible/environments/distributed/hosts [1ms]
2023-02-03 13:35:33.152 [info] > git cat-file -s dfcce1d4897d7a386214f9b242202dd8d25bf2b7 [1ms]
2023-02-03 13:35:36.793 [info] > git show --textconv :ansible/setup.sh [6ms]
2023-02-03 13:35:36.793 [info] > git ls-files --stage -- /users/hy/wsk-harvest/ansible/setup.sh [1ms]
2023-02-03 13:35:36.797 [info] > git cat-file -s e401c731a90cbda41eef147074201bc09501f91e [1ms]
2023-02-03 13:35:36.952 [info] > git config --get commit.template [5ms]
2023-02-03 13:35:36.953 [info] > git for-each-ref --format=%(refname)%00%(upstream:short)%00%(objectname)%00%(upstream:track)%00%(upstream:remotename)%00%(upstream:remoteref) refs/heads/main refs/remotes/main [2ms]
2023-02-03 13:35:36.962 [info] > git for-each-ref --sort -committerdate --format %(refname) %(objectname) %(*objectname) [2ms]
2023-02-03 13:35:36.970 [info] > git status -z -uall [13ms]
2023-02-03 13:35:56.099 [info] > git config --get commit.template [7ms]
2023-02-03 13:35:56.099 [info] > git for-each-ref --format=%(refname)%00%(upstream:short)%00%(objectname)%00%(upstream:track)%00%(upstream:remotename)%00%(upstream:remoteref) refs/heads/main refs/remotes/main [1ms]
2023-02-03 13:35:56.108 [info] > git for-each-ref --sort -committerdate --format %(refname) %(objectname) %(*objectname) [1ms]
2023-02-03 13:35:56.117 [info] > git status -z -uall [14ms]
2023-02-03 13:35:56.203 [info] > git check-ignore -v -z --stdin [3ms]
2023-02-03 13:35:56.950 [info] > git check-ignore -v -z --stdin [2ms]
2023-02-03 13:36:00.125 [info] > git show --textconv :ansible/environments/cloudlab/group_vars/all [6ms]
2023-02-03 13:36:00.125 [info] > git ls-files --stage -- /users/hy/wsk-harvest/ansible/environments/cloudlab/group_vars/all [1ms]
2023-02-03 13:36:08.050 [info] > git show --textconv :ansible/environments/cloudlab/hosts.j2.ini [9ms]
2023-02-03 13:36:08.050 [info] > git ls-files --stage -- /users/hy/wsk-harvest/ansible/environments/cloudlab/hosts.j2.ini [1ms]
2023-02-03 13:37:06.920 [info] > git check-ignore -v -z --stdin [2ms]
2023-02-03 13:37:32.771 [info] > git config --get commit.template [6ms]
2023-02-03 13:37:32.771 [info] > git for-each-ref --format=%(refname)%00%(upstream:short)%00%(objectname)%00%(upstream:track)%00%(upstream:remotename)%00%(upstream:remoteref) refs/heads/main refs/remotes/main [1ms]
2023-02-03 13:37:32.781 [info] > git for-each-ref --sort -committerdate --format %(refname) %(objectname) %(*objectname) [1ms]
2023-02-03 13:37:32.790 [info] > git status -z -uall [15ms]
2023-02-03 13:37:49.694 [info] > git config --get commit.template [7ms]
2023-02-03 13:37:49.695 [info] > git for-each-ref --format=%(refname)%00%(upstream:short)%00%(objectname)%00%(upstream:track)%00%(upstream:remotename)%00%(upstream:remoteref) refs/heads/main refs/remotes/main [2ms]
2023-02-03 13:37:49.704 [info] > git for-each-ref --sort -committerdate --format %(refname) %(objectname) %(*objectname) [1ms]
2023-02-03 13:37:49.712 [info] > git status -z -uall [13ms]
2023-02-03 13:40:24.325 [info] > git config --get commit.template [5ms]
2023-02-03 13:40:24.326 [info] > git for-each-ref --format=%(refname)%00%(upstream:short)%00%(objectname)%00%(upstream:track)%00%(upstream:remotename)%00%(upstream:remoteref) refs/heads/main refs/remotes/main [2ms]
2023-02-03 13:40:24.335 [info] > git for-each-ref --sort -committerdate --format %(refname) %(objectname) %(*objectname) [1ms]
2023-02-03 13:40:24.344 [info] > git status -z -uall [14ms]
2023-02-03 13:40:24.501 [info] > git ls-files --stage -- /users/hy/wsk-harvest/ansible/environments/cloudlab/group_vars/all [5ms]
2023-02-03 13:40:24.501 [info] > git ls-files --stage -- /users/hy/wsk-harvest/ansible/setup.sh [11ms]
2023-02-03 13:40:24.507 [info] > git ls-files --stage -- /users/hy/wsk-harvest/ansible/setup.yml [20ms]
2023-02-03 13:40:24.511 [info] > git ls-files --stage -- /users/hy/wsk-harvest/ansible/ansible.cfg [32ms]
2023-02-03 13:40:24.516 [info] > git cat-file -s aecddae6467248224bf7541ed68f1eddb4d5e5b9 [6ms]
2023-02-03 13:40:24.516 [info] > git cat-file -s e401c731a90cbda41eef147074201bc09501f91e [10ms]
2023-02-03 13:40:24.516 [info] > git ls-files --stage -- /users/hy/wsk-harvest/ansible/environments/cloudlab/hosts.j2.ini [17ms]
2023-02-03 13:40:24.517 [info] > git cat-file -s 50d79d6947568419f1e877288b06737fd7c2d29a [2ms]
2023-02-03 13:40:24.696 [info] > git show --textconv :ansible/environments/cloudlab/group_vars/all [20ms]
2023-02-03 13:40:24.696 [info] > git show --textconv :ansible/setup.yml [15ms]
2023-02-03 13:40:24.696 [info] > git show --textconv :ansible/setup.sh [10ms]
2023-02-03 13:40:24.696 [info] > git show --textconv :ansible/environments/cloudlab/hosts.j2.ini [6ms]
2023-02-03 13:40:24.698 [info] > git show --textconv :ansible/ansible.cfg [3ms]
2023-02-03 13:41:54.257 [info] > git config --get commit.template [4ms]
2023-02-03 13:41:54.257 [info] > git for-each-ref --format=%(refname)%00%(upstream:short)%00%(objectname)%00%(upstream:track)%00%(upstream:remotename)%00%(upstream:remoteref) refs/heads/main refs/remotes/main [1ms]
2023-02-03 13:41:54.267 [info] > git for-each-ref --sort -committerdate --format %(refname) %(objectname) %(*objectname) [2ms]
2023-02-03 13:41:54.276 [info] > git status -z -uall [15ms]
2023-02-03 13:43:12.784 [info] > git config --get commit.template [4ms]
2023-02-03 13:43:12.784 [info] > git for-each-ref --format=%(refname)%00%(upstream:short)%00%(objectname)%00%(upstream:track)%00%(upstream:remotename)%00%(upstream:remoteref) refs/heads/main refs/remotes/main [1ms]
2023-02-03 13:43:12.794 [info] > git for-each-ref --sort -committerdate --format %(refname) %(objectname) %(*objectname) [1ms]
2023-02-03 13:43:12.803 [info] > git status -z -uall [15ms]
2023-02-03 13:43:55.028 [info] > git config --get commit.template [1ms]
2023-02-03 13:43:55.032 [info] > git for-each-ref --format=%(refname)%00%(upstream:short)%00%(objectname)%00%(upstream:track)%00%(upstream:remotename)%00%(upstream:remoteref) refs/heads/main refs/remotes/main [1ms]
2023-02-03 13:43:55.042 [info] > git for-each-ref --sort -committerdate --format %(refname) %(objectname) %(*objectname) [1ms]
2023-02-03 13:43:55.051 [info] > git status -z -uall [15ms]
2023-02-03 13:56:18.716 [info] > git check-ignore -v -z --stdin [3ms]
2023-02-03 13:56:21.215 [info] > git check-ignore -v -z --stdin [3ms]
2023-02-03 13:56:25.323 [info] > git show --textconv :tools/ubuntu-setup/all.sh [7ms]
2023-02-03 13:56:25.324 [info] > git ls-files --stage -- /users/hy/wsk-harvest/tools/ubuntu-setup/all.sh [2ms]
2023-02-03 13:56:25.330 [info] > git cat-file -s 21a37ff9c00d1dac8186f82e73e92df713625855 [1ms]
2023-02-03 13:56:28.015 [info] > git show --textconv :tools/ubuntu-setup/pip.sh [7ms]
2023-02-03 13:56:28.016 [info] > git ls-files --stage -- /users/hy/wsk-harvest/tools/ubuntu-setup/pip.sh [1ms]
2023-02-03 13:56:28.021 [info] > git cat-file -s f9add2933d31b617fccbecf077a9364d04fa57b7 [1ms]
2023-02-03 13:59:21.327 [info] > git config --get commit.template [2ms]
2023-02-03 13:59:21.333 [info] > git for-each-ref --format=%(refname)%00%(upstream:short)%00%(objectname)%00%(upstream:track)%00%(upstream:remotename)%00%(upstream:remoteref) refs/heads/main refs/remotes/main [2ms]
2023-02-03 13:59:21.343 [info] > git for-each-ref --sort -committerdate --format %(refname) %(objectname) %(*objectname) [1ms]
2023-02-03 13:59:21.353 [info] > git status -z -uall [16ms]
2023-02-03 14:03:03.219 [info] > git config --get commit.template [1ms]
2023-02-03 14:03:03.224 [info] > git for-each-ref --format=%(refname)%00%(upstream:short)%00%(objectname)%00%(upstream:track)%00%(upstream:remotename)%00%(upstream:remoteref) refs/heads/main refs/remotes/main [1ms]
2023-02-03 14:03:03.233 [info] > git for-each-ref --sort -committerdate --format %(refname) %(objectname) %(*objectname) [1ms]
2023-02-03 14:03:03.242 [info] > git status -z -uall [14ms]
2023-02-03 14:03:17.964 [info] > git config --get commit.template [5ms]
2023-02-03 14:03:17.965 [info] > git for-each-ref --format=%(refname)%00%(upstream:short)%00%(objectname)%00%(upstream:track)%00%(upstream:remotename)%00%(upstream:remoteref) refs/heads/main refs/remotes/main [1ms]
2023-02-03 14:03:17.977 [info] > git for-each-ref --sort -committerdate --format %(refname) %(objectname) %(*objectname) [2ms]
2023-02-03 14:03:17.985 [info] > git status -z -uall [15ms]
2023-02-03 14:07:20.808 [info] > git config --get commit.template [5ms]
2023-02-03 14:07:20.808 [info] > git for-each-ref --format=%(refname)%00%(upstream:short)%00%(objectname)%00%(upstream:track)%00%(upstream:remotename)%00%(upstream:remoteref) refs/heads/main refs/remotes/main [1ms]
2023-02-03 14:07:20.817 [info] > git for-each-ref --sort -committerdate --format %(refname) %(objectname) %(*objectname) [1ms]
2023-02-03 14:07:20.827 [info] > git status -z -uall [15ms]
2023-02-03 14:22:42.238 [info] > git config --get commit.template [5ms]
2023-02-03 14:22:42.238 [info] > git for-each-ref --format=%(refname)%00%(upstream:short)%00%(objectname)%00%(upstream:track)%00%(upstream:remotename)%00%(upstream:remoteref) refs/heads/main refs/remotes/main [1ms]
2023-02-03 14:22:42.247 [info] > git for-each-ref --sort -committerdate --format %(refname) %(objectname) %(*objectname) [1ms]
2023-02-03 14:22:42.256 [info] > git status -z -uall [14ms]
2023-02-03 14:24:24.751 [info] > git config --get commit.template [5ms]
2023-02-03 14:24:24.752 [info] > git for-each-ref --format=%(refname)%00%(upstream:short)%00%(objectname)%00%(upstream:track)%00%(upstream:remotename)%00%(upstream:remoteref) refs/heads/main refs/remotes/main [1ms]
2023-02-03 14:24:24.762 [info] > git for-each-ref --sort -committerdate --format %(refname) %(objectname) %(*objectname) [2ms]
2023-02-03 14:24:24.770 [info] > git status -z -uall [14ms]
2023-02-03 14:24:40.612 [info] > git config --get commit.template [5ms]
2023-02-03 14:24:40.612 [info] > git for-each-ref --format=%(refname)%00%(upstream:short)%00%(objectname)%00%(upstream:track)%00%(upstream:remotename)%00%(upstream:remoteref) refs/heads/main refs/remotes/main [1ms]
2023-02-03 14:24:40.622 [info] > git for-each-ref --sort -committerdate --format %(refname) %(objectname) %(*objectname) [2ms]
2023-02-03 14:24:40.631 [info] > git status -z -uall [14ms]
2023-02-03 14:24:44.063 [info] > git show --textconv :ansible/environments/cloudlab/hosts [5ms]
2023-02-03 14:24:44.064 [info] > git ls-files --stage -- /users/hy/wsk-harvest/ansible/environments/cloudlab/hosts [2ms]
2023-02-03 14:29:47.680 [info] > git config --get commit.template [5ms]
2023-02-03 14:29:47.680 [info] > git for-each-ref --format=%(refname)%00%(upstream:short)%00%(objectname)%00%(upstream:track)%00%(upstream:remotename)%00%(upstream:remoteref) refs/heads/main refs/remotes/main [1ms]
2023-02-03 14:29:47.690 [info] > git for-each-ref --sort -committerdate --format %(refname) %(objectname) %(*objectname) [2ms]
2023-02-03 14:29:47.698 [info] > git status -z -uall [14ms]
2023-02-03 14:29:52.717 [info] > git config --get commit.template [6ms]
2023-02-03 14:29:52.717 [info] > git for-each-ref --format=%(refname)%00%(upstream:short)%00%(objectname)%00%(upstream:track)%00%(upstream:remotename)%00%(upstream:remoteref) refs/heads/main refs/remotes/main [1ms]
2023-02-03 14:29:52.727 [info] > git for-each-ref --sort -committerdate --format %(refname) %(objectname) %(*objectname) [1ms]
2023-02-03 14:29:52.736 [info] > git status -z -uall [14ms]
2023-02-03 14:30:03.814 [info] > git config --get commit.template [5ms]
2023-02-03 14:30:03.846 [info] > git for-each-ref --format=%(refname)%00%(upstream:short)%00%(objectname)%00%(upstream:track)%00%(upstream:remotename)%00%(upstream:remoteref) refs/heads/main refs/remotes/main [32ms]
2023-02-03 14:30:03.856 [info] > git for-each-ref --sort -committerdate --format %(refname) %(objectname) %(*objectname) [2ms]
2023-02-03 14:30:03.864 [info] > git status -z -uall [13ms]
2023-02-03 14:30:22.354 [info] > git config --get commit.template [7ms]
2023-02-03 14:30:22.355 [info] > git for-each-ref --format=%(refname)%00%(upstream:short)%00%(objectname)%00%(upstream:track)%00%(upstream:remotename)%00%(upstream:remoteref) refs/heads/main refs/remotes/main [1ms]
2023-02-03 14:30:22.366 [info] > git for-each-ref --sort -committerdate --format %(refname) %(objectname) %(*objectname) [1ms]
2023-02-03 14:30:22.372 [info] > git status -z -uall [12ms]
2023-02-03 14:35:40.235 [info] > git show --textconv :ansible/db_local.ini [5ms]
2023-02-03 14:35:40.236 [info] > git ls-files --stage -- /users/hy/wsk-harvest/ansible/db_local.ini [1ms]
2023-02-03 14:36:03.507 [info] > git config --get commit.template [1ms]
2023-02-03 14:36:03.514 [info] > git for-each-ref --format=%(refname)%00%(upstream:short)%00%(objectname)%00%(upstream:track)%00%(upstream:remotename)%00%(upstream:remoteref) refs/heads/main refs/remotes/main [1ms]
2023-02-03 14:36:03.524 [info] > git for-each-ref --sort -committerdate --format %(refname) %(objectname) %(*objectname) [1ms]
2023-02-03 14:36:03.532 [info] > git status -z -uall [14ms]
2023-02-03 14:36:08.555 [info] > git config --get commit.template [8ms]
2023-02-03 14:36:08.555 [info] > git for-each-ref --format=%(refname)%00%(upstream:short)%00%(objectname)%00%(upstream:track)%00%(upstream:remotename)%00%(upstream:remoteref) refs/heads/main refs/remotes/main [1ms]
2023-02-03 14:36:08.565 [info] > git for-each-ref --sort -committerdate --format %(refname) %(objectname) %(*objectname) [1ms]
2023-02-03 14:36:08.574 [info] > git status -z -uall [15ms]
2023-02-03 14:36:20.715 [info] > git config --get commit.template [6ms]
2023-02-03 14:36:20.716 [info] > git for-each-ref --format=%(refname)%00%(upstream:short)%00%(objectname)%00%(upstream:track)%00%(upstream:remotename)%00%(upstream:remoteref) refs/heads/main refs/remotes/main [1ms]
2023-02-03 14:36:20.725 [info] > git for-each-ref --sort -committerdate --format %(refname) %(objectname) %(*objectname) [1ms]
2023-02-03 14:36:20.735 [info] > git status -z -uall [15ms]
2023-02-03 14:37:05.570 [info] > git show --textconv :ansible/environments/local/hosts [7ms]
2023-02-03 14:37:05.571 [info] > git ls-files --stage -- /users/hy/wsk-harvest/ansible/environments/local/hosts [1ms]
2023-02-03 14:37:06.747 [info] > git show --textconv :ansible/environments/local/hosts.j2.ini [4ms]
2023-02-03 14:37:06.748 [info] > git ls-files --stage -- /users/hy/wsk-harvest/ansible/environments/local/hosts.j2.ini [1ms]
2023-02-03 14:37:06.752 [info] > git cat-file -s 26fce32d8b542dcef53035c25aa8a22b9e147bd1 [1ms]
2023-02-03 14:54:57.564 [info] > git check-ignore -v -z --stdin [2ms]
2023-02-03 14:55:00.233 [info] > git check-ignore -v -z --stdin [2ms]
2023-02-03 14:55:02.883 [info] > git check-ignore -v -z --stdin [3ms]
2023-02-03 14:55:02.909 [info] > git show --textconv :ansible/roles/invoker/tasks/deploy.yml [7ms]
2023-02-03 14:55:02.910 [info] > git ls-files --stage -- /users/hy/wsk-harvest/ansible/roles/invoker/tasks/deploy.yml [1ms]
2023-02-03 14:55:02.915 [info] > git cat-file -s 62e21fb348702e731a8638bdafd4a488944ec695 [1ms]
2023-02-03 14:56:19.272 [info] > git check-ignore -v -z --stdin [2ms]
2023-02-03 14:56:22.868 [info] > git rev-parse --show-toplevel [4ms]
2023-02-03 14:56:22.868 [info] fatal: not a git repository (or any of the parent directories): .git
2023-02-03 14:56:34.891 [info] > git show --textconv :docs/spi.md [5ms]
2023-02-03 14:56:34.892 [info] > git ls-files --stage -- /users/hy/wsk-harvest/docs/spi.md [2ms]
2023-02-03 14:56:34.896 [info] > git cat-file -s 368eb51337edfb5fed560147e178b93b2a714df1 [1ms]
2023-02-03 14:56:41.884 [info] > git rev-parse --show-toplevel [4ms]
2023-02-03 14:56:41.884 [info] fatal: not a git repository (or any of the parent directories): .git
2023-02-03 15:00:27.620 [info] > git check-ignore -v -z --stdin [4ms]
2023-02-03 15:00:31.084 [info] > git check-ignore -v -z --stdin [3ms]
2023-02-03 15:00:36.516 [info] > git show --textconv :tools/github/setup.sh [6ms]
2023-02-03 15:00:36.517 [info] > git ls-files --stage -- /users/hy/wsk-harvest/tools/github/setup.sh [1ms]
2023-02-03 15:00:36.523 [info] > git cat-file -s aefb2104764c13bfa95e237cb6924336c79ad165 [1ms]
2023-02-03 15:00:40.059 [info] > git check-ignore -v -z --stdin [1ms]
2023-02-03 15:00:40.224 [info] > git show --textconv :tools/jenkins/apache/dockerhub.groovy [7ms]
2023-02-03 15:00:40.225 [info] > git ls-files --stage -- /users/hy/wsk-harvest/tools/jenkins/apache/dockerhub.groovy [2ms]
2023-02-03 15:00:40.232 [info] > git cat-file -s 6573495229410d95c3418dacb2df95618d04f4fe [1ms]
2023-02-03 15:00:52.348 [info] > git show --textconv :tools/build/redo [6ms]
2023-02-03 15:00:52.349 [info] > git ls-files --stage -- /users/hy/wsk-harvest/tools/build/redo [2ms]
2023-02-03 15:00:52.354 [info] > git cat-file -s b2ec0881289824e20a396c619eb6f1ac80660bb1 [1ms]
2023-02-03 15:13:27.020 [info] > git rev-parse --show-toplevel [1ms]
2023-02-03 15:13:27.025 [info] > git rev-parse --git-dir --git-common-dir [1ms]
2023-02-03 15:13:27.035 [info] Open repository: /users/hy/openwhisk-catalog
2023-02-03 15:13:27.050 [info] > git config --get commit.template [0ms]
2023-02-03 15:13:27.050 [info] > git rev-parse --show-toplevel [10ms]
2023-02-03 15:13:27.056 [info] > git for-each-ref --format=%(refname)%00%(upstream:short)%00%(objectname)%00%(upstream:track)%00%(upstream:remotename)%00%(upstream:remoteref) refs/heads/master refs/remotes/master [1ms]
2023-02-03 15:13:27.066 [info] > git status -z -uall [5ms]
2023-02-03 15:13:27.068 [info] > git for-each-ref --sort -committerdate --format %(refname) %(objectname) %(*objectname) [2ms]
2023-02-03 15:13:28.126 [info] > git check-ignore -v -z --stdin [4ms]
2023-02-03 15:21:16.332 [info] > git config --get commit.template [5ms]
2023-02-03 15:21:16.333 [info] > git config --get commit.template [1ms]
2023-02-03 15:21:16.342 [info] > git for-each-ref --format=%(refname)%00%(upstream:short)%00%(objectname)%00%(upstream:track)%00%(upstream:remotename)%00%(upstream:remoteref) refs/heads/main refs/remotes/main [5ms]
2023-02-03 15:21:16.353 [info] > git for-each-ref --format=%(refname)%00%(upstream:short)%00%(objectname)%00%(upstream:track)%00%(upstream:remotename)%00%(upstream:remoteref) refs/heads/master refs/remotes/master [12ms]
2023-02-03 15:21:16.363 [info] > git status -z -uall [16ms]
2023-02-03 15:21:16.363 [info] > git status -z -uall [5ms]
2023-02-03 15:21:16.364 [info] > git for-each-ref --sort -committerdate --format %(refname) %(objectname) %(*objectname) [12ms]
2023-02-03 15:21:16.367 [info] > git for-each-ref --sort -committerdate --format %(refname) %(objectname) %(*objectname) [3ms]
2023-02-03 15:21:16.573 [info] > git ls-files --stage -- /users/hy/wsk-harvest/tools/jenkins/apache/dockerhub.groovy [8ms]
2023-02-03 15:21:16.579 [info] > git ls-files --stage -- /users/hy/wsk-harvest/docs/spi.md [19ms]
2023-02-03 15:21:16.584 [info] > git ls-files --stage -- /users/hy/wsk-harvest/ansible/roles/invoker/tasks/deploy.yml [29ms]
2023-02-03 15:21:16.589 [info] > git ls-files --stage -- /users/hy/wsk-harvest/ansible/environments/local/hosts.j2.ini [40ms]
2023-02-03 15:21:16.594 [info] > git ls-files --stage -- /users/hy/wsk-harvest/ansible/environments/local/hosts [50ms]
2023-02-03 15:21:16.597 [info] > git ls-files --stage -- /users/hy/wsk-harvest/ansible/db_local.ini [59ms]
2023-02-03 15:21:16.597 [info] > git ls-files --stage -- /users/hy/wsk-harvest/ansible/environments/cloudlab/hosts [64ms]
2023-02-03 15:21:16.598 [info] > git ls-files --stage -- /users/hy/wsk-harvest/tools/ubuntu-setup/pip.sh [70ms]
2023-02-03 15:21:16.603 [info] > git ls-files --stage -- /users/hy/wsk-harvest/tools/ubuntu-setup/all.sh [81ms]
2023-02-03 15:21:16.609 [info] > git ls-files --stage -- /users/hy/wsk-harvest/ansible/environments/cloudlab/hosts.j2.ini [92ms]
2023-02-03 15:21:16.609 [info] > git ls-files --stage -- /users/hy/wsk-harvest/ansible/environments/cloudlab/group_vars/all [97ms]
2023-02-03 15:21:16.610 [info] > git ls-files --stage -- /users/hy/wsk-harvest/ansible/setup.sh [104ms]
2023-02-03 15:21:16.615 [info] > git ls-files --stage -- /users/hy/wsk-harvest/ansible/setup.yml [115ms]
2023-02-03 15:21:16.620 [info] > git ls-files --stage -- /users/hy/wsk-harvest/ansible/ansible.cfg [125ms]
2023-02-03 15:21:16.626 [info] > git cat-file -s aecddae6467248224bf7541ed68f1eddb4d5e5b9 [7ms]
2023-02-03 15:21:16.627 [info] > git cat-file -s 0c8527dfc27987c41b4ffea49bed0d98065ecf79 [13ms]
2023-02-03 15:21:16.627 [info] > git cat-file -s 21a37ff9c00d1dac8186f82e73e92df713625855 [19ms]
2023-02-03 15:21:16.627 [info] > git cat-file -s f9add2933d31b617fccbecf077a9364d04fa57b7 [24ms]
2023-02-03 15:21:16.628 [info] > git cat-file -s 26fce32d8b542dcef53035c25aa8a22b9e147bd1 [34ms]
2023-02-03 15:21:16.628 [info] > git cat-file -s 62e21fb348702e731a8638bdafd4a488944ec695 [40ms]
2023-02-03 15:21:16.628 [info] > git cat-file -s 368eb51337edfb5fed560147e178b93b2a714df1 [45ms]
2023-02-03 15:21:16.629 [info] > git cat-file -s 6573495229410d95c3418dacb2df95618d04f4fe [50ms]
2023-02-03 15:21:16.629 [info] > git ls-files --stage -- /users/hy/wsk-harvest/tools/build/redo [58ms]
2023-02-03 15:21:16.636 [info] > git cat-file -s 50d79d6947568419f1e877288b06737fd7c2d29a [10ms]
2023-02-03 15:21:16.636 [info] > git cat-file -s b2ec0881289824e20a396c619eb6f1ac80660bb1 [2ms]
2023-02-03 15:21:16.880 [info] > git show --textconv :ansible/environments/local/hosts [83ms]
2023-02-03 15:21:16.880 [info] > git show --textconv :ansible/db_local.ini [76ms]
2023-02-03 15:21:16.880 [info] > git show --textconv :ansible/environments/cloudlab/hosts [71ms]
2023-02-03 15:21:16.880 [info] > git show --textconv :ansible/environments/cloudlab/hosts.j2.ini [66ms]
2023-02-03 15:21:16.881 [info] > git show --textconv :ansible/environments/cloudlab/group_vars/all [61ms]
2023-02-03 15:21:16.881 [info] > git show --textconv :ansible/setup.yml [56ms]
2023-02-03 15:21:16.881 [info] > git show --textconv :ansible/setup.sh [50ms]
2023-02-03 15:21:16.881 [info] > git show --textconv :tools/ubuntu-setup/all.sh [44ms]
2023-02-03 15:21:16.881 [info] > git show --textconv :tools/ubuntu-setup/pip.sh [39ms]
2023-02-03 15:21:16.881 [info] > git show --textconv :ansible/environments/local/hosts.j2.ini [33ms]
2023-02-03 15:21:16.881 [info] > git show --textconv :ansible/roles/invoker/tasks/deploy.yml [28ms]
2023-02-03 15:21:16.881 [info] > git show --textconv :docs/spi.md [22ms]
2023-02-03 15:21:16.881 [info] > git show --textconv :tools/jenkins/apache/dockerhub.groovy [17ms]
2023-02-03 15:21:16.881 [info] > git show --textconv :ansible/ansible.cfg [11ms]
2023-02-03 15:21:16.882 [info] > git show --textconv :tools/build/redo [5ms]
2023-02-03 15:21:21.387 [info] > git config --get commit.template [8ms]
2023-02-03 15:21:21.388 [info] > git for-each-ref --format=%(refname)%00%(upstream:short)%00%(objectname)%00%(upstream:track)%00%(upstream:remotename)%00%(upstream:remoteref) refs/heads/main refs/remotes/main [1ms]
2023-02-03 15:21:21.400 [info] > git for-each-ref --sort -committerdate --format %(refname) %(objectname) %(*objectname) [1ms]
2023-02-03 15:21:21.409 [info] > git status -z -uall [15ms]
2023-02-03 15:29:45.183 [info] > git config --get commit.template [6ms]
2023-02-03 15:29:45.183 [info] > git for-each-ref --format=%(refname)%00%(upstream:short)%00%(objectname)%00%(upstream:track)%00%(upstream:remotename)%00%(upstream:remoteref) refs/heads/main refs/remotes/main [1ms]
2023-02-03 15:29:45.196 [info] > git for-each-ref --sort -committerdate --format %(refname) %(objectname) %(*objectname) [2ms]
2023-02-03 15:29:45.203 [info] > git status -z -uall [14ms]
2023-02-03 15:29:45.422 [info] > git ls-files --stage -- /users/hy/wsk-harvest/tools/jenkins/apache/dockerhub.groovy [7ms]
2023-02-03 15:29:45.428 [info] > git ls-files --stage -- /users/hy/wsk-harvest/docs/spi.md [19ms]
2023-02-03 15:29:45.434 [info] > git ls-files --stage -- /users/hy/wsk-harvest/ansible/roles/invoker/tasks/deploy.yml [29ms]
2023-02-03 15:29:45.440 [info] > git ls-files --stage -- /users/hy/wsk-harvest/ansible/environments/local/hosts.j2.ini [41ms]
2023-02-03 15:29:45.446 [info] > git ls-files --stage -- /users/hy/wsk-harvest/ansible/environments/local/hosts [51ms]
2023-02-03 15:29:45.448 [info] > git ls-files --stage -- /users/hy/wsk-harvest/ansible/db_local.ini [60ms]
2023-02-03 15:29:45.449 [info] > git ls-files --stage -- /users/hy/wsk-harvest/ansible/environments/cloudlab/hosts [65ms]
2023-02-03 15:29:45.450 [info] > git ls-files --stage -- /users/hy/wsk-harvest/tools/ubuntu-setup/pip.sh [73ms]
2023-02-03 15:29:45.456 [info] > git ls-files --stage -- /users/hy/wsk-harvest/tools/ubuntu-setup/all.sh [83ms]
2023-02-03 15:29:45.461 [info] > git ls-files --stage -- /users/hy/wsk-harvest/ansible/environments/cloudlab/hosts.j2.ini [94ms]
2023-02-03 15:29:45.462 [info] > git ls-files --stage -- /users/hy/wsk-harvest/ansible/environments/cloudlab/group_vars/all [101ms]
2023-02-03 15:29:45.462 [info] > git ls-files --stage -- /users/hy/wsk-harvest/ansible/setup.sh [106ms]
2023-02-03 15:29:45.466 [info] > git ls-files --stage -- /users/hy/wsk-harvest/ansible/setup.yml [115ms]
2023-02-03 15:29:45.471 [info] > git ls-files --stage -- /users/hy/wsk-harvest/ansible/ansible.cfg [128ms]
2023-02-03 15:29:45.480 [info] > git cat-file -s 50d79d6947568419f1e877288b06737fd7c2d29a [4ms]
2023-02-03 15:29:45.481 [info] > git cat-file -s aecddae6467248224bf7541ed68f1eddb4d5e5b9 [11ms]
2023-02-03 15:29:45.481 [info] > git cat-file -s 54f8be9cb489cd4992be23e593e61acf137adf3a [15ms]
2023-02-03 15:29:45.482 [info] > git cat-file -s 21a37ff9c00d1dac8186f82e73e92df713625855 [21ms]
2023-02-03 15:29:45.482 [info] > git cat-file -s f9add2933d31b617fccbecf077a9364d04fa57b7 [27ms]
2023-02-03 15:29:45.483 [info] > git cat-file -s 26fce32d8b542dcef53035c25aa8a22b9e147bd1 [38ms]
2023-02-03 15:29:45.483 [info] > git cat-file -s 62e21fb348702e731a8638bdafd4a488944ec695 [44ms]
2023-02-03 15:29:45.483 [info] > git cat-file -s 368eb51337edfb5fed560147e178b93b2a714df1 [50ms]
2023-02-03 15:29:45.484 [info] > git cat-file -s 6573495229410d95c3418dacb2df95618d04f4fe [56ms]
2023-02-03 15:29:45.484 [info] > git ls-files --stage -- /users/hy/wsk-harvest/tools/build/redo [64ms]
2023-02-03 15:29:45.490 [info] > git cat-file -s b2ec0881289824e20a396c619eb6f1ac80660bb1 [1ms]
2023-02-03 15:29:45.671 [info] > git show --textconv :ansible/environments/local/hosts [20ms]
2023-02-03 15:29:45.671 [info] > git show --textconv :ansible/db_local.ini [16ms]
2023-02-03 15:29:45.671 [info] > git show --textconv :ansible/environments/cloudlab/hosts [11ms]
2023-02-03 15:29:45.672 [info] > git show --textconv :ansible/environments/cloudlab/hosts.j2.ini [7ms]
2023-02-03 15:29:45.672 [info] > git show --textconv :ansible/environments/cloudlab/group_vars/all [2ms]
2023-02-03 15:29:45.727 [info] > git show --textconv :ansible/ansible.cfg [46ms]
2023-02-03 15:29:45.727 [info] > git show --textconv :ansible/setup.yml [41ms]
2023-02-03 15:29:45.727 [info] > git show --textconv :ansible/setup.sh [36ms]
2023-02-03 15:29:45.727 [info] > git show --textconv :tools/ubuntu-setup/all.sh [32ms]
2023-02-03 15:29:45.727 [info] > git show --textconv :tools/ubuntu-setup/pip.sh [28ms]
2023-02-03 15:29:45.727 [info] > git show --textconv :ansible/environments/local/hosts.j2.ini [23ms]
2023-02-03 15:29:45.727 [info] > git show --textconv :ansible/roles/invoker/tasks/deploy.yml [18ms]
2023-02-03 15:29:45.728 [info] > git show --textconv :docs/spi.md [14ms]
2023-02-03 15:29:45.728 [info] > git show --textconv :tools/jenkins/apache/dockerhub.groovy [8ms]
2023-02-03 15:29:45.728 [info] > git show --textconv :tools/build/redo [3ms]
2023-02-03 15:29:50.228 [info] > git config --get commit.template [7ms]
2023-02-03 15:29:50.228 [info] > git for-each-ref --format=%(refname)%00%(upstream:short)%00%(objectname)%00%(upstream:track)%00%(upstream:remotename)%00%(upstream:remoteref) refs/heads/main refs/remotes/main [1ms]
2023-02-03 15:29:50.241 [info] > git for-each-ref --sort -committerdate --format %(refname) %(objectname) %(*objectname) [2ms]
2023-02-03 15:29:50.249 [info] > git status -z -uall [15ms]
