2023-02-10 09:07:01.578 [info] Log level: Info
2023-02-10 09:07:01.579 [info] Validating found git in: "git"
2023-02-10 09:07:01.579 [info] Using git "2.25.1" from "git"
2023-02-10 09:07:01.579 [info] > git rev-parse --show-toplevel [54ms]
2023-02-10 09:07:01.579 [info] fatal: not a git repository (or any of the parent directories): .git
2023-02-10 09:07:01.579 [info] > git rev-parse --show-toplevel [4ms]
2023-02-10 09:07:01.579 [info] > git rev-parse --git-dir --git-common-dir [2ms]
2023-02-10 09:07:01.579 [info] Open repository: /users/hy/wsk-harvest
2023-02-10 09:07:01.579 [info] > git config --get commit.template [2ms]
2023-02-10 09:07:01.579 [info] > git rev-parse --show-toplevel [6ms]
2023-02-10 09:07:01.579 [info] fatal: not a git repository (or any of the parent directories): .git
2023-02-10 09:07:01.579 [info] > git rev-parse --show-toplevel [6ms]
2023-02-10 09:07:01.579 [info] fatal: not a git repository (or any of the parent directories): .git
2023-02-10 09:07:01.579 [info] > git for-each-ref --format=%(refname)%00%(upstream:short)%00%(objectname)%00%(upstream:track)%00%(upstream:remotename)%00%(upstream:remoteref) refs/heads/main refs/remotes/main [5ms]
2023-02-10 09:07:01.579 [info] > git rev-parse --show-toplevel [13ms]
2023-02-10 09:07:01.579 [info] fatal: not a git repository (or any of the parent directories): .git
2023-02-10 09:07:01.579 [info] > git status -z -uall [27ms]
2023-02-10 09:07:01.579 [info] > git rev-parse --show-toplevel [17ms]
2023-02-10 09:07:01.579 [info] fatal: not a git repository (or any of the parent directories): .git
2023-02-10 09:07:01.579 [info] > git for-each-ref --sort -committerdate --format %(refname) %(objectname) %(*objectname) [26ms]
2023-02-10 09:07:01.579 [info] > git rev-parse --show-toplevel [3ms]
2023-02-10 09:07:01.579 [info] fatal: not a git repository (or any of the parent directories): .git
2023-02-10 09:07:01.579 [info] > git rev-parse --show-toplevel [83ms]
2023-02-10 09:07:01.579 [info] fatal: not a git repository (or any of the parent directories): .git
2023-02-10 09:07:01.579 [info] > git config --get commit.template [8ms]
2023-02-10 09:07:01.579 [info] > git rev-parse --show-toplevel [4ms]
2023-02-10 09:07:01.579 [info] fatal: not a git repository (or any of the parent directories): .git
2023-02-10 09:07:01.579 [info] > git rev-parse --show-toplevel [6ms]
2023-02-10 09:07:01.579 [info] fatal: not a git repository (or any of the parent directories): .git
2023-02-10 09:07:01.579 [info] > git for-each-ref --format=%(refname)%00%(upstream:short)%00%(objectname)%00%(upstream:track)%00%(upstream:remotename)%00%(upstream:remoteref) refs/heads/main refs/remotes/main [7ms]
2023-02-10 09:07:01.579 [info] > git rev-parse --show-toplevel [10ms]
2023-02-10 09:07:01.579 [info] fatal: not a git repository (or any of the parent directories): .git
2023-02-10 09:07:01.579 [info] > git for-each-ref --sort -committerdate --format %(refname) %(objectname) %(*objectname) [6ms]
2023-02-10 09:07:01.579 [info] > git rev-parse --show-toplevel [3ms]
2023-02-10 09:07:01.579 [info] > git status -z -uall [17ms]
2023-02-10 09:07:01.579 [info] > git rev-parse --git-dir --git-common-dir [8ms]
2023-02-10 09:07:01.579 [info] Open repository: /users/hy/openwhisk-catalog
2023-02-10 09:07:01.579 [info] > git rev-parse --show-toplevel [10ms]
2023-02-10 09:07:01.579 [info] fatal: not a git repository (or any of the parent directories): .git
2023-02-10 09:07:01.579 [info] > git config --get commit.template [2ms]
2023-02-10 09:07:01.579 [info] > git for-each-ref --format=%(refname)%00%(upstream:short)%00%(objectname)%00%(upstream:track)%00%(upstream:remotename)%00%(upstream:remoteref) refs/heads/master refs/remotes/master [43ms]
2023-02-10 09:07:01.579 [info] > git status -z -uall [6ms]
2023-02-10 09:07:01.579 [info] > git for-each-ref --sort -committerdate --format %(refname) %(objectname) %(*objectname) [7ms]
2023-02-10 09:07:01.579 [info] > git check-ignore -v -z --stdin [8ms]
2023-02-10 09:07:01.579 [info] > git check-ignore -v -z --stdin [4ms]
2023-02-10 09:07:01.752 [info] > git show --textconv :workloads/compositions/example.js [8ms]
2023-02-10 09:07:01.753 [info] > git ls-files --stage -- /users/hy/wsk-harvest/workloads/compositions/example.js [2ms]
2023-02-10 09:12:22.583 [info] > git config --get commit.template [6ms]
2023-02-10 09:12:22.583 [info] > git for-each-ref --format=%(refname)%00%(upstream:short)%00%(objectname)%00%(upstream:track)%00%(upstream:remotename)%00%(upstream:remoteref) refs/heads/main refs/remotes/main [2ms]
2023-02-10 09:12:22.594 [info] > git for-each-ref --sort -committerdate --format %(refname) %(objectname) %(*objectname) [1ms]
2023-02-10 09:12:22.602 [info] > git status -z -uall [15ms]
2023-02-10 09:12:30.564 [info] > git check-ignore -v -z --stdin [2ms]
2023-02-10 09:12:30.641 [info] > git show --textconv :workloads/compositions/branching.js [7ms]
2023-02-10 09:12:30.642 [info] > git ls-files --stage -- /users/hy/wsk-harvest/workloads/compositions/branching.js [2ms]
2023-02-10 09:12:30.779 [info] > git config --get commit.template [3ms]
2023-02-10 09:12:30.784 [info] > git for-each-ref --format=%(refname)%00%(upstream:short)%00%(objectname)%00%(upstream:track)%00%(upstream:remotename)%00%(upstream:remoteref) refs/heads/main refs/remotes/main [1ms]
2023-02-10 09:12:30.793 [info] > git for-each-ref --sort -committerdate --format %(refname) %(objectname) %(*objectname) [1ms]
2023-02-10 09:12:30.800 [info] > git status -z -uall [13ms]
2023-02-10 09:12:36.931 [info] > git check-ignore -v -z --stdin [2ms]
2023-02-10 09:12:37.488 [info] > git config --get commit.template [5ms]
2023-02-10 09:12:37.488 [info] > git for-each-ref --format=%(refname)%00%(upstream:short)%00%(objectname)%00%(upstream:track)%00%(upstream:remotename)%00%(upstream:remoteref) refs/heads/main refs/remotes/main [1ms]
2023-02-10 09:12:37.498 [info] > git for-each-ref --sort -committerdate --format %(refname) %(objectname) %(*objectname) [1ms]
2023-02-10 09:12:37.506 [info] > git status -z -uall [14ms]
2023-02-10 09:12:42.529 [info] > git config --get commit.template [6ms]
2023-02-10 09:12:42.529 [info] > git for-each-ref --format=%(refname)%00%(upstream:short)%00%(objectname)%00%(upstream:track)%00%(upstream:remotename)%00%(upstream:remoteref) refs/heads/main refs/remotes/main [1ms]
2023-02-10 09:12:42.540 [info] > git for-each-ref --sort -committerdate --format %(refname) %(objectname) %(*objectname) [1ms]
2023-02-10 09:12:42.548 [info] > git status -z -uall [14ms]
2023-02-10 09:13:13.153 [info] > git check-ignore -v -z --stdin [2ms]
2023-02-10 09:15:08.075 [info] > git config --get commit.template [6ms]
2023-02-10 09:15:08.076 [info] > git for-each-ref --format=%(refname)%00%(upstream:short)%00%(objectname)%00%(upstream:track)%00%(upstream:remotename)%00%(upstream:remoteref) refs/heads/main refs/remotes/main [1ms]
2023-02-10 09:15:08.086 [info] > git for-each-ref --sort -committerdate --format %(refname) %(objectname) %(*objectname) [1ms]
2023-02-10 09:15:08.097 [info] > git status -z -uall [16ms]
2023-02-10 09:18:41.303 [info] > git config --get commit.template [5ms]
2023-02-10 09:18:41.304 [info] > git for-each-ref --format=%(refname)%00%(upstream:short)%00%(objectname)%00%(upstream:track)%00%(upstream:remotename)%00%(upstream:remoteref) refs/heads/main refs/remotes/main [1ms]
2023-02-10 09:18:41.315 [info] > git for-each-ref --sort -committerdate --format %(refname) %(objectname) %(*objectname) [1ms]
2023-02-10 09:18:41.323 [info] > git status -z -uall [15ms]
2023-02-10 09:19:25.480 [info] > git config --get commit.template [5ms]
2023-02-10 09:19:25.480 [info] > git for-each-ref --format=%(refname)%00%(upstream:short)%00%(objectname)%00%(upstream:track)%00%(upstream:remotename)%00%(upstream:remoteref) refs/heads/main refs/remotes/main [1ms]
2023-02-10 09:19:25.491 [info] > git for-each-ref --sort -committerdate --format %(refname) %(objectname) %(*objectname) [1ms]
2023-02-10 09:19:25.499 [info] > git status -z -uall [14ms]
2023-02-10 09:21:01.904 [info] > git check-ignore -v -z --stdin [3ms]
2023-02-10 09:21:07.413 [info] > git show --textconv :workloads/compositions/example.js [6ms]
2023-02-10 09:21:07.414 [info] > git ls-files --stage -- /users/hy/wsk-harvest/workloads/compositions/example.js [2ms]
2023-02-10 09:21:07.751 [info] > git config --get commit.template [6ms]
2023-02-10 09:21:07.752 [info] > git for-each-ref --format=%(refname)%00%(upstream:short)%00%(objectname)%00%(upstream:track)%00%(upstream:remotename)%00%(upstream:remoteref) refs/heads/main refs/remotes/main [1ms]
2023-02-10 09:21:07.762 [info] > git for-each-ref --sort -committerdate --format %(refname) %(objectname) %(*objectname) [1ms]
2023-02-10 09:21:07.770 [info] > git status -z -uall [14ms]
2023-02-10 09:22:27.755 [info] > git config --get commit.template [4ms]
2023-02-10 09:22:27.765 [info] > git for-each-ref --format=%(refname)%00%(upstream:short)%00%(objectname)%00%(upstream:track)%00%(upstream:remotename)%00%(upstream:remoteref) refs/heads/main refs/remotes/main [1ms]
2023-02-10 09:22:27.777 [info] > git for-each-ref --sort -committerdate --format %(refname) %(objectname) %(*objectname) [1ms]
2023-02-10 09:22:27.785 [info] > git status -z -uall [15ms]
2023-02-10 09:22:32.816 [info] > git config --get commit.template [13ms]
2023-02-10 09:22:32.817 [info] > git for-each-ref --format=%(refname)%00%(upstream:short)%00%(objectname)%00%(upstream:track)%00%(upstream:remotename)%00%(upstream:remoteref) refs/heads/main refs/remotes/main [4ms]
2023-02-10 09:22:32.829 [info] > git for-each-ref --sort -committerdate --format %(refname) %(objectname) %(*objectname) [1ms]
2023-02-10 09:22:32.836 [info] > git status -z -uall [14ms]
2023-02-10 09:23:04.258 [info] > git config --get commit.template [6ms]
2023-02-10 09:23:04.258 [info] > git for-each-ref --format=%(refname)%00%(upstream:short)%00%(objectname)%00%(upstream:track)%00%(upstream:remotename)%00%(upstream:remoteref) refs/heads/main refs/remotes/main [1ms]
2023-02-10 09:23:04.268 [info] > git for-each-ref --sort -committerdate --format %(refname) %(objectname) %(*objectname) [1ms]
2023-02-10 09:23:04.277 [info] > git status -z -uall [14ms]
2023-02-10 09:23:43.142 [info] > git config --get commit.template [5ms]
2023-02-10 09:23:43.143 [info] > git for-each-ref --format=%(refname)%00%(upstream:short)%00%(objectname)%00%(upstream:track)%00%(upstream:remotename)%00%(upstream:remoteref) refs/heads/main refs/remotes/main [1ms]
2023-02-10 09:23:43.155 [info] > git for-each-ref --sort -committerdate --format %(refname) %(objectname) %(*objectname) [1ms]
2023-02-10 09:23:43.162 [info] > git status -z -uall [15ms]
2023-02-10 09:23:48.185 [info] > git config --get commit.template [6ms]
2023-02-10 09:23:48.185 [info] > git for-each-ref --format=%(refname)%00%(upstream:short)%00%(objectname)%00%(upstream:track)%00%(upstream:remotename)%00%(upstream:remoteref) refs/heads/main refs/remotes/main [1ms]
2023-02-10 09:23:48.196 [info] > git for-each-ref --sort -committerdate --format %(refname) %(objectname) %(*objectname) [1ms]
2023-02-10 09:23:48.205 [info] > git status -z -uall [15ms]
2023-02-10 09:26:44.321 [info] > git config --get commit.template [7ms]
2023-02-10 09:26:44.322 [info] > git for-each-ref --format=%(refname)%00%(upstream:short)%00%(objectname)%00%(upstream:track)%00%(upstream:remotename)%00%(upstream:remoteref) refs/heads/main refs/remotes/main [2ms]
2023-02-10 09:26:44.333 [info] > git for-each-ref --sort -committerdate --format %(refname) %(objectname) %(*objectname) [1ms]
2023-02-10 09:26:44.340 [info] > git status -z -uall [14ms]
2023-02-10 09:26:49.364 [info] > git config --get commit.template [6ms]
2023-02-10 09:26:49.366 [info] > git for-each-ref --format=%(refname)%00%(upstream:short)%00%(objectname)%00%(upstream:track)%00%(upstream:remotename)%00%(upstream:remoteref) refs/heads/main refs/remotes/main [1ms]
2023-02-10 09:26:49.378 [info] > git for-each-ref --sort -committerdate --format %(refname) %(objectname) %(*objectname) [2ms]
2023-02-10 09:26:49.386 [info] > git status -z -uall [15ms]
2023-02-10 09:27:02.560 [info] > git config --get commit.template [4ms]
2023-02-10 09:27:02.560 [info] > git for-each-ref --format=%(refname)%00%(upstream:short)%00%(objectname)%00%(upstream:track)%00%(upstream:remotename)%00%(upstream:remoteref) refs/heads/main refs/remotes/main [1ms]
2023-02-10 09:27:02.571 [info] > git for-each-ref --sort -committerdate --format %(refname) %(objectname) %(*objectname) [2ms]
2023-02-10 09:27:02.579 [info] > git status -z -uall [15ms]
2023-02-10 09:27:03.108 [info] > git show --textconv :workloads/compositions/branching.json [5ms]
2023-02-10 09:27:03.110 [info] > git ls-files --stage -- /users/hy/wsk-harvest/workloads/compositions/branching.json [1ms]
2023-02-10 09:27:24.406 [info] > git config --get commit.template [6ms]
2023-02-10 09:27:24.407 [info] > git for-each-ref --format=%(refname)%00%(upstream:short)%00%(objectname)%00%(upstream:track)%00%(upstream:remotename)%00%(upstream:remoteref) refs/heads/main refs/remotes/main [2ms]
2023-02-10 09:27:24.418 [info] > git for-each-ref --sort -committerdate --format %(refname) %(objectname) %(*objectname) [2ms]
2023-02-10 09:27:24.425 [info] > git status -z -uall [14ms]
2023-02-10 09:27:29.451 [info] > git config --get commit.template [8ms]
2023-02-10 09:27:29.452 [info] > git for-each-ref --format=%(refname)%00%(upstream:short)%00%(objectname)%00%(upstream:track)%00%(upstream:remotename)%00%(upstream:remoteref) refs/heads/main refs/remotes/main [2ms]
2023-02-10 09:27:29.462 [info] > git for-each-ref --sort -committerdate --format %(refname) %(objectname) %(*objectname) [1ms]
2023-02-10 09:27:29.470 [info] > git status -z -uall [14ms]
2023-02-10 09:27:34.500 [info] > git config --get commit.template [7ms]
2023-02-10 09:27:34.501 [info] > git for-each-ref --format=%(refname)%00%(upstream:short)%00%(objectname)%00%(upstream:track)%00%(upstream:remotename)%00%(upstream:remoteref) refs/heads/main refs/remotes/main [2ms]
2023-02-10 09:27:34.512 [info] > git for-each-ref --sort -committerdate --format %(refname) %(objectname) %(*objectname) [2ms]
2023-02-10 09:27:34.520 [info] > git status -z -uall [14ms]
2023-02-10 09:29:28.939 [info] > git config --get commit.template [7ms]
2023-02-10 09:29:28.940 [info] > git for-each-ref --format=%(refname)%00%(upstream:short)%00%(objectname)%00%(upstream:track)%00%(upstream:remotename)%00%(upstream:remoteref) refs/heads/main refs/remotes/main [1ms]
2023-02-10 09:29:28.951 [info] > git for-each-ref --sort -committerdate --format %(refname) %(objectname) %(*objectname) [1ms]
2023-02-10 09:29:28.959 [info] > git status -z -uall [15ms]
2023-02-10 09:30:59.460 [info] > git config --get commit.template [7ms]
2023-02-10 09:30:59.460 [info] > git for-each-ref --format=%(refname)%00%(upstream:short)%00%(objectname)%00%(upstream:track)%00%(upstream:remotename)%00%(upstream:remoteref) refs/heads/main refs/remotes/main [1ms]
2023-02-10 09:30:59.472 [info] > git for-each-ref --sort -committerdate --format %(refname) %(objectname) %(*objectname) [1ms]
2023-02-10 09:30:59.479 [info] > git status -z -uall [14ms]
2023-02-10 09:31:01.005 [info] > git show --textconv :workloads/compositions/example.json [7ms]
2023-02-10 09:31:01.006 [info] > git ls-files --stage -- /users/hy/wsk-harvest/workloads/compositions/example.json [2ms]
2023-02-10 09:31:04.504 [info] > git config --get commit.template [6ms]
2023-02-10 09:31:04.504 [info] > git for-each-ref --format=%(refname)%00%(upstream:short)%00%(objectname)%00%(upstream:track)%00%(upstream:remotename)%00%(upstream:remoteref) refs/heads/main refs/remotes/main [1ms]
2023-02-10 09:31:04.515 [info] > git for-each-ref --sort -committerdate --format %(refname) %(objectname) %(*objectname) [1ms]
2023-02-10 09:31:04.522 [info] > git status -z -uall [14ms]
2023-02-10 09:31:16.014 [info] > git config --get commit.template [7ms]
2023-02-10 09:31:16.015 [info] > git for-each-ref --format=%(refname)%00%(upstream:short)%00%(objectname)%00%(upstream:track)%00%(upstream:remotename)%00%(upstream:remoteref) refs/heads/main refs/remotes/main [3ms]
2023-02-10 09:31:16.034 [info] > git for-each-ref --sort -committerdate --format %(refname) %(objectname) %(*objectname) [2ms]
2023-02-10 09:31:16.040 [info] > git status -z -uall [15ms]
2023-02-10 09:33:02.130 [info] > git config --get commit.template [1ms]
2023-02-10 09:33:02.136 [info] > git for-each-ref --format=%(refname)%00%(upstream:short)%00%(objectname)%00%(upstream:track)%00%(upstream:remotename)%00%(upstream:remoteref) refs/heads/main refs/remotes/main [1ms]
2023-02-10 09:33:02.147 [info] > git for-each-ref --sort -committerdate --format %(refname) %(objectname) %(*objectname) [1ms]
2023-02-10 09:33:02.156 [info] > git status -z -uall [15ms]
2023-02-10 09:33:07.179 [info] > git config --get commit.template [6ms]
2023-02-10 09:33:07.180 [info] > git for-each-ref --format=%(refname)%00%(upstream:short)%00%(objectname)%00%(upstream:track)%00%(upstream:remotename)%00%(upstream:remoteref) refs/heads/main refs/remotes/main [2ms]
2023-02-10 09:33:07.193 [info] > git for-each-ref --sort -committerdate --format %(refname) %(objectname) %(*objectname) [1ms]
2023-02-10 09:33:07.200 [info] > git status -z -uall [15ms]
2023-02-10 09:33:26.648 [info] > git config --get commit.template [6ms]
2023-02-10 09:33:26.649 [info] > git for-each-ref --format=%(refname)%00%(upstream:short)%00%(objectname)%00%(upstream:track)%00%(upstream:remotename)%00%(upstream:remoteref) refs/heads/main refs/remotes/main [1ms]
2023-02-10 09:33:26.661 [info] > git for-each-ref --sort -committerdate --format %(refname) %(objectname) %(*objectname) [2ms]
2023-02-10 09:33:26.669 [info] > git status -z -uall [16ms]
2023-02-10 09:33:51.524 [info] > git config --get commit.template [6ms]
2023-02-10 09:33:51.525 [info] > git for-each-ref --format=%(refname)%00%(upstream:short)%00%(objectname)%00%(upstream:track)%00%(upstream:remotename)%00%(upstream:remoteref) refs/heads/main refs/remotes/main [1ms]
2023-02-10 09:33:51.536 [info] > git for-each-ref --sort -committerdate --format %(refname) %(objectname) %(*objectname) [1ms]
2023-02-10 09:33:51.545 [info] > git status -z -uall [16ms]
2023-02-10 09:34:52.327 [info] > git config --get commit.template [7ms]
2023-02-10 09:34:52.327 [info] > git for-each-ref --format=%(refname)%00%(upstream:short)%00%(objectname)%00%(upstream:track)%00%(upstream:remotename)%00%(upstream:remoteref) refs/heads/main refs/remotes/main [3ms]
2023-02-10 09:34:52.339 [info] > git for-each-ref --sort -committerdate --format %(refname) %(objectname) %(*objectname) [1ms]
2023-02-10 09:34:52.347 [info] > git status -z -uall [15ms]
2023-02-10 09:34:57.369 [info] > git for-each-ref --format=%(refname)%00%(upstream:short)%00%(objectname)%00%(upstream:track)%00%(upstream:remotename)%00%(upstream:remoteref) refs/heads/main refs/remotes/main [1ms]
2023-02-10 09:34:57.369 [info] > git config --get commit.template [7ms]
2023-02-10 09:34:57.382 [info] > git for-each-ref --sort -committerdate --format %(refname) %(objectname) %(*objectname) [1ms]
2023-02-10 09:34:57.390 [info] > git status -z -uall [15ms]
2023-02-10 09:35:53.446 [info] > git config --get commit.template [2ms]
2023-02-10 09:35:53.451 [info] > git for-each-ref --format=%(refname)%00%(upstream:short)%00%(objectname)%00%(upstream:track)%00%(upstream:remotename)%00%(upstream:remoteref) refs/heads/main refs/remotes/main [1ms]
2023-02-10 09:35:53.461 [info] > git for-each-ref --sort -committerdate --format %(refname) %(objectname) %(*objectname) [1ms]
2023-02-10 09:35:53.469 [info] > git status -z -uall [14ms]
2023-02-10 09:35:58.492 [info] > git config --get commit.template [7ms]
2023-02-10 09:35:58.493 [info] > git for-each-ref --format=%(refname)%00%(upstream:short)%00%(objectname)%00%(upstream:track)%00%(upstream:remotename)%00%(upstream:remoteref) refs/heads/main refs/remotes/main [2ms]
2023-02-10 09:35:58.506 [info] > git for-each-ref --sort -committerdate --format %(refname) %(objectname) %(*objectname) [1ms]
2023-02-10 09:35:58.514 [info] > git status -z -uall [15ms]
2023-02-10 09:36:42.468 [info] > git config --get commit.template [8ms]
2023-02-10 09:36:42.468 [info] > git for-each-ref --format=%(refname)%00%(upstream:short)%00%(objectname)%00%(upstream:track)%00%(upstream:remotename)%00%(upstream:remoteref) refs/heads/main refs/remotes/main [1ms]
2023-02-10 09:36:42.479 [info] > git for-each-ref --sort -committerdate --format %(refname) %(objectname) %(*objectname) [1ms]
2023-02-10 09:36:42.486 [info] > git status -z -uall [14ms]
2023-02-10 09:37:35.220 [info] > git config --get commit.template [6ms]
2023-02-10 09:37:35.220 [info] > git for-each-ref --format=%(refname)%00%(upstream:short)%00%(objectname)%00%(upstream:track)%00%(upstream:remotename)%00%(upstream:remoteref) refs/heads/main refs/remotes/main [1ms]
2023-02-10 09:37:35.232 [info] > git for-each-ref --sort -committerdate --format %(refname) %(objectname) %(*objectname) [1ms]
2023-02-10 09:37:35.240 [info] > git status -z -uall [15ms]
2023-02-10 09:38:54.566 [info] > git config --get commit.template [6ms]
2023-02-10 09:38:54.566 [info] > git for-each-ref --format=%(refname)%00%(upstream:short)%00%(objectname)%00%(upstream:track)%00%(upstream:remotename)%00%(upstream:remoteref) refs/heads/main refs/remotes/main [1ms]
2023-02-10 09:38:54.579 [info] > git for-each-ref --sort -committerdate --format %(refname) %(objectname) %(*objectname) [1ms]
2023-02-10 09:38:54.586 [info] > git status -z -uall [15ms]
2023-02-10 09:39:03.261 [info] > git config --get commit.template [6ms]
2023-02-10 09:39:03.262 [info] > git for-each-ref --format=%(refname)%00%(upstream:short)%00%(objectname)%00%(upstream:track)%00%(upstream:remotename)%00%(upstream:remoteref) refs/heads/main refs/remotes/main [2ms]
2023-02-10 09:39:03.274 [info] > git for-each-ref --sort -committerdate --format %(refname) %(objectname) %(*objectname) [1ms]
2023-02-10 09:39:03.280 [info] > git status -z -uall [14ms]
2023-02-10 09:39:08.672 [info] > git show --textconv :workloads/compositions/branching.js [7ms]
2023-02-10 09:39:08.673 [info] > git ls-files --stage -- /users/hy/wsk-harvest/workloads/compositions/branching.js [2ms]
2023-02-10 09:39:09.023 [info] > git config --get commit.template [3ms]
2023-02-10 09:39:09.030 [info] > git for-each-ref --format=%(refname)%00%(upstream:short)%00%(objectname)%00%(upstream:track)%00%(upstream:remotename)%00%(upstream:remoteref) refs/heads/main refs/remotes/main [2ms]
2023-02-10 09:39:09.040 [info] > git for-each-ref --sort -committerdate --format %(refname) %(objectname) %(*objectname) [1ms]
2023-02-10 09:39:09.047 [info] > git status -z -uall [13ms]
2023-02-10 09:39:09.723 [info] > git show --textconv :workloads/compositions/example.json [7ms]
2023-02-10 09:39:09.724 [info] > git ls-files --stage -- /users/hy/wsk-harvest/workloads/compositions/example.json [1ms]
2023-02-10 09:39:12.386 [info] > git check-ignore -v -z --stdin [2ms]
2023-02-10 09:39:14.071 [info] > git config --get commit.template [8ms]
2023-02-10 09:39:14.072 [info] > git for-each-ref --format=%(refname)%00%(upstream:short)%00%(objectname)%00%(upstream:track)%00%(upstream:remotename)%00%(upstream:remoteref) refs/heads/main refs/remotes/main [1ms]
2023-02-10 09:39:14.083 [info] > git for-each-ref --sort -committerdate --format %(refname) %(objectname) %(*objectname) [1ms]
2023-02-10 09:39:14.090 [info] > git status -z -uall [14ms]
2023-02-10 09:41:45.941 [info] > git for-each-ref --format=%(refname)%00%(upstream:short)%00%(objectname)%00%(upstream:track)%00%(upstream:remotename)%00%(upstream:remoteref) refs/heads/main refs/remotes/main [2ms]
2023-02-10 09:41:45.941 [info] > git config --get commit.template [8ms]
2023-02-10 09:41:45.953 [info] > git for-each-ref --sort -committerdate --format %(refname) %(objectname) %(*objectname) [2ms]
2023-02-10 09:41:45.961 [info] > git status -z -uall [15ms]
2023-02-10 09:45:05.404 [info] > git config --get commit.template [9ms]
2023-02-10 09:45:05.405 [info] > git for-each-ref --format=%(refname)%00%(upstream:short)%00%(objectname)%00%(upstream:track)%00%(upstream:remotename)%00%(upstream:remoteref) refs/heads/main refs/remotes/main [2ms]
2023-02-10 09:45:05.418 [info] > git for-each-ref --sort -committerdate --format %(refname) %(objectname) %(*objectname) [2ms]
2023-02-10 09:45:05.425 [info] > git status -z -uall [15ms]
2023-02-10 09:47:05.738 [info] > git config --get commit.template [2ms]
2023-02-10 09:47:05.744 [info] > git for-each-ref --format=%(refname)%00%(upstream:short)%00%(objectname)%00%(upstream:track)%00%(upstream:remotename)%00%(upstream:remoteref) refs/heads/main refs/remotes/main [2ms]
2023-02-10 09:47:05.754 [info] > git for-each-ref --sort -committerdate --format %(refname) %(objectname) %(*objectname) [2ms]
2023-02-10 09:47:05.761 [info] > git status -z -uall [13ms]
2023-02-10 09:48:12.611 [info] > git config --get commit.template [6ms]
2023-02-10 09:48:12.611 [info] > git for-each-ref --format=%(refname)%00%(upstream:short)%00%(objectname)%00%(upstream:track)%00%(upstream:remotename)%00%(upstream:remoteref) refs/heads/main refs/remotes/main [2ms]
2023-02-10 09:48:12.624 [info] > git for-each-ref --sort -committerdate --format %(refname) %(objectname) %(*objectname) [1ms]
2023-02-10 09:48:12.632 [info] > git status -z -uall [15ms]
2023-02-10 09:48:17.656 [info] > git config --get commit.template [6ms]
2023-02-10 09:48:17.657 [info] > git for-each-ref --format=%(refname)%00%(upstream:short)%00%(objectname)%00%(upstream:track)%00%(upstream:remotename)%00%(upstream:remoteref) refs/heads/main refs/remotes/main [2ms]
2023-02-10 09:48:17.670 [info] > git for-each-ref --sort -committerdate --format %(refname) %(objectname) %(*objectname) [3ms]
2023-02-10 09:48:17.677 [info] > git status -z -uall [15ms]
2023-02-10 09:49:42.530 [info] > git config --get commit.template [6ms]
2023-02-10 09:49:42.530 [info] > git for-each-ref --format=%(refname)%00%(upstream:short)%00%(objectname)%00%(upstream:track)%00%(upstream:remotename)%00%(upstream:remoteref) refs/heads/main refs/remotes/main [1ms]
2023-02-10 09:49:42.548 [info] > git for-each-ref --sort -committerdate --format %(refname) %(objectname) %(*objectname) [3ms]
2023-02-10 09:49:42.551 [info] > git status -z -uall [15ms]
2023-02-10 09:49:47.575 [info] > git config --get commit.template [6ms]
2023-02-10 09:49:47.575 [info] > git for-each-ref --format=%(refname)%00%(upstream:short)%00%(objectname)%00%(upstream:track)%00%(upstream:remotename)%00%(upstream:remoteref) refs/heads/main refs/remotes/main [1ms]
2023-02-10 09:49:47.588 [info] > git for-each-ref --sort -committerdate --format %(refname) %(objectname) %(*objectname) [2ms]
2023-02-10 09:49:47.595 [info] > git status -z -uall [15ms]
2023-02-10 09:50:38.316 [info] > git config --get commit.template [11ms]
2023-02-10 09:50:38.318 [info] > git for-each-ref --format=%(refname)%00%(upstream:short)%00%(objectname)%00%(upstream:track)%00%(upstream:remotename)%00%(upstream:remoteref) refs/heads/main refs/remotes/main [2ms]
2023-02-10 09:50:38.331 [info] > git for-each-ref --sort -committerdate --format %(refname) %(objectname) %(*objectname) [1ms]
2023-02-10 09:50:38.339 [info] > git status -z -uall [14ms]
2023-02-10 09:50:43.363 [info] > git config --get commit.template [7ms]
2023-02-10 09:50:43.363 [info] > git for-each-ref --format=%(refname)%00%(upstream:short)%00%(objectname)%00%(upstream:track)%00%(upstream:remotename)%00%(upstream:remoteref) refs/heads/main refs/remotes/main [1ms]
2023-02-10 09:50:43.375 [info] > git for-each-ref --sort -committerdate --format %(refname) %(objectname) %(*objectname) [2ms]
2023-02-10 09:50:43.383 [info] > git status -z -uall [15ms]
2023-02-10 09:50:58.514 [info] > git config --get commit.template [6ms]
2023-02-10 09:50:58.514 [info] > git for-each-ref --format=%(refname)%00%(upstream:short)%00%(objectname)%00%(upstream:track)%00%(upstream:remotename)%00%(upstream:remoteref) refs/heads/main refs/remotes/main [1ms]
2023-02-10 09:50:58.529 [info] > git for-each-ref --sort -committerdate --format %(refname) %(objectname) %(*objectname) [2ms]
2023-02-10 09:50:58.535 [info] > git status -z -uall [15ms]
2023-02-10 09:51:26.874 [info] > git config --get commit.template [5ms]
2023-02-10 09:51:26.874 [info] > git for-each-ref --format=%(refname)%00%(upstream:short)%00%(objectname)%00%(upstream:track)%00%(upstream:remotename)%00%(upstream:remoteref) refs/heads/main refs/remotes/main [1ms]
2023-02-10 09:51:26.888 [info] > git for-each-ref --sort -committerdate --format %(refname) %(objectname) %(*objectname) [1ms]
2023-02-10 09:51:26.895 [info] > git status -z -uall [14ms]
2023-02-10 09:51:31.917 [info] > git config --get commit.template [6ms]
2023-02-10 09:51:31.918 [info] > git for-each-ref --format=%(refname)%00%(upstream:short)%00%(objectname)%00%(upstream:track)%00%(upstream:remotename)%00%(upstream:remoteref) refs/heads/main refs/remotes/main [1ms]
2023-02-10 09:51:31.931 [info] > git for-each-ref --sort -committerdate --format %(refname) %(objectname) %(*objectname) [2ms]
2023-02-10 09:51:31.940 [info] > git status -z -uall [17ms]
2023-02-10 09:52:30.414 [info] > git for-each-ref --format=%(refname)%00%(upstream:short)%00%(objectname)%00%(upstream:track)%00%(upstream:remotename)%00%(upstream:remoteref) refs/heads/main refs/remotes/main [2ms]
2023-02-10 09:52:30.414 [info] > git config --get commit.template [8ms]
2023-02-10 09:52:30.426 [info] > git for-each-ref --sort -committerdate --format %(refname) %(objectname) %(*objectname) [1ms]
2023-02-10 09:52:30.434 [info] > git status -z -uall [14ms]
2023-02-10 09:52:35.461 [info] > git config --get commit.template [5ms]
2023-02-10 09:52:35.462 [info] > git for-each-ref --format=%(refname)%00%(upstream:short)%00%(objectname)%00%(upstream:track)%00%(upstream:remotename)%00%(upstream:remoteref) refs/heads/main refs/remotes/main [2ms]
2023-02-10 09:52:35.474 [info] > git for-each-ref --sort -committerdate --format %(refname) %(objectname) %(*objectname) [1ms]
2023-02-10 09:52:35.481 [info] > git status -z -uall [14ms]
2023-02-10 09:52:47.508 [info] > git config --get commit.template [1ms]
2023-02-10 09:52:47.514 [info] > git for-each-ref --format=%(refname)%00%(upstream:short)%00%(objectname)%00%(upstream:track)%00%(upstream:remotename)%00%(upstream:remoteref) refs/heads/main refs/remotes/main [1ms]
2023-02-10 09:52:47.524 [info] > git for-each-ref --sort -committerdate --format %(refname) %(objectname) %(*objectname) [1ms]
2023-02-10 09:52:47.532 [info] > git status -z -uall [15ms]
2023-02-10 09:53:23.416 [info] > git config --get commit.template [7ms]
2023-02-10 09:53:23.417 [info] > git for-each-ref --format=%(refname)%00%(upstream:short)%00%(objectname)%00%(upstream:track)%00%(upstream:remotename)%00%(upstream:remoteref) refs/heads/main refs/remotes/main [1ms]
2023-02-10 09:53:23.429 [info] > git for-each-ref --sort -committerdate --format %(refname) %(objectname) %(*objectname) [2ms]
2023-02-10 09:53:23.438 [info] > git status -z -uall [16ms]
2023-02-10 09:55:13.431 [info] > git config --get commit.template [7ms]
2023-02-10 09:55:13.432 [info] > git for-each-ref --format=%(refname)%00%(upstream:short)%00%(objectname)%00%(upstream:track)%00%(upstream:remotename)%00%(upstream:remoteref) refs/heads/main refs/remotes/main [1ms]
2023-02-10 09:55:13.445 [info] > git for-each-ref --sort -committerdate --format %(refname) %(objectname) %(*objectname) [2ms]
2023-02-10 09:55:13.451 [info] > git status -z -uall [14ms]
2023-02-10 09:55:41.032 [info] > git show --textconv :workloads/compositions/example.js [8ms]
2023-02-10 09:55:41.033 [info] > git ls-files --stage -- /users/hy/wsk-harvest/workloads/compositions/example.js [2ms]
2023-02-10 09:55:41.420 [info] > git config --get commit.template [7ms]
2023-02-10 09:55:41.420 [info] > git for-each-ref --format=%(refname)%00%(upstream:short)%00%(objectname)%00%(upstream:track)%00%(upstream:remotename)%00%(upstream:remoteref) refs/heads/main refs/remotes/main [1ms]
2023-02-10 09:55:41.432 [info] > git for-each-ref --sort -committerdate --format %(refname) %(objectname) %(*objectname) [1ms]
2023-02-10 09:55:41.439 [info] > git status -z -uall [14ms]
2023-02-10 09:55:46.465 [info] > git config --get commit.template [6ms]
2023-02-10 09:55:46.465 [info] > git for-each-ref --format=%(refname)%00%(upstream:short)%00%(objectname)%00%(upstream:track)%00%(upstream:remotename)%00%(upstream:remoteref) refs/heads/main refs/remotes/main [1ms]
2023-02-10 09:55:46.478 [info] > git for-each-ref --sort -committerdate --format %(refname) %(objectname) %(*objectname) [1ms]
2023-02-10 09:55:46.486 [info] > git status -z -uall [14ms]
2023-02-10 09:56:03.500 [info] > git config --get commit.template [8ms]
2023-02-10 09:56:03.500 [info] > git for-each-ref --format=%(refname)%00%(upstream:short)%00%(objectname)%00%(upstream:track)%00%(upstream:remotename)%00%(upstream:remoteref) refs/heads/main refs/remotes/main [1ms]
2023-02-10 09:56:03.513 [info] > git for-each-ref --sort -committerdate --format %(refname) %(objectname) %(*objectname) [2ms]
2023-02-10 09:56:03.521 [info] > git status -z -uall [16ms]
2023-02-10 09:57:13.068 [info] > git config --get commit.template [7ms]
2023-02-10 09:57:13.068 [info] > git for-each-ref --format=%(refname)%00%(upstream:short)%00%(objectname)%00%(upstream:track)%00%(upstream:remotename)%00%(upstream:remoteref) refs/heads/main refs/remotes/main [1ms]
2023-02-10 09:57:13.080 [info] > git for-each-ref --sort -committerdate --format %(refname) %(objectname) %(*objectname) [2ms]
2023-02-10 09:57:13.087 [info] > git status -z -uall [14ms]
2023-02-10 09:57:38.081 [info] > git config --get commit.template [3ms]
2023-02-10 09:57:38.087 [info] > git for-each-ref --format=%(refname)%00%(upstream:short)%00%(objectname)%00%(upstream:track)%00%(upstream:remotename)%00%(upstream:remoteref) refs/heads/main refs/remotes/main [1ms]
2023-02-10 09:57:38.104 [info] > git for-each-ref --sort -committerdate --format %(refname) %(objectname) %(*objectname) [1ms]
2023-02-10 09:57:38.111 [info] > git status -z -uall [16ms]
2023-02-10 09:57:43.136 [info] > git config --get commit.template [8ms]
2023-02-10 09:57:43.136 [info] > git for-each-ref --format=%(refname)%00%(upstream:short)%00%(objectname)%00%(upstream:track)%00%(upstream:remotename)%00%(upstream:remoteref) refs/heads/main refs/remotes/main [1ms]
2023-02-10 09:57:43.148 [info] > git for-each-ref --sort -committerdate --format %(refname) %(objectname) %(*objectname) [2ms]
2023-02-10 09:57:43.155 [info] > git status -z -uall [14ms]
2023-02-10 09:58:29.468 [info] > git config --get commit.template [2ms]
2023-02-10 09:58:29.478 [info] > git for-each-ref --format=%(refname)%00%(upstream:short)%00%(objectname)%00%(upstream:track)%00%(upstream:remotename)%00%(upstream:remoteref) refs/heads/main refs/remotes/main [1ms]
2023-02-10 09:58:29.490 [info] > git for-each-ref --sort -committerdate --format %(refname) %(objectname) %(*objectname) [1ms]
2023-02-10 09:58:29.498 [info] > git status -z -uall [14ms]
2023-02-10 09:58:34.524 [info] > git config --get commit.template [7ms]
2023-02-10 09:58:34.524 [info] > git for-each-ref --format=%(refname)%00%(upstream:short)%00%(objectname)%00%(upstream:track)%00%(upstream:remotename)%00%(upstream:remoteref) refs/heads/main refs/remotes/main [1ms]
2023-02-10 09:58:34.535 [info] > git for-each-ref --sort -committerdate --format %(refname) %(objectname) %(*objectname) [1ms]
2023-02-10 09:58:34.543 [info] > git status -z -uall [14ms]
2023-02-10 09:58:42.352 [info] > git config --get commit.template [5ms]
2023-02-10 09:58:42.352 [info] > git for-each-ref --format=%(refname)%00%(upstream:short)%00%(objectname)%00%(upstream:track)%00%(upstream:remotename)%00%(upstream:remoteref) refs/heads/main refs/remotes/main [1ms]
2023-02-10 09:58:42.364 [info] > git for-each-ref --sort -committerdate --format %(refname) %(objectname) %(*objectname) [2ms]
2023-02-10 09:58:42.371 [info] > git status -z -uall [14ms]
2023-02-10 09:58:47.394 [info] > git config --get commit.template [6ms]
2023-02-10 09:58:47.394 [info] > git for-each-ref --format=%(refname)%00%(upstream:short)%00%(objectname)%00%(upstream:track)%00%(upstream:remotename)%00%(upstream:remoteref) refs/heads/main refs/remotes/main [1ms]
2023-02-10 09:58:47.406 [info] > git for-each-ref --sort -committerdate --format %(refname) %(objectname) %(*objectname) [1ms]
2023-02-10 09:58:47.414 [info] > git status -z -uall [15ms]
2023-02-10 09:59:06.197 [info] > git config --get commit.template [6ms]
2023-02-10 09:59:06.198 [info] > git for-each-ref --format=%(refname)%00%(upstream:short)%00%(objectname)%00%(upstream:track)%00%(upstream:remotename)%00%(upstream:remoteref) refs/heads/main refs/remotes/main [2ms]
2023-02-10 09:59:06.210 [info] > git for-each-ref --sort -committerdate --format %(refname) %(objectname) %(*objectname) [1ms]
2023-02-10 09:59:06.218 [info] > git status -z -uall [15ms]
2023-02-10 09:59:28.647 [info] > git config --get commit.template [6ms]
2023-02-10 09:59:28.647 [info] > git for-each-ref --format=%(refname)%00%(upstream:short)%00%(objectname)%00%(upstream:track)%00%(upstream:remotename)%00%(upstream:remoteref) refs/heads/main refs/remotes/main [1ms]
2023-02-10 09:59:28.660 [info] > git for-each-ref --sort -committerdate --format %(refname) %(objectname) %(*objectname) [1ms]
2023-02-10 09:59:28.667 [info] > git status -z -uall [15ms]
2023-02-10 10:00:16.225 [info] > git config --get commit.template [5ms]
2023-02-10 10:00:16.226 [info] > git for-each-ref --format=%(refname)%00%(upstream:short)%00%(objectname)%00%(upstream:track)%00%(upstream:remotename)%00%(upstream:remoteref) refs/heads/main refs/remotes/main [1ms]
2023-02-10 10:00:16.237 [info] > git for-each-ref --sort -committerdate --format %(refname) %(objectname) %(*objectname) [1ms]
2023-02-10 10:00:16.245 [info] > git status -z -uall [14ms]
2023-02-10 10:00:21.270 [info] > git config --get commit.template [6ms]
2023-02-10 10:00:21.270 [info] > git for-each-ref --format=%(refname)%00%(upstream:short)%00%(objectname)%00%(upstream:track)%00%(upstream:remotename)%00%(upstream:remoteref) refs/heads/main refs/remotes/main [2ms]
2023-02-10 10:00:21.284 [info] > git for-each-ref --sort -committerdate --format %(refname) %(objectname) %(*objectname) [2ms]
2023-02-10 10:00:21.291 [info] > git status -z -uall [15ms]
2023-02-10 10:00:49.684 [info] > git config --get commit.template [6ms]
2023-02-10 10:00:49.684 [info] > git for-each-ref --format=%(refname)%00%(upstream:short)%00%(objectname)%00%(upstream:track)%00%(upstream:remotename)%00%(upstream:remoteref) refs/heads/main refs/remotes/main [1ms]
2023-02-10 10:00:49.698 [info] > git for-each-ref --sort -committerdate --format %(refname) %(objectname) %(*objectname) [1ms]
2023-02-10 10:00:49.708 [info] > git status -z -uall [18ms]
2023-02-10 10:00:54.731 [info] > git config --get commit.template [6ms]
2023-02-10 10:00:54.731 [info] > git for-each-ref --format=%(refname)%00%(upstream:short)%00%(objectname)%00%(upstream:track)%00%(upstream:remotename)%00%(upstream:remoteref) refs/heads/main refs/remotes/main [1ms]
2023-02-10 10:00:54.742 [info] > git for-each-ref --sort -committerdate --format %(refname) %(objectname) %(*objectname) [1ms]
2023-02-10 10:00:54.749 [info] > git status -z -uall [13ms]
2023-02-10 10:02:14.945 [info] > git config --get commit.template [6ms]
2023-02-10 10:02:14.946 [info] > git for-each-ref --format=%(refname)%00%(upstream:short)%00%(objectname)%00%(upstream:track)%00%(upstream:remotename)%00%(upstream:remoteref) refs/heads/main refs/remotes/main [1ms]
2023-02-10 10:02:14.958 [info] > git for-each-ref --sort -committerdate --format %(refname) %(objectname) %(*objectname) [2ms]
2023-02-10 10:02:14.968 [info] > git status -z -uall [17ms]
2023-02-10 10:02:19.991 [info] > git config --get commit.template [6ms]
2023-02-10 10:02:19.991 [info] > git for-each-ref --format=%(refname)%00%(upstream:short)%00%(objectname)%00%(upstream:track)%00%(upstream:remotename)%00%(upstream:remoteref) refs/heads/main refs/remotes/main [1ms]
2023-02-10 10:02:20.010 [info] > git for-each-ref --sort -committerdate --format %(refname) %(objectname) %(*objectname) [2ms]
2023-02-10 10:02:20.013 [info] > git status -z -uall [17ms]
2023-02-10 10:03:14.991 [info] > git config --get commit.template [6ms]
2023-02-10 10:03:14.992 [info] > git for-each-ref --format=%(refname)%00%(upstream:short)%00%(objectname)%00%(upstream:track)%00%(upstream:remotename)%00%(upstream:remoteref) refs/heads/main refs/remotes/main [2ms]
2023-02-10 10:03:15.005 [info] > git for-each-ref --sort -committerdate --format %(refname) %(objectname) %(*objectname) [2ms]
2023-02-10 10:03:15.012 [info] > git status -z -uall [15ms]
2023-02-10 10:03:20.029 [info] > git config --get commit.template [6ms]
2023-02-10 10:03:20.030 [info] > git for-each-ref --format=%(refname)%00%(upstream:short)%00%(objectname)%00%(upstream:track)%00%(upstream:remotename)%00%(upstream:remoteref) refs/heads/main refs/remotes/main [2ms]
2023-02-10 10:03:20.043 [info] > git for-each-ref --sort -committerdate --format %(refname) %(objectname) %(*objectname) [2ms]
2023-02-10 10:03:20.063 [info] > git status -z -uall [28ms]
2023-02-10 10:04:22.400 [info] > git config --get commit.template [8ms]
2023-02-10 10:04:22.400 [info] > git for-each-ref --format=%(refname)%00%(upstream:short)%00%(objectname)%00%(upstream:track)%00%(upstream:remotename)%00%(upstream:remoteref) refs/heads/main refs/remotes/main [1ms]
2023-02-10 10:04:22.413 [info] > git for-each-ref --sort -committerdate --format %(refname) %(objectname) %(*objectname) [1ms]
2023-02-10 10:04:22.420 [info] > git status -z -uall [15ms]
2023-02-10 10:04:42.777 [info] > git config --get commit.template [8ms]
2023-02-10 10:04:42.778 [info] > git for-each-ref --format=%(refname)%00%(upstream:short)%00%(objectname)%00%(upstream:track)%00%(upstream:remotename)%00%(upstream:remoteref) refs/heads/main refs/remotes/main [1ms]
2023-02-10 10:04:42.788 [info] > git for-each-ref --sort -committerdate --format %(refname) %(objectname) %(*objectname) [1ms]
2023-02-10 10:04:42.797 [info] > git status -z -uall [15ms]
2023-02-10 10:05:11.227 [info] > git config --get commit.template [7ms]
2023-02-10 10:05:11.227 [info] > git for-each-ref --format=%(refname)%00%(upstream:short)%00%(objectname)%00%(upstream:track)%00%(upstream:remotename)%00%(upstream:remoteref) refs/heads/main refs/remotes/main [1ms]
2023-02-10 10:05:11.240 [info] > git for-each-ref --sort -committerdate --format %(refname) %(objectname) %(*objectname) [1ms]
2023-02-10 10:05:11.247 [info] > git status -z -uall [15ms]
2023-02-10 10:05:20.549 [info] > git config --get commit.template [6ms]
2023-02-10 10:05:20.550 [info] > git for-each-ref --format=%(refname)%00%(upstream:short)%00%(objectname)%00%(upstream:track)%00%(upstream:remotename)%00%(upstream:remoteref) refs/heads/main refs/remotes/main [2ms]
2023-02-10 10:05:20.564 [info] > git for-each-ref --sort -committerdate --format %(refname) %(objectname) %(*objectname) [4ms]
2023-02-10 10:05:20.570 [info] > git status -z -uall [15ms]
2023-02-10 10:05:40.744 [info] > git config --get commit.template [7ms]
2023-02-10 10:05:40.744 [info] > git for-each-ref --format=%(refname)%00%(upstream:short)%00%(objectname)%00%(upstream:track)%00%(upstream:remotename)%00%(upstream:remoteref) refs/heads/main refs/remotes/main [1ms]
2023-02-10 10:05:40.755 [info] > git for-each-ref --sort -committerdate --format %(refname) %(objectname) %(*objectname) [1ms]
2023-02-10 10:05:40.763 [info] > git status -z -uall [14ms]
2023-02-10 10:06:04.019 [info] > git config --get commit.template [7ms]
2023-02-10 10:06:04.020 [info] > git for-each-ref --format=%(refname)%00%(upstream:short)%00%(objectname)%00%(upstream:track)%00%(upstream:remotename)%00%(upstream:remoteref) refs/heads/main refs/remotes/main [1ms]
2023-02-10 10:06:04.031 [info] > git for-each-ref --sort -committerdate --format %(refname) %(objectname) %(*objectname) [1ms]
2023-02-10 10:06:04.038 [info] > git status -z -uall [14ms]
2023-02-10 10:06:47.252 [info] > git config --get commit.template [2ms]
2023-02-10 10:06:47.259 [info] > git for-each-ref --format=%(refname)%00%(upstream:short)%00%(objectname)%00%(upstream:track)%00%(upstream:remotename)%00%(upstream:remoteref) refs/heads/main refs/remotes/main [1ms]
2023-02-10 10:06:47.272 [info] > git for-each-ref --sort -committerdate --format %(refname) %(objectname) %(*objectname) [2ms]
2023-02-10 10:06:47.279 [info] > git status -z -uall [15ms]
2023-02-10 10:06:59.842 [info] > git config --get commit.template [5ms]
2023-02-10 10:06:59.842 [info] > git for-each-ref --format=%(refname)%00%(upstream:short)%00%(objectname)%00%(upstream:track)%00%(upstream:remotename)%00%(upstream:remoteref) refs/heads/main refs/remotes/main [1ms]
2023-02-10 10:06:59.854 [info] > git for-each-ref --sort -committerdate --format %(refname) %(objectname) %(*objectname) [2ms]
2023-02-10 10:06:59.862 [info] > git status -z -uall [15ms]
2023-02-10 10:07:14.297 [info] > git config --get commit.template [6ms]
2023-02-10 10:07:14.297 [info] > git for-each-ref --format=%(refname)%00%(upstream:short)%00%(objectname)%00%(upstream:track)%00%(upstream:remotename)%00%(upstream:remoteref) refs/heads/main refs/remotes/main [1ms]
2023-02-10 10:07:14.309 [info] > git for-each-ref --sort -committerdate --format %(refname) %(objectname) %(*objectname) [1ms]
2023-02-10 10:07:14.316 [info] > git status -z -uall [14ms]
2023-02-10 10:07:36.375 [info] > git config --get commit.template [6ms]
2023-02-10 10:07:36.376 [info] > git for-each-ref --format=%(refname)%00%(upstream:short)%00%(objectname)%00%(upstream:track)%00%(upstream:remotename)%00%(upstream:remoteref) refs/heads/main refs/remotes/main [1ms]
2023-02-10 10:07:36.387 [info] > git for-each-ref --sort -committerdate --format %(refname) %(objectname) %(*objectname) [1ms]
2023-02-10 10:07:36.396 [info] > git status -z -uall [16ms]
2023-02-10 10:07:45.848 [info] > git config --get commit.template [7ms]
2023-02-10 10:07:45.848 [info] > git for-each-ref --format=%(refname)%00%(upstream:short)%00%(objectname)%00%(upstream:track)%00%(upstream:remotename)%00%(upstream:remoteref) refs/heads/main refs/remotes/main [1ms]
2023-02-10 10:07:45.859 [info] > git for-each-ref --sort -committerdate --format %(refname) %(objectname) %(*objectname) [1ms]
2023-02-10 10:07:45.867 [info] > git status -z -uall [15ms]
2023-02-10 10:07:51.381 [info] > git config --get commit.template [6ms]
2023-02-10 10:07:51.382 [info] > git for-each-ref --format=%(refname)%00%(upstream:short)%00%(objectname)%00%(upstream:track)%00%(upstream:remotename)%00%(upstream:remoteref) refs/heads/main refs/remotes/main [1ms]
2023-02-10 10:07:51.395 [info] > git for-each-ref --sort -committerdate --format %(refname) %(objectname) %(*objectname) [1ms]
2023-02-10 10:07:51.403 [info] > git status -z -uall [16ms]
2023-02-10 10:07:56.648 [info] > git show --textconv :workloads/compositions/branching.js [7ms]
2023-02-10 10:07:56.649 [info] > git ls-files --stage -- /users/hy/wsk-harvest/workloads/compositions/branching.js [1ms]
2023-02-10 10:07:56.998 [info] > git config --get commit.template [7ms]
2023-02-10 10:07:56.998 [info] > git for-each-ref --format=%(refname)%00%(upstream:short)%00%(objectname)%00%(upstream:track)%00%(upstream:remotename)%00%(upstream:remoteref) refs/heads/main refs/remotes/main [1ms]
2023-02-10 10:07:57.012 [info] > git for-each-ref --sort -committerdate --format %(refname) %(objectname) %(*objectname) [2ms]
2023-02-10 10:07:57.017 [info] > git status -z -uall [13ms]
2023-02-10 10:08:02.375 [info] > git config --get commit.template [10ms]
2023-02-10 10:08:02.376 [info] > git for-each-ref --format=%(refname)%00%(upstream:short)%00%(objectname)%00%(upstream:track)%00%(upstream:remotename)%00%(upstream:remoteref) refs/heads/main refs/remotes/main [2ms]
2023-02-10 10:08:02.388 [info] > git for-each-ref --sort -committerdate --format %(refname) %(objectname) %(*objectname) [1ms]
2023-02-10 10:08:02.396 [info] > git status -z -uall [15ms]
2023-02-10 10:09:33.791 [info] > git rev-parse --show-toplevel [1ms]
2023-02-10 10:09:33.791 [info] fatal: not a git repository (or any of the parent directories): .git
2023-02-10 10:16:04.988 [info] > git rev-parse --show-toplevel [7ms]
2023-02-10 10:16:04.988 [info] fatal: not a git repository (or any of the parent directories): .git
2023-02-10 10:17:33.742 [info] > git check-ignore -v -z --stdin [3ms]
2023-02-10 10:17:33.771 [info] > git show --textconv :workloads/compositions/sequential.json [7ms]
2023-02-10 10:17:33.773 [info] > git ls-files --stage -- /users/hy/wsk-harvest/workloads/compositions/sequential.json [2ms]
2023-02-10 10:17:34.097 [info] > git config --get commit.template [1ms]
2023-02-10 10:17:34.103 [info] > git for-each-ref --format=%(refname)%00%(upstream:short)%00%(objectname)%00%(upstream:track)%00%(upstream:remotename)%00%(upstream:remoteref) refs/heads/main refs/remotes/main [1ms]
2023-02-10 10:17:34.114 [info] > git for-each-ref --sort -committerdate --format %(refname) %(objectname) %(*objectname) [1ms]
2023-02-10 10:17:34.122 [info] > git status -z -uall [14ms]
